Using pre-set license
Built from '2021.3/staging' branch; Version is '2021.3.26f1 (a16dc32e0ff2) revision 10579395'; Using compiler version '192829333'; Build Type 'Release'
OS: 'Windows 11  (10.0.26100) 64bit Professional' Language: 'ru' Physical Memory: 32677 MB
BatchMode: 1, IsHumanControllingUs: 0, StartBugReporterOnCrash: 0, Is64bit: 1, IsPro: 1

COMMAND LINE ARGUMENTS:
C:\Program Files\Unity\Hub\Editor\2021.3.26f1\Editor\Unity.exe
-adb2
-batchMode
-noUpm
-name
AssetImportWorker2
-projectPath
D:/UnityProjects/GardenOfDreams
-logFile
Logs/AssetImportWorker2.log
-srvPort
64710
Successfully changed project path to: D:/UnityProjects/GardenOfDreams
D:/UnityProjects/GardenOfDreams
[UnityMemory] Configuration Parameters - Can be set up in boot.config
    "memorysetup-bucket-allocator-granularity=16"
    "memorysetup-bucket-allocator-bucket-count=8"
    "memorysetup-bucket-allocator-block-size=33554432"
    "memorysetup-bucket-allocator-block-count=8"
    "memorysetup-main-allocator-block-size=16777216"
    "memorysetup-thread-allocator-block-size=16777216"
    "memorysetup-gfx-main-allocator-block-size=16777216"
    "memorysetup-gfx-thread-allocator-block-size=16777216"
    "memorysetup-cache-allocator-block-size=4194304"
    "memorysetup-typetree-allocator-block-size=2097152"
    "memorysetup-profiler-bucket-allocator-granularity=16"
    "memorysetup-profiler-bucket-allocator-bucket-count=8"
    "memorysetup-profiler-bucket-allocator-block-size=33554432"
    "memorysetup-profiler-bucket-allocator-block-count=8"
    "memorysetup-profiler-allocator-block-size=16777216"
    "memorysetup-profiler-editor-allocator-block-size=1048576"
    "memorysetup-temp-allocator-size-main=16777216"
    "memorysetup-job-temp-allocator-block-size=2097152"
    "memorysetup-job-temp-allocator-block-size-background=1048576"
    "memorysetup-job-temp-allocator-reduction-small-platforms=262144"
    "memorysetup-temp-allocator-size-background-worker=32768"
    "memorysetup-temp-allocator-size-job-worker=262144"
    "memorysetup-temp-allocator-size-preload-manager=33554432"
    "memorysetup-temp-allocator-size-nav-mesh-worker=65536"
    "memorysetup-temp-allocator-size-audio-worker=65536"
    "memorysetup-temp-allocator-size-cloud-worker=32768"
    "memorysetup-temp-allocator-size-gi-baking-worker=262144"
    "memorysetup-temp-allocator-size-gfx=262144"
Player connection [24296] Host "[IP] 192.168.88.25 [Port] 0 [Flags] 2 [Guid] 3232460395 [EditorId] 3232460395 [Version] 1048832 [Id] WindowsEditor(7,Fellar) [Debug] 1 [PackageName] WindowsEditor [ProjectName] Editor" joined multi-casting on [225.0.0.222:54997]...

Player connection [24296] Host "[IP] 192.168.88.25 [Port] 0 [Flags] 2 [Guid] 3232460395 [EditorId] 3232460395 [Version] 1048832 [Id] WindowsEditor(7,Fellar) [Debug] 1 [PackageName] WindowsEditor [ProjectName] Editor" joined alternative multi-casting on [225.0.0.222:34997]...

Refreshing native plugins compatible for Editor in 53.33 ms, found 3 plugins.
Preloading 0 native plugins for Editor in 0.00 ms.
Initialize engine version: 2021.3.26f1 (a16dc32e0ff2)
[Subsystems] Discovering subsystems at path C:/Program Files/Unity/Hub/Editor/2021.3.26f1/Editor/Data/Resources/UnitySubsystems
[Subsystems] Discovering subsystems at path D:/UnityProjects/GardenOfDreams/Assets
GfxDevice: creating device client; threaded=0; jobified=0
Direct3D:
    Version:  Direct3D 11.0 [level 11.1]
    Renderer: NVIDIA GeForce GTX 1080 (ID=0x1b80)
    Vendor:   NVIDIA
    VRAM:     8059 MB
    Driver:   32.0.15.6636
Initialize mono
Mono path[0] = 'C:/Program Files/Unity/Hub/Editor/2021.3.26f1/Editor/Data/Managed'
Mono path[1] = 'C:/Program Files/Unity/Hub/Editor/2021.3.26f1/Editor/Data/MonoBleedingEdge/lib/mono/unityjit-win32'
Mono config path = 'C:/Program Files/Unity/Hub/Editor/2021.3.26f1/Editor/Data/MonoBleedingEdge/etc'
Using monoOptions --debugger-agent=transport=dt_socket,embedding=1,server=y,suspend=n,address=127.0.0.1:56960
Begin MonoManager ReloadAssembly
Registering precompiled unity dll's ...
Register platform support module: C:/Program Files/Unity/Hub/Editor/2021.3.26f1/Editor/Data/PlaybackEngines/WebGLSupport/UnityEditor.WebGL.Extensions.dll
Register platform support module: C:/Program Files/Unity/Hub/Editor/2021.3.26f1/Editor/Data/PlaybackEngines/AndroidPlayer/UnityEditor.Android.Extensions.dll
Register platform support module: C:/Program Files/Unity/Hub/Editor/2021.3.26f1/Editor/Data/PlaybackEngines/WindowsStandaloneSupport/UnityEditor.WindowsStandalone.Extensions.dll
Registered in 0.006409 seconds.
Native extension for WindowsStandalone target not found
Native extension for Android target not found
Android Extension - Scanning For ADB Devices 239 ms
Native extension for WebGL target not found
Refreshing native plugins compatible for Editor in 54.67 ms, found 3 plugins.
Preloading 0 native plugins for Editor in 0.00 ms.
Mono: successfully reloaded assembly
- Completed reload, in  0.760 seconds
Domain Reload Profiling:
	ReloadAssembly (761ms)
		BeginReloadAssembly (66ms)
			ExecutionOrderSort (0ms)
			DisableScriptedObjects (0ms)
			BackupInstance (0ms)
			ReleaseScriptingObjects (0ms)
			CreateAndSetChildDomain (1ms)
		EndReloadAssembly (614ms)
			LoadAssemblies (65ms)
			RebuildTransferFunctionScriptingTraits (0ms)
			SetupTypeCache (78ms)
			ReleaseScriptCaches (0ms)
			RebuildScriptCaches (20ms)
			SetupLoadedEditorAssemblies (475ms)
				LogAssemblyErrors (0ms)
				InitializePlatformSupportModulesInManaged (309ms)
				SetLoadedEditorAssemblies (0ms)
				RefreshPlugins (55ms)
				BeforeProcessingInitializeOnLoad (1ms)
				ProcessInitializeOnLoadAttributes (72ms)
				ProcessInitializeOnLoadMethodAttributes (38ms)
				AfterProcessingInitializeOnLoad (0ms)
				EditorAssembliesLoaded (0ms)
			ExecutionOrderSort2 (0ms)
			AwakeInstancesAfterBackupRestoration (0ms)
Platform modules already initialized, skipping
Registering precompiled user dll's ...
Registered in 0.002811 seconds.
Begin MonoManager ReloadAssembly
Symbol file LoadedFromMemory doesn't match image D:\UnityProjects\GardenOfDreams\Library\PackageCache\com.unity.visualscripting@1.8.0\Editor\VisualScripting.Core\Dependencies\YamlDotNet\Unity.VisualScripting.YamlDotNet.dll
Symbol file LoadedFromMemory doesn't match image D:\UnityProjects\GardenOfDreams\Library\PackageCache\com.unity.visualscripting@1.8.0\Editor\VisualScripting.Core\Dependencies\DotNetZip\Unity.VisualScripting.IonicZip.dll
Native extension for WindowsStandalone target not found
Native extension for Android target not found
Native extension for WebGL target not found
Refreshing native plugins compatible for Editor in 0.79 ms, found 3 plugins.
Preloading 0 native plugins for Editor in 0.00 ms.
Mono: successfully reloaded assembly
- Completed reload, in  0.772 seconds
Domain Reload Profiling:
	ReloadAssembly (773ms)
		BeginReloadAssembly (96ms)
			ExecutionOrderSort (0ms)
			DisableScriptedObjects (5ms)
			BackupInstance (0ms)
			ReleaseScriptingObjects (0ms)
			CreateAndSetChildDomain (17ms)
		EndReloadAssembly (594ms)
			LoadAssemblies (76ms)
			RebuildTransferFunctionScriptingTraits (0ms)
			SetupTypeCache (189ms)
			ReleaseScriptCaches (0ms)
			RebuildScriptCaches (33ms)
			SetupLoadedEditorAssemblies (271ms)
				LogAssemblyErrors (0ms)
				InitializePlatformSupportModulesInManaged (20ms)
				SetLoadedEditorAssemblies (1ms)
				RefreshPlugins (1ms)
				BeforeProcessingInitializeOnLoad (62ms)
				ProcessInitializeOnLoadAttributes (166ms)
				ProcessInitializeOnLoadMethodAttributes (16ms)
				AfterProcessingInitializeOnLoad (6ms)
				EditorAssembliesLoaded (0ms)
			ExecutionOrderSort2 (0ms)
			AwakeInstancesAfterBackupRestoration (5ms)
Platform modules already initialized, skipping
========================================================================
Worker process is ready to serve import requests
Launched and connected shader compiler UnityShaderCompiler.exe after 0.04 seconds
Refreshing native plugins compatible for Editor in 0.75 ms, found 3 plugins.
Preloading 0 native plugins for Editor in 0.00 ms.
Unloading 3053 Unused Serialized files (Serialized files now loaded: 0)
Unloading 22 unused Assets / (284.4 KB). Loaded Objects now: 3543.
Memory consumption went from 125.6 MB to 125.3 MB.
Total: 3.207600 ms (FindLiveObjects: 0.242900 ms CreateObjectMapping: 0.197800 ms MarkObjects: 2.677600 ms  DeleteObjects: 0.088500 ms)

AssetImportParameters requested are different than current active one (requested -> active):
  custom:video-decoder-ogg-theora: a1e56fd34408186e4bbccfd4996cb3dc -> 
  custom:container-muxer-webm: aa71ff27fc2769a1b78a27578f13a17b -> 
  custom:container-demuxer-webm: 4f35f7cbe854078d1ac9338744f61a02 -> 
  custom:video-encoder-webm-vp8: eb34c28f22e8b96e1ab97ce403110664 -> 
  custom:video-codec-MediaFoundation-h265: 746d11721c4dcdbdad8f713fa42b33f4 -> 
  custom:audio-encoder-webm-vorbis: bf7c407c2cedff20999df2af8eb42d56 -> 
  custom:framework-win-MediaFoundation: 216162199b28c13a410421893ffa2e32 -> 
  custom:container-demuxer-ogg: 62fdf1f143b41e24485cea50d1cbac27 -> 
  custom:video-decoder-webm-vp8: 9c59270c3fd7afecdb556c50c9e8de78 -> 
  custom:audio-decoder-ogg-vorbis: bf7c407c2cedff20999df2af8eb42d56 -> 
========================================================================
Received Import Request.
  Time since last request: 44264.848656 seconds.
  path: Assets/Terrain/TerrainData_65cb403c-2c0f-4fdd-a99a-4a48c9b5218f.asset
  artifactKey: Guid(d0125facc0ad6bc41a823ec5da5f57b8) Importer(815301076,1909f56bfc062723c751e8b465ee728b)
Start importing Assets/Terrain/TerrainData_65cb403c-2c0f-4fdd-a99a-4a48c9b5218f.asset using Guid(d0125facc0ad6bc41a823ec5da5f57b8) Importer(815301076,1909f56bfc062723c751e8b465ee728b) The tree Tree_06 must use the Nature/Soft Occlusion shader. Otherwise billboarding/lighting will not work correctly.
 -> (artifact id: 'e952454a4d25850458ecf5738ed4f4f2') in 0.090747 seconds 
========================================================================
Received Import Request.
  Time since last request: 0.000019 seconds.
  path: Assets/Terrain/LevelTerrain00.asset
  artifactKey: Guid(0a9f1e4fd2fa1424e87ebf806c7a8fbe) Importer(815301076,1909f56bfc062723c751e8b465ee728b)
Start importing Assets/Terrain/LevelTerrain00.asset using Guid(0a9f1e4fd2fa1424e87ebf806c7a8fbe) Importer(815301076,1909f56bfc062723c751e8b465ee728b) The tree Tree_06 must use the Nature/Soft Occlusion shader. Otherwise billboarding/lighting will not work correctly.
 -> (artifact id: '1ff001ca82749dfd6ff6e7547ff49045') in 0.023480 seconds 
========================================================================
Received Import Request.
  Time since last request: 0.000030 seconds.
  path: Assets/Terrain/TerrainData_1b97e66d-c8d2-434e-875f-afd21b46d5e8.asset
  artifactKey: Guid(d8fac9706f6b0294cb601e41c203cc9f) Importer(815301076,1909f56bfc062723c751e8b465ee728b)
Start importing Assets/Terrain/TerrainData_1b97e66d-c8d2-434e-875f-afd21b46d5e8.asset using Guid(d8fac9706f6b0294cb601e41c203cc9f) Importer(815301076,1909f56bfc062723c751e8b465ee728b) The tree Tree_06 must use the Nature/Soft Occlusion shader. Otherwise billboarding/lighting will not work correctly.
 -> (artifact id: '224f127d2aa0091167ad0e37b52ac795') in 0.018794 seconds 
========================================================================
Received Import Request.
  Time since last request: 6.965737 seconds.
  path: Assets/TerrainLayers/Textures/Dirt
  artifactKey: Guid(22083d95b4249964287aee78fd90c573) Importer(815301076,1909f56bfc062723c751e8b465ee728b)
Start importing Assets/TerrainLayers/Textures/Dirt using Guid(22083d95b4249964287aee78fd90c573) Importer(815301076,1909f56bfc062723c751e8b465ee728b)  -> (artifact id: '1bbbf713fa5ccb0baa195d6595309ece') in 0.001035 seconds 
========================================================================
Received Import Request.
  Time since last request: 21.739447 seconds.
  path: Assets/TerrainLayers/Textures/Dirt/dirt_overdesatured/dirt_overdesatured_down.png
  artifactKey: Guid(f1c4c6bce19b05f48aa26fb0b06fd7e0) Importer(815301076,1909f56bfc062723c751e8b465ee728b)
Start importing Assets/TerrainLayers/Textures/Dirt/dirt_overdesatured/dirt_overdesatured_down.png using Guid(f1c4c6bce19b05f48aa26fb0b06fd7e0) Importer(815301076,1909f56bfc062723c751e8b465ee728b)  -> (artifact id: '48a33d953fe96a661a414533d41887c8') in 0.014817 seconds 
========================================================================
Received Import Request.
  Time since last request: 60.372187 seconds.
  path: Assets/TerrainLayers/03.png
  artifactKey: Guid(16fdc16af892fc745890a4d5720a58dd) Importer(815301076,1909f56bfc062723c751e8b465ee728b)
Start importing Assets/TerrainLayers/03.png using Guid(16fdc16af892fc745890a4d5720a58dd) Importer(815301076,1909f56bfc062723c751e8b465ee728b)  -> (artifact id: 'd5f22b6f7fcb6890d813c4212ab9f7c9') in 0.009022 seconds 
========================================================================
Received Import Request.
  Time since last request: 7.318316 seconds.
  path: Assets/TerrainLayers/01.terrainlayer
  artifactKey: Guid(d5d5a56e581314b45bc87cf717f146a9) Importer(815301076,1909f56bfc062723c751e8b465ee728b)
Start importing Assets/TerrainLayers/01.terrainlayer using Guid(d5d5a56e581314b45bc87cf717f146a9) Importer(815301076,1909f56bfc062723c751e8b465ee728b)  -> (artifact id: '384ac3574d669b4fd1326bd5b41304aa') in 0.009988 seconds 
========================================================================
Received Import Request.
  Time since last request: 6.118706 seconds.
  path: Assets/TerrainLayers/01layer.terrainlayer
  artifactKey: Guid(d5d5a56e581314b45bc87cf717f146a9) Importer(815301076,1909f56bfc062723c751e8b465ee728b)
Start importing Assets/TerrainLayers/01layer.terrainlayer using Guid(d5d5a56e581314b45bc87cf717f146a9) Importer(815301076,1909f56bfc062723c751e8b465ee728b)  -> (artifact id: 'a9333593cd922ba7e2d0a4dba228cb0b') in 0.011014 seconds 
========================================================================
Received Import Request.
  Time since last request: 3.344888 seconds.
  path: Assets/TerrainLayers/00layer.terrainlayer
  artifactKey: Guid(bd09f0681f28b484fb0610ef52f7254c) Importer(815301076,1909f56bfc062723c751e8b465ee728b)
Start importing Assets/TerrainLayers/00layer.terrainlayer using Guid(bd09f0681f28b484fb0610ef52f7254c) Importer(815301076,1909f56bfc062723c751e8b465ee728b)  -> (artifact id: '4131350de14af677756f81cfbb56e1fc') in 0.008320 seconds 
========================================================================
Received Import Request.
  Time since last request: 3.164414 seconds.
  path: Assets/TerrainLayers/02layer.terrainlayer
  artifactKey: Guid(0f4c7a21d9678e542a477fd5229167fa) Importer(815301076,1909f56bfc062723c751e8b465ee728b)
Start importing Assets/TerrainLayers/02layer.terrainlayer using Guid(0f4c7a21d9678e542a477fd5229167fa) Importer(815301076,1909f56bfc062723c751e8b465ee728b)  -> (artifact id: 'ad2b058d0e52955711d10803ff2036ab') in 0.007160 seconds 
========================================================================
Received Import Request.
  Time since last request: 7.831680 seconds.
  path: Assets/TerrainLayers/03layer.terrainlayer
  artifactKey: Guid(9d3c14d093c5efa488e582f9a1b2f663) Importer(815301076,1909f56bfc062723c751e8b465ee728b)
Start importing Assets/TerrainLayers/03layer.terrainlayer using Guid(9d3c14d093c5efa488e582f9a1b2f663) Importer(815301076,1909f56bfc062723c751e8b465ee728b)  -> (artifact id: '395fa02527413203b2ebac61c46f018c') in 0.007141 seconds 
========================================================================
Received Import Request.
  Time since last request: 1.506255 seconds.
  path: Assets/TerrainLayers/04layer.terrainlayer
  artifactKey: Guid(8f32cc9883b377b4ebc3538ba838bff4) Importer(815301076,1909f56bfc062723c751e8b465ee728b)
Start importing Assets/TerrainLayers/04layer.terrainlayer using Guid(8f32cc9883b377b4ebc3538ba838bff4) Importer(815301076,1909f56bfc062723c751e8b465ee728b)  -> (artifact id: 'a5d4fcfaa95313901c2fa2989d824bc3') in 0.007059 seconds 
========================================================================
Received Import Request.
  Time since last request: 1.064552 seconds.
  path: Assets/TerrainLayers/05layer.terrainlayer
  artifactKey: Guid(3d4206861a951f648b37ee22d964bf26) Importer(815301076,1909f56bfc062723c751e8b465ee728b)
Start importing Assets/TerrainLayers/05layer.terrainlayer using Guid(3d4206861a951f648b37ee22d964bf26) Importer(815301076,1909f56bfc062723c751e8b465ee728b)  -> (artifact id: '57e0dba4e94f426d9626ac7f50b07f56') in 0.007543 seconds 
========================================================================
Received Import Request.
  Time since last request: 1.809322 seconds.
  path: Assets/TerrainLayers/06layer.terrainlayer
  artifactKey: Guid(799b17a5976350a4699e3fe5773d8e83) Importer(815301076,1909f56bfc062723c751e8b465ee728b)
Start importing Assets/TerrainLayers/06layer.terrainlayer using Guid(799b17a5976350a4699e3fe5773d8e83) Importer(815301076,1909f56bfc062723c751e8b465ee728b)  -> (artifact id: '7db2a90214cd1e6fd9d87b057b407e14') in 0.009095 seconds 
========================================================================
Received Import Request.
  Time since last request: 7.548549 seconds.
  path: Assets/TerrainLayers/05tex.png
  artifactKey: Guid(7334f41aedeae534fb57921b121a9f1f) Importer(815301076,1909f56bfc062723c751e8b465ee728b)
Start importing Assets/TerrainLayers/05tex.png using Guid(7334f41aedeae534fb57921b121a9f1f) Importer(815301076,1909f56bfc062723c751e8b465ee728b)  -> (artifact id: 'efefbc23dc627f87cd90fe55c942ed8b') in 0.009739 seconds 
========================================================================
Received Import Request.
  Time since last request: 6.976213 seconds.
  path: Assets/TerrainLayers/06layer.terrainlayer
  artifactKey: Guid(799b17a5976350a4699e3fe5773d8e83) Importer(815301076,1909f56bfc062723c751e8b465ee728b)
Start importing Assets/TerrainLayers/06layer.terrainlayer using Guid(799b17a5976350a4699e3fe5773d8e83) Importer(815301076,1909f56bfc062723c751e8b465ee728b)  -> (artifact id: '103d0a4fbc4456ee0e70d325adb312c8') in 0.008091 seconds 
========================================================================
Received Import Request.
  Time since last request: 2.736400 seconds.
  path: Assets/TerrainLayers/05layer.terrainlayer
  artifactKey: Guid(3d4206861a951f648b37ee22d964bf26) Importer(815301076,1909f56bfc062723c751e8b465ee728b)
Start importing Assets/TerrainLayers/05layer.terrainlayer using Guid(3d4206861a951f648b37ee22d964bf26) Importer(815301076,1909f56bfc062723c751e8b465ee728b)  -> (artifact id: '76d8a39c45e94a9b94a0fbb87b8e40ab') in 0.010167 seconds 
========================================================================
Received Import Request.
  Time since last request: 4.493101 seconds.
  path: Assets/TerrainLayers/02layer.terrainlayer
  artifactKey: Guid(0f4c7a21d9678e542a477fd5229167fa) Importer(815301076,1909f56bfc062723c751e8b465ee728b)
Start importing Assets/TerrainLayers/02layer.terrainlayer using Guid(0f4c7a21d9678e542a477fd5229167fa) Importer(815301076,1909f56bfc062723c751e8b465ee728b)  -> (artifact id: '9371c2292f04e08cd84447838213ba7a') in 0.010547 seconds 
========================================================================
Received Import Request.
  Time since last request: 6.990393 seconds.
  path: Assets/TerrainLayers/04layer.terrainlayer
  artifactKey: Guid(8f32cc9883b377b4ebc3538ba838bff4) Importer(815301076,1909f56bfc062723c751e8b465ee728b)
Start importing Assets/TerrainLayers/04layer.terrainlayer using Guid(8f32cc9883b377b4ebc3538ba838bff4) Importer(815301076,1909f56bfc062723c751e8b465ee728b)  -> (artifact id: '94683d330a6727181cf602a426b0eaf4') in 0.008079 seconds 
========================================================================
Received Import Request.
  Time since last request: 3.538118 seconds.
  path: Assets/TerrainLayers/00layer.terrainlayer
  artifactKey: Guid(bd09f0681f28b484fb0610ef52f7254c) Importer(815301076,1909f56bfc062723c751e8b465ee728b)
Start importing Assets/TerrainLayers/00layer.terrainlayer using Guid(bd09f0681f28b484fb0610ef52f7254c) Importer(815301076,1909f56bfc062723c751e8b465ee728b)  -> (artifact id: '21fb099a17fd56864188d9afeec72785') in 0.010723 seconds 
========================================================================
Received Import Request.
  Time since last request: 12.666496 seconds.
  path: Assets/TerrainLayers/03layer.terrainlayer
  artifactKey: Guid(9d3c14d093c5efa488e582f9a1b2f663) Importer(815301076,1909f56bfc062723c751e8b465ee728b)
Start importing Assets/TerrainLayers/03layer.terrainlayer using Guid(9d3c14d093c5efa488e582f9a1b2f663) Importer(815301076,1909f56bfc062723c751e8b465ee728b)  -> (artifact id: 'ed820973e896d80bae7c2489cb6ae6aa') in 0.009346 seconds 
