Using pre-set license
Built from '2021.3/staging' branch; Version is '2021.3.26f1 (a16dc32e0ff2) revision 10579395'; Using compiler version '192829333'; Build Type 'Release'
OS: 'Windows 11  (10.0.26100) 64bit Professional' Language: 'ru' Physical Memory: 32677 MB
BatchMode: 1, IsHumanControllingUs: 0, StartBugReporterOnCrash: 0, Is64bit: 1, IsPro: 1

COMMAND LINE ARGUMENTS:
C:\Program Files\Unity\Hub\Editor\2021.3.26f1\Editor\Unity.exe
-adb2
-batchMode
-noUpm
-name
AssetImportWorker7
-projectPath
D:/UnityProjects/GardenOfDreams
-logFile
Logs/AssetImportWorker7.log
-srvPort
56624
Successfully changed project path to: D:/UnityProjects/GardenOfDreams
D:/UnityProjects/GardenOfDreams
[UnityMemory] Configuration Parameters - Can be set up in boot.config
    "memorysetup-bucket-allocator-granularity=16"
    "memorysetup-bucket-allocator-bucket-count=8"
    "memorysetup-bucket-allocator-block-size=33554432"
    "memorysetup-bucket-allocator-block-count=8"
    "memorysetup-main-allocator-block-size=16777216"
    "memorysetup-thread-allocator-block-size=16777216"
    "memorysetup-gfx-main-allocator-block-size=16777216"
    "memorysetup-gfx-thread-allocator-block-size=16777216"
    "memorysetup-cache-allocator-block-size=4194304"
    "memorysetup-typetree-allocator-block-size=2097152"
    "memorysetup-profiler-bucket-allocator-granularity=16"
    "memorysetup-profiler-bucket-allocator-bucket-count=8"
    "memorysetup-profiler-bucket-allocator-block-size=33554432"
    "memorysetup-profiler-bucket-allocator-block-count=8"
    "memorysetup-profiler-allocator-block-size=16777216"
    "memorysetup-profiler-editor-allocator-block-size=1048576"
    "memorysetup-temp-allocator-size-main=16777216"
    "memorysetup-job-temp-allocator-block-size=2097152"
    "memorysetup-job-temp-allocator-block-size-background=1048576"
    "memorysetup-job-temp-allocator-reduction-small-platforms=262144"
    "memorysetup-temp-allocator-size-background-worker=32768"
    "memorysetup-temp-allocator-size-job-worker=262144"
    "memorysetup-temp-allocator-size-preload-manager=33554432"
    "memorysetup-temp-allocator-size-nav-mesh-worker=65536"
    "memorysetup-temp-allocator-size-audio-worker=65536"
    "memorysetup-temp-allocator-size-cloud-worker=32768"
    "memorysetup-temp-allocator-size-gi-baking-worker=262144"
    "memorysetup-temp-allocator-size-gfx=262144"
Player connection [26164] Host "[IP] 192.168.88.25 [Port] 0 [Flags] 2 [Guid] 1653831238 [EditorId] 1653831238 [Version] 1048832 [Id] WindowsEditor(7,Fellar) [Debug] 1 [PackageName] WindowsEditor [ProjectName] Editor" joined multi-casting on [225.0.0.222:54997]...

Player connection [26164] Host "[IP] 192.168.88.25 [Port] 0 [Flags] 2 [Guid] 1653831238 [EditorId] 1653831238 [Version] 1048832 [Id] WindowsEditor(7,Fellar) [Debug] 1 [PackageName] WindowsEditor [ProjectName] Editor" joined alternative multi-casting on [225.0.0.222:34997]...

Refreshing native plugins compatible for Editor in 55.30 ms, found 3 plugins.
Preloading 0 native plugins for Editor in 0.00 ms.
Initialize engine version: 2021.3.26f1 (a16dc32e0ff2)
[Subsystems] Discovering subsystems at path C:/Program Files/Unity/Hub/Editor/2021.3.26f1/Editor/Data/Resources/UnitySubsystems
[Subsystems] Discovering subsystems at path D:/UnityProjects/GardenOfDreams/Assets
GfxDevice: creating device client; threaded=0; jobified=0
Direct3D:
    Version:  Direct3D 11.0 [level 11.1]
    Renderer: NVIDIA GeForce GTX 1080 (ID=0x1b80)
    Vendor:   NVIDIA
    VRAM:     8059 MB
    Driver:   32.0.15.6636
Initialize mono
Mono path[0] = 'C:/Program Files/Unity/Hub/Editor/2021.3.26f1/Editor/Data/Managed'
Mono path[1] = 'C:/Program Files/Unity/Hub/Editor/2021.3.26f1/Editor/Data/MonoBleedingEdge/lib/mono/unityjit-win32'
Mono config path = 'C:/Program Files/Unity/Hub/Editor/2021.3.26f1/Editor/Data/MonoBleedingEdge/etc'
Using monoOptions --debugger-agent=transport=dt_socket,embedding=1,server=y,suspend=n,address=127.0.0.1:56160
Begin MonoManager ReloadAssembly
Registering precompiled unity dll's ...
Register platform support module: C:/Program Files/Unity/Hub/Editor/2021.3.26f1/Editor/Data/PlaybackEngines/WebGLSupport/UnityEditor.WebGL.Extensions.dll
Register platform support module: C:/Program Files/Unity/Hub/Editor/2021.3.26f1/Editor/Data/PlaybackEngines/AndroidPlayer/UnityEditor.Android.Extensions.dll
Register platform support module: C:/Program Files/Unity/Hub/Editor/2021.3.26f1/Editor/Data/PlaybackEngines/WindowsStandaloneSupport/UnityEditor.WindowsStandalone.Extensions.dll
Registered in 0.005081 seconds.
Native extension for WindowsStandalone target not found
Native extension for Android target not found
Android Extension - Scanning For ADB Devices 234 ms
Native extension for WebGL target not found
Refreshing native plugins compatible for Editor in 57.99 ms, found 3 plugins.
Preloading 0 native plugins for Editor in 0.00 ms.
Mono: successfully reloaded assembly
- Completed reload, in  0.756 seconds
Domain Reload Profiling:
	ReloadAssembly (756ms)
		BeginReloadAssembly (76ms)
			ExecutionOrderSort (0ms)
			DisableScriptedObjects (0ms)
			BackupInstance (0ms)
			ReleaseScriptingObjects (0ms)
			CreateAndSetChildDomain (1ms)
		EndReloadAssembly (601ms)
			LoadAssemblies (75ms)
			RebuildTransferFunctionScriptingTraits (0ms)
			SetupTypeCache (77ms)
			ReleaseScriptCaches (0ms)
			RebuildScriptCaches (19ms)
			SetupLoadedEditorAssemblies (465ms)
				LogAssemblyErrors (0ms)
				InitializePlatformSupportModulesInManaged (302ms)
				SetLoadedEditorAssemblies (0ms)
				RefreshPlugins (58ms)
				BeforeProcessingInitializeOnLoad (1ms)
				ProcessInitializeOnLoadAttributes (70ms)
				ProcessInitializeOnLoadMethodAttributes (33ms)
				AfterProcessingInitializeOnLoad (0ms)
				EditorAssembliesLoaded (0ms)
			ExecutionOrderSort2 (0ms)
			AwakeInstancesAfterBackupRestoration (0ms)
Platform modules already initialized, skipping
Registering precompiled user dll's ...
Registered in 0.002930 seconds.
Begin MonoManager ReloadAssembly
Symbol file LoadedFromMemory doesn't match image D:\UnityProjects\GardenOfDreams\Library\PackageCache\com.unity.visualscripting@1.8.0\Editor\VisualScripting.Core\Dependencies\YamlDotNet\Unity.VisualScripting.YamlDotNet.dll
Symbol file LoadedFromMemory doesn't match image D:\UnityProjects\GardenOfDreams\Library\PackageCache\com.unity.visualscripting@1.8.0\Editor\VisualScripting.Core\Dependencies\DotNetZip\Unity.VisualScripting.IonicZip.dll
Native extension for WindowsStandalone target not found
Native extension for Android target not found
Native extension for WebGL target not found
Refreshing native plugins compatible for Editor in 0.47 ms, found 3 plugins.
Preloading 0 native plugins for Editor in 0.00 ms.
Mono: successfully reloaded assembly
- Completed reload, in  0.737 seconds
Domain Reload Profiling:
	ReloadAssembly (738ms)
		BeginReloadAssembly (91ms)
			ExecutionOrderSort (0ms)
			DisableScriptedObjects (5ms)
			BackupInstance (0ms)
			ReleaseScriptingObjects (0ms)
			CreateAndSetChildDomain (15ms)
		EndReloadAssembly (566ms)
			LoadAssemblies (66ms)
			RebuildTransferFunctionScriptingTraits (0ms)
			SetupTypeCache (183ms)
			ReleaseScriptCaches (0ms)
			RebuildScriptCaches (36ms)
			SetupLoadedEditorAssemblies (256ms)
				LogAssemblyErrors (0ms)
				InitializePlatformSupportModulesInManaged (17ms)
				SetLoadedEditorAssemblies (0ms)
				RefreshPlugins (1ms)
				BeforeProcessingInitializeOnLoad (54ms)
				ProcessInitializeOnLoadAttributes (163ms)
				ProcessInitializeOnLoadMethodAttributes (15ms)
				AfterProcessingInitializeOnLoad (5ms)
				EditorAssembliesLoaded (0ms)
			ExecutionOrderSort2 (0ms)
			AwakeInstancesAfterBackupRestoration (5ms)
Platform modules already initialized, skipping
========================================================================
Worker process is ready to serve import requests
Launched and connected shader compiler UnityShaderCompiler.exe after 0.03 seconds
Refreshing native plugins compatible for Editor in 0.48 ms, found 3 plugins.
Preloading 0 native plugins for Editor in 0.00 ms.
Unloading 3053 Unused Serialized files (Serialized files now loaded: 0)
Unloading 22 unused Assets / (285.0 KB). Loaded Objects now: 3544.
Memory consumption went from 126.0 MB to 125.7 MB.
Total: 2.400500 ms (FindLiveObjects: 0.156900 ms CreateObjectMapping: 0.069800 ms MarkObjects: 2.111200 ms  DeleteObjects: 0.061900 ms)

AssetImportParameters requested are different than current active one (requested -> active):
  custom:video-decoder-ogg-theora: a1e56fd34408186e4bbccfd4996cb3dc -> 
  custom:container-muxer-webm: aa71ff27fc2769a1b78a27578f13a17b -> 
  custom:container-demuxer-webm: 4f35f7cbe854078d1ac9338744f61a02 -> 
  custom:video-encoder-webm-vp8: eb34c28f22e8b96e1ab97ce403110664 -> 
  custom:video-codec-MediaFoundation-h265: 746d11721c4dcdbdad8f713fa42b33f4 -> 
  custom:audio-encoder-webm-vorbis: bf7c407c2cedff20999df2af8eb42d56 -> 
  custom:framework-win-MediaFoundation: 216162199b28c13a410421893ffa2e32 -> 
  custom:container-demuxer-ogg: 62fdf1f143b41e24485cea50d1cbac27 -> 
  custom:video-decoder-webm-vp8: 9c59270c3fd7afecdb556c50c9e8de78 -> 
  custom:audio-decoder-ogg-vorbis: bf7c407c2cedff20999df2af8eb42d56 -> 
========================================================================
Received Import Request.
  Time since last request: 125597.373418 seconds.
  path: Assets/Environment/_Resources/Materials/_Purple.mat
  artifactKey: Guid(d2b52f25b565acf45a5d545fd4198666) Importer(815301076,1909f56bfc062723c751e8b465ee728b)
Start importing Assets/Environment/_Resources/Materials/_Purple.mat using Guid(d2b52f25b565acf45a5d545fd4198666) Importer(815301076,1909f56bfc062723c751e8b465ee728b)  -> (artifact id: '1b3afa77af63b18a09a6b35421d6d868') in 0.100091 seconds 
========================================================================
Received Import Request.
  Time since last request: 0.000018 seconds.
  path: Assets/Environment/_Resources/Materials/Fancy_Tavern.mat
  artifactKey: Guid(29f03923828b6314eaee63ed06ddc49a) Importer(815301076,1909f56bfc062723c751e8b465ee728b)
Start importing Assets/Environment/_Resources/Materials/Fancy_Tavern.mat using Guid(29f03923828b6314eaee63ed06ddc49a) Importer(815301076,1909f56bfc062723c751e8b465ee728b)  -> (artifact id: 'b31ec78321ee59b782dbd957dbc5da20') in 0.013940 seconds 
========================================================================
Received Import Request.
  Time since last request: 0.000030 seconds.
  path: Assets/Environment/_Resources/Materials/MedievalTownLite_MAIN.mat
  artifactKey: Guid(8ac1bd3773470b84dbf2520b9b1660e2) Importer(815301076,1909f56bfc062723c751e8b465ee728b)
Start importing Assets/Environment/_Resources/Materials/MedievalTownLite_MAIN.mat using Guid(8ac1bd3773470b84dbf2520b9b1660e2) Importer(815301076,1909f56bfc062723c751e8b465ee728b)  -> (artifact id: '8dca113e54dc46bb774a4c81e4fb6a37') in 0.007631 seconds 
========================================================================
Received Import Request.
  Time since last request: 25.850048 seconds.
  path: Assets/Environment/_Resources/Models/HouseWall_08.fbx
  artifactKey: Guid(f8a8c40c38c3827428f0d23ae93856a4) Importer(815301076,1909f56bfc062723c751e8b465ee728b)
Start importing Assets/Environment/_Resources/Models/HouseWall_08.fbx using Guid(f8a8c40c38c3827428f0d23ae93856a4) Importer(815301076,1909f56bfc062723c751e8b465ee728b)  -> (artifact id: 'f524f4ac3228bf7b10fc6dfe4b8d424e') in 0.041886 seconds 
========================================================================
Received Import Request.
  Time since last request: 0.000016 seconds.
  path: Assets/Environment/_Resources/Models/HouseWall_11.fbx
  artifactKey: Guid(aeb30b4f810979547bd01a37bbad12e6) Importer(815301076,1909f56bfc062723c751e8b465ee728b)
Start importing Assets/Environment/_Resources/Models/HouseWall_11.fbx using Guid(aeb30b4f810979547bd01a37bbad12e6) Importer(815301076,1909f56bfc062723c751e8b465ee728b)  -> (artifact id: '6db1b2514acfb58864f9e95dbe4c1647') in 0.014721 seconds 
========================================================================
Received Import Request.
  Time since last request: 0.023580 seconds.
  path: Assets/Environment/_Resources/Models/mobile_gravestone_09.fbx
  artifactKey: Guid(690021454a47bee41959e17cf0212b91) Importer(815301076,1909f56bfc062723c751e8b465ee728b)
Start importing Assets/Environment/_Resources/Models/mobile_gravestone_09.fbx using Guid(690021454a47bee41959e17cf0212b91) Importer(815301076,1909f56bfc062723c751e8b465ee728b)  -> (artifact id: 'a1020f8bdbb5806c5aacb373eb1c92a2') in 0.037402 seconds 
========================================================================
Received Import Request.
  Time since last request: 0.000029 seconds.
  path: Assets/Environment/_Resources/Models/Mud_01.fbx
  artifactKey: Guid(aaff327437b0be14f9c6d1be9b411708) Importer(815301076,1909f56bfc062723c751e8b465ee728b)
Start importing Assets/Environment/_Resources/Models/Mud_01.fbx using Guid(aaff327437b0be14f9c6d1be9b411708) Importer(815301076,1909f56bfc062723c751e8b465ee728b)  -> (artifact id: '077e123406cbfb8f998e053192bb4ca7') in 0.008374 seconds 
========================================================================
Received Import Request.
  Time since last request: 0.140253 seconds.
  path: Assets/Environment/_Resources/Models/Rock_01.fbx
  artifactKey: Guid(e9089b1db16b58f4282a94e020b9c0e8) Importer(815301076,1909f56bfc062723c751e8b465ee728b)
Start importing Assets/Environment/_Resources/Models/Rock_01.fbx using Guid(e9089b1db16b58f4282a94e020b9c0e8) Importer(815301076,1909f56bfc062723c751e8b465ee728b)  -> (artifact id: 'f39239d290aa036b43d3db372bc19b57') in 0.007593 seconds 
========================================================================
Received Import Request.
  Time since last request: 0.000012 seconds.
  path: Assets/Environment/_Resources/Models/Rock_02.fbx
  artifactKey: Guid(3a775dc2c1a334b45a5667a56fe92c23) Importer(815301076,1909f56bfc062723c751e8b465ee728b)
Start importing Assets/Environment/_Resources/Models/Rock_02.fbx using Guid(3a775dc2c1a334b45a5667a56fe92c23) Importer(815301076,1909f56bfc062723c751e8b465ee728b)  -> (artifact id: 'e88343634e5d808c2ee470e5f4be1cca') in 0.007510 seconds 
========================================================================
Received Import Request.
  Time since last request: 0.000016 seconds.
  path: Assets/Environment/_Resources/Models/Rock_04.fbx
  artifactKey: Guid(33ebf3440b12ec245bd008cd464f8d9a) Importer(815301076,1909f56bfc062723c751e8b465ee728b)
Start importing Assets/Environment/_Resources/Models/Rock_04.fbx using Guid(33ebf3440b12ec245bd008cd464f8d9a) Importer(815301076,1909f56bfc062723c751e8b465ee728b)  -> (artifact id: '254fc7be94f8607bddc4e1bcc06d3254') in 0.007511 seconds 
========================================================================
Received Import Request.
  Time since last request: 0.036082 seconds.
  path: Assets/Environment/_Resources/Models/Stairs_01.fbx
  artifactKey: Guid(b7047bf84b3ed884c8a126e02a796faa) Importer(815301076,1909f56bfc062723c751e8b465ee728b)
Start importing Assets/Environment/_Resources/Models/Stairs_01.fbx using Guid(b7047bf84b3ed884c8a126e02a796faa) Importer(815301076,1909f56bfc062723c751e8b465ee728b)  -> (artifact id: 'cbb6b77ee23e12399d961777968f55ff') in 0.018316 seconds 
========================================================================
Received Import Request.
  Time since last request: 0.000013 seconds.
  path: Assets/Environment/_Resources/Models/Stump_01.fbx
  artifactKey: Guid(768be665aba8b4e4aae7a973ae9616cf) Importer(815301076,1909f56bfc062723c751e8b465ee728b)
Start importing Assets/Environment/_Resources/Models/Stump_01.fbx using Guid(768be665aba8b4e4aae7a973ae9616cf) Importer(815301076,1909f56bfc062723c751e8b465ee728b)  -> (artifact id: '67c5e8179f1cc1148ed0fe02d64b2ae3') in 0.013431 seconds 
========================================================================
Received Import Request.
  Time since last request: 0.722959 seconds.
  path: Assets/Environment/_Resources/Models/Tree_03.fbx
  artifactKey: Guid(69f0af3a0a6c73b4ab4b89eb82cdc488) Importer(815301076,1909f56bfc062723c751e8b465ee728b)
Start importing Assets/Environment/_Resources/Models/Tree_03.fbx using Guid(69f0af3a0a6c73b4ab4b89eb82cdc488) Importer(815301076,1909f56bfc062723c751e8b465ee728b)  -> (artifact id: 'e476901b9689dff5604368fb589fa8e5') in 0.012756 seconds 
========================================================================
Received Import Request.
  Time since last request: 0.000012 seconds.
  path: Assets/Environment/_Resources/Models/Tree_04.fbx
  artifactKey: Guid(83e8d2542718a2e49a73d71c3a5fc685) Importer(815301076,1909f56bfc062723c751e8b465ee728b)
Start importing Assets/Environment/_Resources/Models/Tree_04.fbx using Guid(83e8d2542718a2e49a73d71c3a5fc685) Importer(815301076,1909f56bfc062723c751e8b465ee728b)  -> (artifact id: 'fe8db62c0e2ffc8a19aef7a47249ff6c') in 0.016113 seconds 
========================================================================
Received Import Request.
  Time since last request: 3.081789 seconds.
  path: Assets/Environment/_Resources/Textures/CartoonTownLite_Texture_01.png
  artifactKey: Guid(8ae098f12a8d453439ed9182a67f0521) Importer(815301076,1909f56bfc062723c751e8b465ee728b)
Start importing Assets/Environment/_Resources/Textures/CartoonTownLite_Texture_01.png using Guid(8ae098f12a8d453439ed9182a67f0521) Importer(815301076,1909f56bfc062723c751e8b465ee728b)  -> (artifact id: '9dd6f47e83290ccc58689665e5afed67') in 0.014061 seconds 
========================================================================
Received Import Request.
  Time since last request: 0.000016 seconds.
  path: Assets/Environment/_Resources/Textures/Obelisk_zodiac_low_obelisk_zodiac_AO.png
  artifactKey: Guid(1eb603735a5c86343b640d6533dd8095) Importer(815301076,1909f56bfc062723c751e8b465ee728b)
Start importing Assets/Environment/_Resources/Textures/Obelisk_zodiac_low_obelisk_zodiac_AO.png using Guid(1eb603735a5c86343b640d6533dd8095) Importer(815301076,1909f56bfc062723c751e8b465ee728b)  -> (artifact id: 'c99cb72656271cd5ce87957fe55bae00') in 0.008383 seconds 
========================================================================
Received Import Request.
  Time since last request: 0.000013 seconds.
  path: Assets/Environment/_Resources/Textures/T_tdFV_Fences_01_M.png
  artifactKey: Guid(53d74c086e41d844d9e9cefcab12cc87) Importer(815301076,1909f56bfc062723c751e8b465ee728b)
Start importing Assets/Environment/_Resources/Textures/T_tdFV_Fences_01_M.png using Guid(53d74c086e41d844d9e9cefcab12cc87) Importer(815301076,1909f56bfc062723c751e8b465ee728b)  -> (artifact id: 'f7d7a0003e29be8eea48736d70467de9') in 0.010015 seconds 
========================================================================
Received Import Request.
  Time since last request: 0.000014 seconds.
  path: Assets/Environment/_Resources/Textures/LowPolyFarmLite_Texture_01.png
  artifactKey: Guid(7bc9a4bafdf20d7409ec5c6155c56f4e) Importer(815301076,1909f56bfc062723c751e8b465ee728b)
Start importing Assets/Environment/_Resources/Textures/LowPolyFarmLite_Texture_01.png using Guid(7bc9a4bafdf20d7409ec5c6155c56f4e) Importer(815301076,1909f56bfc062723c751e8b465ee728b)  -> (artifact id: '3f412d408c70c8f5369bcd31fc3a43e4') in 0.007974 seconds 
========================================================================
Received Import Request.
  Time since last request: 0.000016 seconds.
  path: Assets/Environment/_Resources/Textures/Obelisk_zodiac_low_obelisk_zodiac_Metallic.png
  artifactKey: Guid(4e59fedbebec8274e8bc1a0a3f1023e6) Importer(815301076,1909f56bfc062723c751e8b465ee728b)
Start importing Assets/Environment/_Resources/Textures/Obelisk_zodiac_low_obelisk_zodiac_Metallic.png using Guid(4e59fedbebec8274e8bc1a0a3f1023e6) Importer(815301076,1909f56bfc062723c751e8b465ee728b)  -> (artifact id: 'e089d748dc586582b14eaebb1b6fe2cd') in 0.006250 seconds 
========================================================================
Received Import Request.
  Time since last request: 8.058523 seconds.
  path: Assets/Environment/_Resources/Models/mobile_gravestone_08.fbx
  artifactKey: Guid(7c21598534771664ca8a39da4017b979) Importer(815301076,1909f56bfc062723c751e8b465ee728b)
Start importing Assets/Environment/_Resources/Models/mobile_gravestone_08.fbx using Guid(7c21598534771664ca8a39da4017b979) Importer(815301076,1909f56bfc062723c751e8b465ee728b)  -> (artifact id: 'e8e4eb970ef2d11ef3b244f49c4acff0') in 0.028434 seconds 
========================================================================
Received Import Request.
  Time since last request: 0.000036 seconds.
  path: Assets/Environment/_Resources/Models/mobile_tomb.fbx
  artifactKey: Guid(5d493aa214a7dc045b4313f080a0eeb5) Importer(815301076,1909f56bfc062723c751e8b465ee728b)
Start importing Assets/Environment/_Resources/Models/mobile_tomb.fbx using Guid(5d493aa214a7dc045b4313f080a0eeb5) Importer(815301076,1909f56bfc062723c751e8b465ee728b)  -> (artifact id: '022f898b58d5bb9592969b1772db0fb1') in 0.030246 seconds 
========================================================================
Received Import Request.
  Time since last request: 1.432399 seconds.
  path: Assets/Environment/_Resources/Models/mobile_gravestone_08.fbx
  artifactKey: Guid(7c21598534771664ca8a39da4017b979) Importer(815301076,1909f56bfc062723c751e8b465ee728b)
Start importing Assets/Environment/_Resources/Models/mobile_gravestone_08.fbx using Guid(7c21598534771664ca8a39da4017b979) Importer(815301076,1909f56bfc062723c751e8b465ee728b)  -> (artifact id: 'f89497342b747ecca192abc73f8df972') in 0.025126 seconds 
========================================================================
Received Import Request.
  Time since last request: 0.000042 seconds.
  path: Assets/Environment/_Resources/Models/mobile_tomb.fbx
  artifactKey: Guid(5d493aa214a7dc045b4313f080a0eeb5) Importer(815301076,1909f56bfc062723c751e8b465ee728b)
Start importing Assets/Environment/_Resources/Models/mobile_tomb.fbx using Guid(5d493aa214a7dc045b4313f080a0eeb5) Importer(815301076,1909f56bfc062723c751e8b465ee728b)  -> (artifact id: 'c4a0fb1885e3b218a84d9c1a393feaa6') in 0.025364 seconds 
========================================================================
Received Import Request.
  Time since last request: 0.952774 seconds.
  path: Assets/Environment/_Resources/Models/mobile_gravestone_08.fbx
  artifactKey: Guid(7c21598534771664ca8a39da4017b979) Importer(815301076,1909f56bfc062723c751e8b465ee728b)
Start importing Assets/Environment/_Resources/Models/mobile_gravestone_08.fbx using Guid(7c21598534771664ca8a39da4017b979) Importer(815301076,1909f56bfc062723c751e8b465ee728b)  -> (artifact id: '5b5d74956e7aae87c1604300c4b061f4') in 0.025229 seconds 
========================================================================
Received Import Request.
  Time since last request: 0.000039 seconds.
  path: Assets/Environment/_Resources/Models/mobile_skull_04.fbx
  artifactKey: Guid(0c76e42b1817e9a4786ec132c0a548ec) Importer(815301076,1909f56bfc062723c751e8b465ee728b)
Start importing Assets/Environment/_Resources/Models/mobile_skull_04.fbx using Guid(0c76e42b1817e9a4786ec132c0a548ec) Importer(815301076,1909f56bfc062723c751e8b465ee728b)  -> (artifact id: '9f0ab61d4ab8d8d2ccd621a382d199d0') in 0.026706 seconds 
Editor requested this worker to shutdown with reason: Scaling down because of idle timeout
AssetImportWorker is now disconnected from the server
Process exiting
Exiting without the bug reporter. Application will terminate with return code 0