Using pre-set license
Built from '2021.3/staging' branch; Version is '2021.3.26f1 (a16dc32e0ff2) revision 10579395'; Using compiler version '192829333'; Build Type 'Release'
OS: 'Windows 11  (10.0.26100) 64bit Professional' Language: 'ru' Physical Memory: 32677 MB
BatchMode: 1, IsHumanControllingUs: 0, StartBugReporterOnCrash: 0, Is64bit: 1, IsPro: 1

COMMAND LINE ARGUMENTS:
C:\Program Files\Unity\Hub\Editor\2021.3.26f1\Editor\Unity.exe
-adb2
-batchMode
-noUpm
-name
AssetImportWorker19
-projectPath
D:/UnityProjects/Garden of Dreams
-logFile
Logs/AssetImportWorker19.log
-srvPort
64380
Successfully changed project path to: D:/UnityProjects/Garden of Dreams
D:/UnityProjects/Garden of Dreams
[UnityMemory] Configuration Parameters - Can be set up in boot.config
    "memorysetup-bucket-allocator-granularity=16"
    "memorysetup-bucket-allocator-bucket-count=8"
    "memorysetup-bucket-allocator-block-size=33554432"
    "memorysetup-bucket-allocator-block-count=8"
    "memorysetup-main-allocator-block-size=16777216"
    "memorysetup-thread-allocator-block-size=16777216"
    "memorysetup-gfx-main-allocator-block-size=16777216"
    "memorysetup-gfx-thread-allocator-block-size=16777216"
    "memorysetup-cache-allocator-block-size=4194304"
    "memorysetup-typetree-allocator-block-size=2097152"
    "memorysetup-profiler-bucket-allocator-granularity=16"
    "memorysetup-profiler-bucket-allocator-bucket-count=8"
    "memorysetup-profiler-bucket-allocator-block-size=33554432"
    "memorysetup-profiler-bucket-allocator-block-count=8"
    "memorysetup-profiler-allocator-block-size=16777216"
    "memorysetup-profiler-editor-allocator-block-size=1048576"
    "memorysetup-temp-allocator-size-main=16777216"
    "memorysetup-job-temp-allocator-block-size=2097152"
    "memorysetup-job-temp-allocator-block-size-background=1048576"
    "memorysetup-job-temp-allocator-reduction-small-platforms=262144"
    "memorysetup-temp-allocator-size-background-worker=32768"
    "memorysetup-temp-allocator-size-job-worker=262144"
    "memorysetup-temp-allocator-size-preload-manager=33554432"
    "memorysetup-temp-allocator-size-nav-mesh-worker=65536"
    "memorysetup-temp-allocator-size-audio-worker=65536"
    "memorysetup-temp-allocator-size-cloud-worker=32768"
    "memorysetup-temp-allocator-size-gi-baking-worker=262144"
    "memorysetup-temp-allocator-size-gfx=262144"
Player connection [30772] Host "[IP] 192.168.88.25 [Port] 0 [Flags] 2 [Guid] 867108467 [EditorId] 867108467 [Version] 1048832 [Id] WindowsEditor(7,Fellar) [Debug] 1 [PackageName] WindowsEditor [ProjectName] Editor" joined multi-casting on [225.0.0.222:54997]...

Player connection [30772] Host "[IP] 192.168.88.25 [Port] 0 [Flags] 2 [Guid] 867108467 [EditorId] 867108467 [Version] 1048832 [Id] WindowsEditor(7,Fellar) [Debug] 1 [PackageName] WindowsEditor [ProjectName] Editor" joined alternative multi-casting on [225.0.0.222:34997]...

Refreshing native plugins compatible for Editor in 71.48 ms, found 3 plugins.
Preloading 0 native plugins for Editor in 0.00 ms.
Initialize engine version: 2021.3.26f1 (a16dc32e0ff2)
[Subsystems] Discovering subsystems at path C:/Program Files/Unity/Hub/Editor/2021.3.26f1/Editor/Data/Resources/UnitySubsystems
[Subsystems] Discovering subsystems at path D:/UnityProjects/Garden of Dreams/Assets
GfxDevice: creating device client; threaded=0; jobified=0
Direct3D:
    Version:  Direct3D 11.0 [level 11.1]
    Renderer: NVIDIA GeForce GTX 1080 (ID=0x1b80)
    Vendor:   NVIDIA
    VRAM:     8059 MB
    Driver:   32.0.15.6636
Initialize mono
Mono path[0] = 'C:/Program Files/Unity/Hub/Editor/2021.3.26f1/Editor/Data/Managed'
Mono path[1] = 'C:/Program Files/Unity/Hub/Editor/2021.3.26f1/Editor/Data/MonoBleedingEdge/lib/mono/unityjit-win32'
Mono config path = 'C:/Program Files/Unity/Hub/Editor/2021.3.26f1/Editor/Data/MonoBleedingEdge/etc'
Using monoOptions --debugger-agent=transport=dt_socket,embedding=1,server=y,suspend=n,address=127.0.0.1:56768
Begin MonoManager ReloadAssembly
Registering precompiled unity dll's ...
Register platform support module: C:/Program Files/Unity/Hub/Editor/2021.3.26f1/Editor/Data/PlaybackEngines/WebGLSupport/UnityEditor.WebGL.Extensions.dll
Register platform support module: C:/Program Files/Unity/Hub/Editor/2021.3.26f1/Editor/Data/PlaybackEngines/AndroidPlayer/UnityEditor.Android.Extensions.dll
Register platform support module: C:/Program Files/Unity/Hub/Editor/2021.3.26f1/Editor/Data/PlaybackEngines/WindowsStandaloneSupport/UnityEditor.WindowsStandalone.Extensions.dll
Registered in 0.005327 seconds.
Native extension for WindowsStandalone target not found
Native extension for Android target not found
Android Extension - Scanning For ADB Devices 237 ms
Native extension for WebGL target not found
Refreshing native plugins compatible for Editor in 55.95 ms, found 3 plugins.
Preloading 0 native plugins for Editor in 0.00 ms.
Mono: successfully reloaded assembly
- Completed reload, in  0.795 seconds
Domain Reload Profiling:
	ReloadAssembly (795ms)
		BeginReloadAssembly (93ms)
			ExecutionOrderSort (0ms)
			DisableScriptedObjects (0ms)
			BackupInstance (0ms)
			ReleaseScriptingObjects (0ms)
			CreateAndSetChildDomain (1ms)
		EndReloadAssembly (603ms)
			LoadAssemblies (91ms)
			RebuildTransferFunctionScriptingTraits (0ms)
			SetupTypeCache (78ms)
			ReleaseScriptCaches (0ms)
			RebuildScriptCaches (20ms)
			SetupLoadedEditorAssemblies (464ms)
				LogAssemblyErrors (0ms)
				InitializePlatformSupportModulesInManaged (305ms)
				SetLoadedEditorAssemblies (0ms)
				RefreshPlugins (56ms)
				BeforeProcessingInitializeOnLoad (1ms)
				ProcessInitializeOnLoadAttributes (68ms)
				ProcessInitializeOnLoadMethodAttributes (33ms)
				AfterProcessingInitializeOnLoad (0ms)
				EditorAssembliesLoaded (0ms)
			ExecutionOrderSort2 (0ms)
			AwakeInstancesAfterBackupRestoration (0ms)
Platform modules already initialized, skipping
Registering precompiled user dll's ...
Registered in 0.002599 seconds.
Begin MonoManager ReloadAssembly
Symbol file LoadedFromMemory doesn't match image D:\UnityProjects\Garden of Dreams\Library\PackageCache\com.unity.visualscripting@1.8.0\Editor\VisualScripting.Core\Dependencies\YamlDotNet\Unity.VisualScripting.YamlDotNet.dll
Symbol file LoadedFromMemory doesn't match image D:\UnityProjects\Garden of Dreams\Library\PackageCache\com.unity.visualscripting@1.8.0\Editor\VisualScripting.Core\Dependencies\DotNetZip\Unity.VisualScripting.IonicZip.dll
Native extension for WindowsStandalone target not found
Native extension for Android target not found
Native extension for WebGL target not found
Refreshing native plugins compatible for Editor in 0.88 ms, found 3 plugins.
Preloading 0 native plugins for Editor in 0.00 ms.
Mono: successfully reloaded assembly
- Completed reload, in  0.908 seconds
Domain Reload Profiling:
	ReloadAssembly (908ms)
		BeginReloadAssembly (91ms)
			ExecutionOrderSort (0ms)
			DisableScriptedObjects (5ms)
			BackupInstance (0ms)
			ReleaseScriptingObjects (0ms)
			CreateAndSetChildDomain (15ms)
		EndReloadAssembly (737ms)
			LoadAssemblies (66ms)
			RebuildTransferFunctionScriptingTraits (0ms)
			SetupTypeCache (218ms)
			ReleaseScriptCaches (2ms)
			RebuildScriptCaches (55ms)
			SetupLoadedEditorAssemblies (349ms)
				LogAssemblyErrors (0ms)
				InitializePlatformSupportModulesInManaged (26ms)
				SetLoadedEditorAssemblies (1ms)
				RefreshPlugins (1ms)
				BeforeProcessingInitializeOnLoad (82ms)
				ProcessInitializeOnLoadAttributes (217ms)
				ProcessInitializeOnLoadMethodAttributes (16ms)
				AfterProcessingInitializeOnLoad (6ms)
				EditorAssembliesLoaded (0ms)
			ExecutionOrderSort2 (0ms)
			AwakeInstancesAfterBackupRestoration (6ms)
Platform modules already initialized, skipping
========================================================================
Worker process is ready to serve import requests
Launched and connected shader compiler UnityShaderCompiler.exe after 0.04 seconds
Refreshing native plugins compatible for Editor in 0.53 ms, found 3 plugins.
Preloading 0 native plugins for Editor in 0.00 ms.
Unloading 3053 Unused Serialized files (Serialized files now loaded: 0)
Unloading 22 unused Assets / (284.5 KB). Loaded Objects now: 3540.
Memory consumption went from 125.2 MB to 125.0 MB.
Total: 2.324700 ms (FindLiveObjects: 0.147500 ms CreateObjectMapping: 0.069300 ms MarkObjects: 2.034700 ms  DeleteObjects: 0.072500 ms)

AssetImportParameters requested are different than current active one (requested -> active):
  custom:video-decoder-ogg-theora: a1e56fd34408186e4bbccfd4996cb3dc -> 
  custom:container-muxer-webm: aa71ff27fc2769a1b78a27578f13a17b -> 
  custom:container-demuxer-webm: 4f35f7cbe854078d1ac9338744f61a02 -> 
  custom:video-encoder-webm-vp8: eb34c28f22e8b96e1ab97ce403110664 -> 
  custom:video-codec-MediaFoundation-h265: 746d11721c4dcdbdad8f713fa42b33f4 -> 
  custom:audio-encoder-webm-vorbis: bf7c407c2cedff20999df2af8eb42d56 -> 
  custom:framework-win-MediaFoundation: 216162199b28c13a410421893ffa2e32 -> 
  custom:container-demuxer-ogg: 62fdf1f143b41e24485cea50d1cbac27 -> 
  custom:video-decoder-webm-vp8: 9c59270c3fd7afecdb556c50c9e8de78 -> 
  custom:audio-decoder-ogg-vorbis: bf7c407c2cedff20999df2af8eb42d56 -> 
========================================================================
Received Prepare
Registering precompiled user dll's ...
Registered in 0.002525 seconds.
Begin MonoManager ReloadAssembly
Symbol file LoadedFromMemory doesn't match image D:\UnityProjects\Garden of Dreams\Library\PackageCache\com.unity.visualscripting@1.8.0\Editor\VisualScripting.Core\Dependencies\YamlDotNet\Unity.VisualScripting.YamlDotNet.dll
Symbol file LoadedFromMemory doesn't match image D:\UnityProjects\Garden of Dreams\Library\PackageCache\com.unity.visualscripting@1.8.0\Editor\VisualScripting.Core\Dependencies\DotNetZip\Unity.VisualScripting.IonicZip.dll
Native extension for WindowsStandalone target not found
Native extension for Android target not found
Native extension for WebGL target not found
Refreshing native plugins compatible for Editor in 0.60 ms, found 3 plugins.
Preloading 0 native plugins for Editor in 0.00 ms.
Mono: successfully reloaded assembly
- Completed reload, in  0.819 seconds
Domain Reload Profiling:
	ReloadAssembly (819ms)
		BeginReloadAssembly (113ms)
			ExecutionOrderSort (0ms)
			DisableScriptedObjects (5ms)
			BackupInstance (0ms)
			ReleaseScriptingObjects (0ms)
			CreateAndSetChildDomain (28ms)
		EndReloadAssembly (620ms)
			LoadAssemblies (68ms)
			RebuildTransferFunctionScriptingTraits (0ms)
			SetupTypeCache (213ms)
			ReleaseScriptCaches (1ms)
			RebuildScriptCaches (35ms)
			SetupLoadedEditorAssemblies (266ms)
				LogAssemblyErrors (0ms)
				InitializePlatformSupportModulesInManaged (20ms)
				SetLoadedEditorAssemblies (1ms)
				RefreshPlugins (1ms)
				BeforeProcessingInitializeOnLoad (51ms)
				ProcessInitializeOnLoadAttributes (169ms)
				ProcessInitializeOnLoadMethodAttributes (18ms)
				AfterProcessingInitializeOnLoad (6ms)
				EditorAssembliesLoaded (0ms)
			ExecutionOrderSort2 (0ms)
			AwakeInstancesAfterBackupRestoration (6ms)
Platform modules already initialized, skipping
Refreshing native plugins compatible for Editor in 1.75 ms, found 3 plugins.
Preloading 0 native plugins for Editor in 0.00 ms.
Unloading 3045 Unused Serialized files (Serialized files now loaded: 0)
Unloading 15 unused Assets / (24.6 KB). Loaded Objects now: 3543.
Memory consumption went from 124.4 MB to 124.3 MB.
Total: 3.046100 ms (FindLiveObjects: 0.321500 ms CreateObjectMapping: 0.153300 ms MarkObjects: 2.548000 ms  DeleteObjects: 0.022600 ms)

AssetImportParameters requested are different than current active one (requested -> active):
  custom:video-decoder-ogg-theora: a1e56fd34408186e4bbccfd4996cb3dc -> 
  custom:container-muxer-webm: aa71ff27fc2769a1b78a27578f13a17b -> 
  custom:container-demuxer-webm: 4f35f7cbe854078d1ac9338744f61a02 -> 
  custom:video-encoder-webm-vp8: eb34c28f22e8b96e1ab97ce403110664 -> 
  custom:video-codec-MediaFoundation-h265: 746d11721c4dcdbdad8f713fa42b33f4 -> 
  custom:audio-encoder-webm-vorbis: bf7c407c2cedff20999df2af8eb42d56 -> 
  custom:framework-win-MediaFoundation: 216162199b28c13a410421893ffa2e32 -> 
  custom:container-demuxer-ogg: 62fdf1f143b41e24485cea50d1cbac27 -> 
  custom:video-decoder-webm-vp8: 9c59270c3fd7afecdb556c50c9e8de78 -> 
  custom:audio-decoder-ogg-vorbis: bf7c407c2cedff20999df2af8eb42d56 -> 
========================================================================
Received Import Request.
  Time since last request: 43384.774905 seconds.
  path: Assets/cemetery halloween set/mobile_models/Materials/cemetery_halloween_atlas_alpha.mat
  artifactKey: Guid(b9bdff80ef35cca4caf45d8885130909) Importer(815301076,1909f56bfc062723c751e8b465ee728b)
Start importing Assets/cemetery halloween set/mobile_models/Materials/cemetery_halloween_atlas_alpha.mat using Guid(b9bdff80ef35cca4caf45d8885130909) Importer(815301076,1909f56bfc062723c751e8b465ee728b)  -> (artifact id: 'f237585847fcf5fa47520bfeb5b45962') in 0.118987 seconds 
========================================================================
Received Import Request.
  Time since last request: 77.459508 seconds.
  path: Assets/cemetery halloween set/Demo/sample_scene.prefab
  artifactKey: Guid(c501f38a9cb3ec841ab6b062de48d0de) Importer(815301076,1909f56bfc062723c751e8b465ee728b)
Start importing Assets/cemetery halloween set/Demo/sample_scene.prefab using Guid(c501f38a9cb3ec841ab6b062de48d0de) Importer(815301076,1909f56bfc062723c751e8b465ee728b)  -> (artifact id: '4559417cfabaf80371f1706227a3ff2b') in 0.153571 seconds 
========================================================================
Received Import Request.
  Time since last request: 4.495580 seconds.
  path: Assets/cemetery halloween set/models/bush_02.FBX
  artifactKey: Guid(9aafa78da961cbb4d9503b7c2c34a5ac) Importer(815301076,1909f56bfc062723c751e8b465ee728b)
Start importing Assets/cemetery halloween set/models/bush_02.FBX using Guid(9aafa78da961cbb4d9503b7c2c34a5ac) Importer(815301076,1909f56bfc062723c751e8b465ee728b)  -> (artifact id: 'ebece6a720437614218ef6b93ca43161') in 0.043321 seconds 
========================================================================
Received Import Request.
  Time since last request: 0.000031 seconds.
  path: Assets/cemetery halloween set/models/gravestone_03.fbx
  artifactKey: Guid(0a1e210e16f925b449521d1035a19137) Importer(815301076,1909f56bfc062723c751e8b465ee728b)
Start importing Assets/cemetery halloween set/models/gravestone_03.fbx using Guid(0a1e210e16f925b449521d1035a19137) Importer(815301076,1909f56bfc062723c751e8b465ee728b)  -> (artifact id: 'aa7cb99bf163119d7af8a0219c1a42b8') in 0.019863 seconds 
========================================================================
Received Import Request.
  Time since last request: 0.000016 seconds.
  path: Assets/cemetery halloween set/models/dead_tree_02.FBX
  artifactKey: Guid(0ba9a6b9c80107a4dafb3a3067123c79) Importer(815301076,1909f56bfc062723c751e8b465ee728b)
Start importing Assets/cemetery halloween set/models/dead_tree_02.FBX using Guid(0ba9a6b9c80107a4dafb3a3067123c79) Importer(815301076,1909f56bfc062723c751e8b465ee728b)  -> (artifact id: 'c8bde5591a20cc1b5a12cb45d3149a6c') in 0.025775 seconds 
========================================================================
Received Import Request.
  Time since last request: 0.000032 seconds.
  path: Assets/cemetery halloween set/models/gravestone_02.fbx
  artifactKey: Guid(8b52540195a274341bdfcb7742fbaf84) Importer(815301076,1909f56bfc062723c751e8b465ee728b)
Start importing Assets/cemetery halloween set/models/gravestone_02.fbx using Guid(8b52540195a274341bdfcb7742fbaf84) Importer(815301076,1909f56bfc062723c751e8b465ee728b)  -> (artifact id: '127b11c34d8df8abad49180356ba21a9') in 0.018281 seconds 
========================================================================
Received Import Request.
  Time since last request: 0.000031 seconds.
  path: Assets/cemetery halloween set/models/fence_tile_04.fbx
  artifactKey: Guid(f29724fbcb671bb42a3b2739869c9adc) Importer(815301076,1909f56bfc062723c751e8b465ee728b)
Start importing Assets/cemetery halloween set/models/fence_tile_04.fbx using Guid(f29724fbcb671bb42a3b2739869c9adc) Importer(815301076,1909f56bfc062723c751e8b465ee728b)  -> (artifact id: '91f86337e0365410f5a82368df6025aa') in 0.018062 seconds 
========================================================================
Received Import Request.
  Time since last request: 0.000033 seconds.
  path: Assets/cemetery halloween set/models/dead_tree_05.FBX
  artifactKey: Guid(e0884eef239d74a4a9328c55745c142e) Importer(815301076,1909f56bfc062723c751e8b465ee728b)
Start importing Assets/cemetery halloween set/models/dead_tree_05.FBX using Guid(e0884eef239d74a4a9328c55745c142e) Importer(815301076,1909f56bfc062723c751e8b465ee728b)  -> (artifact id: 'ba1894e2db052361422b349509be0e43') in 0.025702 seconds 
========================================================================
Received Import Request.
  Time since last request: 0.000039 seconds.
  path: Assets/cemetery halloween set/models/gravestone_07.fbx
  artifactKey: Guid(f44f54772e0fed64fa5ce4d4e0cd7b2f) Importer(815301076,1909f56bfc062723c751e8b465ee728b)
Start importing Assets/cemetery halloween set/models/gravestone_07.fbx using Guid(f44f54772e0fed64fa5ce4d4e0cd7b2f) Importer(815301076,1909f56bfc062723c751e8b465ee728b)  -> (artifact id: '03985cf754165437e1fa91dfe1e43a79') in 0.018755 seconds 
========================================================================
Received Import Request.
  Time since last request: 0.000037 seconds.
  path: Assets/cemetery halloween set/models/gate_01.FBX
  artifactKey: Guid(8f7da3fe0c3e07a499817697103ceeaf) Importer(815301076,1909f56bfc062723c751e8b465ee728b)
Start importing Assets/cemetery halloween set/models/gate_01.FBX using Guid(8f7da3fe0c3e07a499817697103ceeaf) Importer(815301076,1909f56bfc062723c751e8b465ee728b)  -> (artifact id: '2d0549a822e98ff01b6deca3075b12a9') in 0.028846 seconds 
========================================================================
Received Import Request.
  Time since last request: 0.000045 seconds.
  path: Assets/cemetery halloween set/models/fence_pillar_03.fbx
  artifactKey: Guid(d5ad956dd1189ee49b97f315600dd069) Importer(815301076,1909f56bfc062723c751e8b465ee728b)
Start importing Assets/cemetery halloween set/models/fence_pillar_03.fbx using Guid(d5ad956dd1189ee49b97f315600dd069) Importer(815301076,1909f56bfc062723c751e8b465ee728b)  -> (artifact id: '1e0392e084c8f6dbe57445d6fda19e4d') in 0.018129 seconds 
========================================================================
Received Import Request.
  Time since last request: 0.000018 seconds.
  path: Assets/cemetery halloween set/models/gravestone_08.fbx
  artifactKey: Guid(40244e38365821e42bdf5e70f66cb012) Importer(815301076,1909f56bfc062723c751e8b465ee728b)
Start importing Assets/cemetery halloween set/models/gravestone_08.fbx using Guid(40244e38365821e42bdf5e70f66cb012) Importer(815301076,1909f56bfc062723c751e8b465ee728b)  -> (artifact id: '4dc6d2b6ac48c9056c62c83c8f1b59ba') in 0.017688 seconds 
========================================================================
Received Import Request.
  Time since last request: 0.000023 seconds.
  path: Assets/cemetery halloween set/models/fence_tile_01.fbx
  artifactKey: Guid(3fd64e3f606559048b247d9d9fe68b28) Importer(815301076,1909f56bfc062723c751e8b465ee728b)
Start importing Assets/cemetery halloween set/models/fence_tile_01.fbx using Guid(3fd64e3f606559048b247d9d9fe68b28) Importer(815301076,1909f56bfc062723c751e8b465ee728b)  -> (artifact id: '3ee43544f157abd676c871bc57cf6daa') in 0.019269 seconds 
========================================================================
Received Import Request.
  Time since last request: 0.000027 seconds.
  path: Assets/cemetery halloween set/models/gate_02.fbx
  artifactKey: Guid(de39154115bfb6e4381d77121ee32d9b) Importer(815301076,1909f56bfc062723c751e8b465ee728b)
Start importing Assets/cemetery halloween set/models/gate_02.fbx using Guid(de39154115bfb6e4381d77121ee32d9b) Importer(815301076,1909f56bfc062723c751e8b465ee728b)  -> (artifact id: '84d3ed4de104a44f47ce6d39c32a272c') in 0.018568 seconds 
========================================================================
Received Import Request.
  Time since last request: 0.000036 seconds.
  path: Assets/cemetery halloween set/models/fence_pillar_02.fbx
  artifactKey: Guid(7ad40de0b65ac1e49bc72259ad6343e2) Importer(815301076,1909f56bfc062723c751e8b465ee728b)
Start importing Assets/cemetery halloween set/models/fence_pillar_02.fbx using Guid(7ad40de0b65ac1e49bc72259ad6343e2) Importer(815301076,1909f56bfc062723c751e8b465ee728b)  -> (artifact id: '8dda17ef8a5996122149ca5aa752c1c9') in 0.019787 seconds 
========================================================================
Received Import Request.
  Time since last request: 0.000031 seconds.
  path: Assets/cemetery halloween set/models/fence_tile_05.fbx
  artifactKey: Guid(fbb2ac586132f1d41a2ba67a8234d3c9) Importer(815301076,1909f56bfc062723c751e8b465ee728b)
Start importing Assets/cemetery halloween set/models/fence_tile_05.fbx using Guid(fbb2ac586132f1d41a2ba67a8234d3c9) Importer(815301076,1909f56bfc062723c751e8b465ee728b)  -> (artifact id: 'ddf8c313356ea418e13a5f6fc9b5474b') in 0.016151 seconds 
========================================================================
Received Import Request.
  Time since last request: 2.440180 seconds.
  path: Assets/cemetery halloween set/Prefab/bush_02.prefab
  artifactKey: Guid(11656c9fe6039134697fe0c8b8f7883c) Importer(815301076,1909f56bfc062723c751e8b465ee728b)
Start importing Assets/cemetery halloween set/Prefab/bush_02.prefab using Guid(11656c9fe6039134697fe0c8b8f7883c) Importer(815301076,1909f56bfc062723c751e8b465ee728b)  -> (artifact id: '3c049e1e95af0445259750cb4cac4604') in 0.001930 seconds 
========================================================================
Received Import Request.
  Time since last request: 0.000010 seconds.
  path: Assets/cemetery halloween set/Prefab/dead_tree_01.prefab
  artifactKey: Guid(9e18d1460d69de341b221e656258c7e0) Importer(815301076,1909f56bfc062723c751e8b465ee728b)
Start importing Assets/cemetery halloween set/Prefab/dead_tree_01.prefab using Guid(9e18d1460d69de341b221e656258c7e0) Importer(815301076,1909f56bfc062723c751e8b465ee728b)  -> (artifact id: 'eb0da7c28ba57b525ca6ad7db8defb98') in 0.002127 seconds 
========================================================================
Received Import Request.
  Time since last request: 0.000011 seconds.
  path: Assets/cemetery halloween set/Prefab/gate_02.prefab
  artifactKey: Guid(38475bb0fdc87a540b4d31ca85de30b0) Importer(815301076,1909f56bfc062723c751e8b465ee728b)
Start importing Assets/cemetery halloween set/Prefab/gate_02.prefab using Guid(38475bb0fdc87a540b4d31ca85de30b0) Importer(815301076,1909f56bfc062723c751e8b465ee728b)  -> (artifact id: '24ac15bf3c2d28e82ce3042ea2de42c5') in 0.001774 seconds 
========================================================================
Received Import Request.
  Time since last request: 0.000019 seconds.
  path: Assets/cemetery halloween set/Prefab/fence_pillar_04.prefab
  artifactKey: Guid(1a039573d41de564c82233cf91d21eaf) Importer(815301076,1909f56bfc062723c751e8b465ee728b)
Start importing Assets/cemetery halloween set/Prefab/fence_pillar_04.prefab using Guid(1a039573d41de564c82233cf91d21eaf) Importer(815301076,1909f56bfc062723c751e8b465ee728b)  -> (artifact id: '206459d892b80c07a27f90af5b939ee4') in 0.002024 seconds 
========================================================================
Received Import Request.
  Time since last request: 0.000017 seconds.
  path: Assets/cemetery halloween set/Prefab/gate_01.prefab
  artifactKey: Guid(e5e8b8e20dd6b6b49bc061bb9814a92b) Importer(815301076,1909f56bfc062723c751e8b465ee728b)
Start importing Assets/cemetery halloween set/Prefab/gate_01.prefab using Guid(e5e8b8e20dd6b6b49bc061bb9814a92b) Importer(815301076,1909f56bfc062723c751e8b465ee728b)  -> (artifact id: '031e65dd8540523fa47f27bcdeae8a49') in 0.001936 seconds 
========================================================================
Received Import Request.
  Time since last request: 0.000014 seconds.
  path: Assets/cemetery halloween set/Prefab/fence_tile_01.prefab
  artifactKey: Guid(3d30d76bf390fc742b8fdd356d040839) Importer(815301076,1909f56bfc062723c751e8b465ee728b)
Start importing Assets/cemetery halloween set/Prefab/fence_tile_01.prefab using Guid(3d30d76bf390fc742b8fdd356d040839) Importer(815301076,1909f56bfc062723c751e8b465ee728b)  -> (artifact id: 'cafbe2756e17349eb1b09aaea3aa2770') in 0.001782 seconds 
========================================================================
Received Import Request.
  Time since last request: 0.000014 seconds.
  path: Assets/cemetery halloween set/Prefab/dead_tree_05.prefab
  artifactKey: Guid(dcd6cfd28ad49ab4796c6b6eab560a9b) Importer(815301076,1909f56bfc062723c751e8b465ee728b)
Start importing Assets/cemetery halloween set/Prefab/dead_tree_05.prefab using Guid(dcd6cfd28ad49ab4796c6b6eab560a9b) Importer(815301076,1909f56bfc062723c751e8b465ee728b)  -> (artifact id: 'ed981c2fdbb4a6c7fa9290942c987a5e') in 0.002218 seconds 
========================================================================
Received Import Request.
  Time since last request: 0.000017 seconds.
  path: Assets/cemetery halloween set/Prefab/bush_03.prefab
  artifactKey: Guid(37898355f3308664e8a88f210fe2ca29) Importer(815301076,1909f56bfc062723c751e8b465ee728b)
Start importing Assets/cemetery halloween set/Prefab/bush_03.prefab using Guid(37898355f3308664e8a88f210fe2ca29) Importer(815301076,1909f56bfc062723c751e8b465ee728b)  -> (artifact id: 'c8b2a0bcc53c7c55f1028f3c3ee10de2') in 0.002271 seconds 
========================================================================
Received Import Request.
  Time since last request: 0.000015 seconds.
  path: Assets/cemetery halloween set/Prefab/fence_tile_04.prefab
  artifactKey: Guid(ac7fa82395434b144af5d06b06264ab1) Importer(815301076,1909f56bfc062723c751e8b465ee728b)
Start importing Assets/cemetery halloween set/Prefab/fence_tile_04.prefab using Guid(ac7fa82395434b144af5d06b06264ab1) Importer(815301076,1909f56bfc062723c751e8b465ee728b)  -> (artifact id: '788ffa2c1e8600d969be1f4acca87796') in 0.001867 seconds 
========================================================================
Received Import Request.
  Time since last request: 0.000012 seconds.
  path: Assets/cemetery halloween set/Prefab/dead_tree_02.prefab
  artifactKey: Guid(096024c93fe017b42bb3832df1701ad7) Importer(815301076,1909f56bfc062723c751e8b465ee728b)
Start importing Assets/cemetery halloween set/Prefab/dead_tree_02.prefab using Guid(096024c93fe017b42bb3832df1701ad7) Importer(815301076,1909f56bfc062723c751e8b465ee728b)  -> (artifact id: '0ecce69b7146887c9bc56a8518f3529c') in 0.001960 seconds 
========================================================================
Received Import Request.
  Time since last request: 0.000011 seconds.
  path: Assets/cemetery halloween set/Prefab/fence_pillar_02.prefab
  artifactKey: Guid(c359d8121ce290d4fa23fd147d65a3e3) Importer(815301076,1909f56bfc062723c751e8b465ee728b)
Start importing Assets/cemetery halloween set/Prefab/fence_pillar_02.prefab using Guid(c359d8121ce290d4fa23fd147d65a3e3) Importer(815301076,1909f56bfc062723c751e8b465ee728b)  -> (artifact id: '4a3daf28d54c5725b26d2164677840f0') in 0.001851 seconds 
========================================================================
Received Import Request.
  Time since last request: 0.000012 seconds.
  path: Assets/cemetery halloween set/Prefab/dead_tree_06.prefab
  artifactKey: Guid(94950aa7f0f9d274690502dd49b95930) Importer(815301076,1909f56bfc062723c751e8b465ee728b)
Start importing Assets/cemetery halloween set/Prefab/dead_tree_06.prefab using Guid(94950aa7f0f9d274690502dd49b95930) Importer(815301076,1909f56bfc062723c751e8b465ee728b)  -> (artifact id: '74c8aa56d7743672e037106b74861cb9') in 0.002203 seconds 
========================================================================
Received Import Request.
  Time since last request: 0.000013 seconds.
  path: Assets/cemetery halloween set/Prefab/gravestone_01.prefab
  artifactKey: Guid(62c53ccdf1ee5404bb1356b626706342) Importer(815301076,1909f56bfc062723c751e8b465ee728b)
Start importing Assets/cemetery halloween set/Prefab/gravestone_01.prefab using Guid(62c53ccdf1ee5404bb1356b626706342) Importer(815301076,1909f56bfc062723c751e8b465ee728b)  -> (artifact id: 'b4fb910041a3de591554fe819bf6a8f6') in 0.002356 seconds 
========================================================================
Received Import Request.
  Time since last request: 1.254453 seconds.
  path: Assets/cemetery halloween set/Prefab/hang_pumpkin_01.prefab
  artifactKey: Guid(665d6ab27366b2b4e99a5ccc4523af9e) Importer(815301076,1909f56bfc062723c751e8b465ee728b)
Start importing Assets/cemetery halloween set/Prefab/hang_pumpkin_01.prefab using Guid(665d6ab27366b2b4e99a5ccc4523af9e) Importer(815301076,1909f56bfc062723c751e8b465ee728b)  -> (artifact id: 'aee43d4dffc86cc2baf13e67784c7559') in 0.002047 seconds 
========================================================================
Received Import Request.
  Time since last request: 0.000015 seconds.
  path: Assets/cemetery halloween set/Prefab/lava_dead_tree_01.prefab
  artifactKey: Guid(cd558c52cdfae0e4c8d0c527eacae507) Importer(815301076,1909f56bfc062723c751e8b465ee728b)
Start importing Assets/cemetery halloween set/Prefab/lava_dead_tree_01.prefab using Guid(cd558c52cdfae0e4c8d0c527eacae507) Importer(815301076,1909f56bfc062723c751e8b465ee728b)  -> (artifact id: 'e09c4f4e4c298e4a2e4662f5d55727d4') in 0.001816 seconds 
========================================================================
Received Import Request.
  Time since last request: 0.037150 seconds.
  path: Assets/cemetery halloween set/Prefab/lava_dead_tree_03.prefab
  artifactKey: Guid(9e883b6e7e36db048b286ea954b59dc3) Importer(815301076,1909f56bfc062723c751e8b465ee728b)
Start importing Assets/cemetery halloween set/Prefab/lava_dead_tree_03.prefab using Guid(9e883b6e7e36db048b286ea954b59dc3) Importer(815301076,1909f56bfc062723c751e8b465ee728b)  -> (artifact id: '2ee6f9c1c43ea5bb26b622417971e1a7') in 0.002063 seconds 
========================================================================
Received Import Request.
  Time since last request: 0.000013 seconds.
  path: Assets/cemetery halloween set/Prefab/lava_dead_tree_06.prefab
  artifactKey: Guid(35232e74afe4ef345b30a4e45ed153fa) Importer(815301076,1909f56bfc062723c751e8b465ee728b)
Start importing Assets/cemetery halloween set/Prefab/lava_dead_tree_06.prefab using Guid(35232e74afe4ef345b30a4e45ed153fa) Importer(815301076,1909f56bfc062723c751e8b465ee728b)  -> (artifact id: '8b752173b2e1c2353bd5ee824421256c') in 0.002060 seconds 
========================================================================
Received Import Request.
  Time since last request: 0.213085 seconds.
  path: Assets/cemetery halloween set/Prefab/pumpkin_04.prefab
  artifactKey: Guid(784ccbabfee88b643ac3e8b6a8da2b70) Importer(815301076,1909f56bfc062723c751e8b465ee728b)
Start importing Assets/cemetery halloween set/Prefab/pumpkin_04.prefab using Guid(784ccbabfee88b643ac3e8b6a8da2b70) Importer(815301076,1909f56bfc062723c751e8b465ee728b)  -> (artifact id: '06d088fc84da904b7738634b797cd4ab') in 0.001820 seconds 
========================================================================
Received Import Request.
  Time since last request: 0.000011 seconds.
  path: Assets/cemetery halloween set/Prefab/pumpkin_09.prefab
  artifactKey: Guid(11f511437cd4ee34d9d3cf2a7c83cff9) Importer(815301076,1909f56bfc062723c751e8b465ee728b)
Start importing Assets/cemetery halloween set/Prefab/pumpkin_09.prefab using Guid(11f511437cd4ee34d9d3cf2a7c83cff9) Importer(815301076,1909f56bfc062723c751e8b465ee728b)  -> (artifact id: 'eeef7b20321f9c603ffd6d023f737d32') in 0.001752 seconds 
========================================================================
Received Import Request.
  Time since last request: 0.000012 seconds.
  path: Assets/cemetery halloween set/Prefab/pumpkin_06.prefab
  artifactKey: Guid(112cc90af5a3b694986a98ac6af800fc) Importer(815301076,1909f56bfc062723c751e8b465ee728b)
Start importing Assets/cemetery halloween set/Prefab/pumpkin_06.prefab using Guid(112cc90af5a3b694986a98ac6af800fc) Importer(815301076,1909f56bfc062723c751e8b465ee728b)  -> (artifact id: '8d92a7db1da406a76dc3f095b2cb28dc') in 0.002115 seconds 
========================================================================
Received Import Request.
  Time since last request: 0.034245 seconds.
  path: Assets/cemetery halloween set/Prefab/pumpkin_11.prefab
  artifactKey: Guid(098fc4f9c342d1b4d9c9d51d4c0acdf9) Importer(815301076,1909f56bfc062723c751e8b465ee728b)
Start importing Assets/cemetery halloween set/Prefab/pumpkin_11.prefab using Guid(098fc4f9c342d1b4d9c9d51d4c0acdf9) Importer(815301076,1909f56bfc062723c751e8b465ee728b)  -> (artifact id: 'ce08c0c4b2221f1fdd301c27145d315e') in 0.002017 seconds 
========================================================================
Received Import Request.
  Time since last request: 0.000012 seconds.
  path: Assets/cemetery halloween set/Prefab/rock_02.prefab
  artifactKey: Guid(77ce0960c1673754b86de65bb3aee918) Importer(815301076,1909f56bfc062723c751e8b465ee728b)
Start importing Assets/cemetery halloween set/Prefab/rock_02.prefab using Guid(77ce0960c1673754b86de65bb3aee918) Importer(815301076,1909f56bfc062723c751e8b465ee728b)  -> (artifact id: '5b6ecf4c41ecb9aef7206c0b30c48945') in 0.001894 seconds 
========================================================================
Received Import Request.
  Time since last request: 0.034719 seconds.
  path: Assets/cemetery halloween set/Prefab/rock_06.prefab
  artifactKey: Guid(0c5baa64d86d0a04cb1e700118ec2e2d) Importer(815301076,1909f56bfc062723c751e8b465ee728b)
Start importing Assets/cemetery halloween set/Prefab/rock_06.prefab using Guid(0c5baa64d86d0a04cb1e700118ec2e2d) Importer(815301076,1909f56bfc062723c751e8b465ee728b)  -> (artifact id: '4aaad02879699f6c673194f685f56f33') in 0.002007 seconds 
========================================================================
Received Import Request.
  Time since last request: 0.000012 seconds.
  path: Assets/cemetery halloween set/Prefab/rock_10.prefab
  artifactKey: Guid(66eebc826f7f1fb4fa0bde2ec4dfbfea) Importer(815301076,1909f56bfc062723c751e8b465ee728b)
Start importing Assets/cemetery halloween set/Prefab/rock_10.prefab using Guid(66eebc826f7f1fb4fa0bde2ec4dfbfea) Importer(815301076,1909f56bfc062723c751e8b465ee728b)  -> (artifact id: 'de929468a5e1f9e0eb00f772e97ee366') in 0.001958 seconds 
========================================================================
Received Import Request.
  Time since last request: 0.202845 seconds.
  path: Assets/cemetery halloween set/Prefab/rock_13.prefab
  artifactKey: Guid(a468ad4cea8106146a8384818231c1dd) Importer(815301076,1909f56bfc062723c751e8b465ee728b)
Start importing Assets/cemetery halloween set/Prefab/rock_13.prefab using Guid(a468ad4cea8106146a8384818231c1dd) Importer(815301076,1909f56bfc062723c751e8b465ee728b)  -> (artifact id: '00b09b1ee4aa20e01f30c1102825443e') in 0.002223 seconds 
========================================================================
Received Import Request.
  Time since last request: 0.000014 seconds.
  path: Assets/cemetery halloween set/Prefab/sample_scene.prefab
  artifactKey: Guid(9128fac7ecb9c4b4085275bbf85879ee) Importer(815301076,1909f56bfc062723c751e8b465ee728b)
Start importing Assets/cemetery halloween set/Prefab/sample_scene.prefab using Guid(9128fac7ecb9c4b4085275bbf85879ee) Importer(815301076,1909f56bfc062723c751e8b465ee728b)  -> (artifact id: 'f5a39a0ff15be65140769830b17c56fb') in 0.010951 seconds 
========================================================================
Received Import Request.
  Time since last request: 0.025564 seconds.
  path: Assets/cemetery halloween set/Prefab/skull_05.prefab
  artifactKey: Guid(2d0d469e5377a0640b3219f1315ba0fe) Importer(815301076,1909f56bfc062723c751e8b465ee728b)
Start importing Assets/cemetery halloween set/Prefab/skull_05.prefab using Guid(2d0d469e5377a0640b3219f1315ba0fe) Importer(815301076,1909f56bfc062723c751e8b465ee728b)  -> (artifact id: '869f37c0aac2c079540a733419482e7a') in 0.002129 seconds 
========================================================================
Received Import Request.
  Time since last request: 0.000016 seconds.
  path: Assets/cemetery halloween set/Prefab/skull_07.prefab
  artifactKey: Guid(f3ad0a7cee620e04da5d69d47d3ce8d7) Importer(815301076,1909f56bfc062723c751e8b465ee728b)
Start importing Assets/cemetery halloween set/Prefab/skull_07.prefab using Guid(f3ad0a7cee620e04da5d69d47d3ce8d7) Importer(815301076,1909f56bfc062723c751e8b465ee728b)  -> (artifact id: '0f591f3378c2b34daee2ca7545044c33') in 0.001783 seconds 
========================================================================
Received Import Request.
  Time since last request: 0.012580 seconds.
  path: Assets/cemetery halloween set/Prefab/spiderweb_03.prefab
  artifactKey: Guid(4e1fa11b62aab394b9e1e32c3f65dad1) Importer(815301076,1909f56bfc062723c751e8b465ee728b)
Start importing Assets/cemetery halloween set/Prefab/spiderweb_03.prefab using Guid(4e1fa11b62aab394b9e1e32c3f65dad1) Importer(815301076,1909f56bfc062723c751e8b465ee728b)  -> (artifact id: '0456ff95ee8b264e5cf58b698f74f0ad') in 0.002084 seconds 
========================================================================
Received Import Request.
  Time since last request: 0.000014 seconds.
  path: Assets/cemetery halloween set/Prefab/spokebone_01.prefab
  artifactKey: Guid(26a39a9e4e508834e920296ec8d2badf) Importer(815301076,1909f56bfc062723c751e8b465ee728b)
Start importing Assets/cemetery halloween set/Prefab/spokebone_01.prefab using Guid(26a39a9e4e508834e920296ec8d2badf) Importer(815301076,1909f56bfc062723c751e8b465ee728b)  -> (artifact id: '33e22e4e5369c1d3bc52d773125acad0') in 0.002139 seconds 
========================================================================
Received Import Request.
  Time since last request: 0.194278 seconds.
  path: Assets/cemetery halloween set/Prefab/Tree01_BG.prefab
  artifactKey: Guid(1cdf807532223d14c9e48b55f822643f) Importer(815301076,1909f56bfc062723c751e8b465ee728b)
Start importing Assets/cemetery halloween set/Prefab/Tree01_BG.prefab using Guid(1cdf807532223d14c9e48b55f822643f) Importer(815301076,1909f56bfc062723c751e8b465ee728b)  -> (artifact id: 'c929d3629cf1da9d438b12cd8a9d7a47') in 0.002001 seconds 
========================================================================
Received Import Request.
  Time since last request: 0.000012 seconds.
  path: Assets/cemetery halloween set/Prefab/zombie_hand_01.prefab
  artifactKey: Guid(347b062a472dc4f4fa9a4ac842f81c8b) Importer(815301076,1909f56bfc062723c751e8b465ee728b)
Start importing Assets/cemetery halloween set/Prefab/zombie_hand_01.prefab using Guid(347b062a472dc4f4fa9a4ac842f81c8b) Importer(815301076,1909f56bfc062723c751e8b465ee728b)  -> (artifact id: 'ee3f9ab15a86cd7173d3299fa64e6c4f') in 0.002671 seconds 
========================================================================
Received Import Request.
  Time since last request: 0.030612 seconds.
  path: Assets/cemetery halloween set/Prefab/zombie_hand_04.prefab
  artifactKey: Guid(0e9b6d3b0a23e874a8a20c5184502f87) Importer(815301076,1909f56bfc062723c751e8b465ee728b)
Start importing Assets/cemetery halloween set/Prefab/zombie_hand_04.prefab using Guid(0e9b6d3b0a23e874a8a20c5184502f87) Importer(815301076,1909f56bfc062723c751e8b465ee728b)  -> (artifact id: '4557dbb30dae04a011916b4a499bb774') in 0.002326 seconds 
========================================================================
Received Import Request.
  Time since last request: 0.000012 seconds.
  path: Assets/cemetery halloween set/Prefab/zombie_hand_06.prefab
  artifactKey: Guid(2f2887b4831288a4d84dcb977f270765) Importer(815301076,1909f56bfc062723c751e8b465ee728b)
Start importing Assets/cemetery halloween set/Prefab/zombie_hand_06.prefab using Guid(2f2887b4831288a4d84dcb977f270765) Importer(815301076,1909f56bfc062723c751e8b465ee728b)  -> (artifact id: '7b61adf5e60f1f0d5a2e5809dddc4f7e') in 0.001954 seconds 
========================================================================
Received Import Request.
  Time since last request: 1.975407 seconds.
  path: Assets/cemetery halloween set/Prefab_mobile/mobile_spokebone_03.prefab
  artifactKey: Guid(d57e1e04edc21874e83182ac2c199e71) Importer(815301076,1909f56bfc062723c751e8b465ee728b)
Start importing Assets/cemetery halloween set/Prefab_mobile/mobile_spokebone_03.prefab using Guid(d57e1e04edc21874e83182ac2c199e71) Importer(815301076,1909f56bfc062723c751e8b465ee728b)  -> (artifact id: '29164fb9ffb731d44ae920d1e765e279') in 0.017777 seconds 
========================================================================
Received Import Request.
  Time since last request: 0.000028 seconds.
  path: Assets/cemetery halloween set/Prefab_mobile/Tree01_BG.prefab
  artifactKey: Guid(ecfa1f25d7669da4c9bcdf7acf50da99) Importer(815301076,1909f56bfc062723c751e8b465ee728b)
Start importing Assets/cemetery halloween set/Prefab_mobile/Tree01_BG.prefab using Guid(ecfa1f25d7669da4c9bcdf7acf50da99) Importer(815301076,1909f56bfc062723c751e8b465ee728b)  -> (artifact id: '793e21e6cfb3fb6815e193f0a14fdd1d') in 0.008908 seconds 
========================================================================
Received Import Request.
  Time since last request: 0.000020 seconds.
  path: Assets/cemetery halloween set/Prefab_mobile/mobile_zombie_hand_04.prefab
  artifactKey: Guid(b17c8758517d6ef43882eb1f0880a3c4) Importer(815301076,1909f56bfc062723c751e8b465ee728b)
Start importing Assets/cemetery halloween set/Prefab_mobile/mobile_zombie_hand_04.prefab using Guid(b17c8758517d6ef43882eb1f0880a3c4) Importer(815301076,1909f56bfc062723c751e8b465ee728b)  -> (artifact id: 'd562d52443d57ba8dfc2653c5fa15a61') in 0.017505 seconds 
========================================================================
Received Import Request.
  Time since last request: 0.000023 seconds.
  path: Assets/cemetery halloween set/Prefab_mobile/mobile_tomb.prefab
  artifactKey: Guid(b3f1fbf83525753448ce81e345b1d42c) Importer(815301076,1909f56bfc062723c751e8b465ee728b)
Start importing Assets/cemetery halloween set/Prefab_mobile/mobile_tomb.prefab using Guid(b3f1fbf83525753448ce81e345b1d42c) Importer(815301076,1909f56bfc062723c751e8b465ee728b)  -> (artifact id: '14817fb81ffb5bcc32611660860f293a') in 0.018188 seconds 
========================================================================
Received Import Request.
  Time since last request: 0.000034 seconds.
  path: Assets/cemetery halloween set/Prefab_mobile/Tree03_BG.prefab
  artifactKey: Guid(1f15c9ff12e13e048b197fc392000825) Importer(815301076,1909f56bfc062723c751e8b465ee728b)
Start importing Assets/cemetery halloween set/Prefab_mobile/Tree03_BG.prefab using Guid(1f15c9ff12e13e048b197fc392000825) Importer(815301076,1909f56bfc062723c751e8b465ee728b)  -> (artifact id: '2692b4cc62e92510aed28f9f636af7f2') in 0.009771 seconds 
========================================================================
Received Import Request.
  Time since last request: 0.000015 seconds.
  path: Assets/cemetery halloween set/Prefab_mobile/Tree04_BG.prefab
  artifactKey: Guid(78555f4733f7d7d429f63aaf92c03e5e) Importer(815301076,1909f56bfc062723c751e8b465ee728b)
Start importing Assets/cemetery halloween set/Prefab_mobile/Tree04_BG.prefab using Guid(78555f4733f7d7d429f63aaf92c03e5e) Importer(815301076,1909f56bfc062723c751e8b465ee728b)  -> (artifact id: '24469af34e79fe7fe4021ad709d80338') in 0.008327 seconds 
========================================================================
Received Import Request.
  Time since last request: 0.000012 seconds.
  path: Assets/cemetery halloween set/Prefab_mobile/mobile_zombie_hand_01.prefab
  artifactKey: Guid(ffbb095f277e7c24594198c84b0f749f) Importer(815301076,1909f56bfc062723c751e8b465ee728b)
Start importing Assets/cemetery halloween set/Prefab_mobile/mobile_zombie_hand_01.prefab using Guid(ffbb095f277e7c24594198c84b0f749f) Importer(815301076,1909f56bfc062723c751e8b465ee728b)  -> (artifact id: 'b4667eee4cdea62f4905d8f79d2d81ed') in 0.016473 seconds 
========================================================================
Received Import Request.
  Time since last request: 0.000025 seconds.
  path: Assets/cemetery halloween set/Prefab_mobile/mobile_zombie_hand_06.prefab
  artifactKey: Guid(503c5c360c6265f48bdfa88c8c90534e) Importer(815301076,1909f56bfc062723c751e8b465ee728b)
Start importing Assets/cemetery halloween set/Prefab_mobile/mobile_zombie_hand_06.prefab using Guid(503c5c360c6265f48bdfa88c8c90534e) Importer(815301076,1909f56bfc062723c751e8b465ee728b)  -> (artifact id: '309a04ec1153713abaee348e03da6f8c') in 0.018113 seconds 
========================================================================
Received Import Request.
  Time since last request: 0.000039 seconds.
  path: Assets/cemetery halloween set/Prefab_mobile/mobile_zombie_hand_08.prefab
  artifactKey: Guid(0376a16bf199eb04fba2e6f2a8739ea8) Importer(815301076,1909f56bfc062723c751e8b465ee728b)
Start importing Assets/cemetery halloween set/Prefab_mobile/mobile_zombie_hand_08.prefab using Guid(0376a16bf199eb04fba2e6f2a8739ea8) Importer(815301076,1909f56bfc062723c751e8b465ee728b)  -> (artifact id: '4f68d99faa7c2a56263ed885ce4b74eb') in 0.018814 seconds 
========================================================================
Received Import Request.
  Time since last request: 2.091258 seconds.
  path: Assets/cemetery halloween set/Prefab_mobile/mobile_skull_05.prefab
  artifactKey: Guid(5f53b4e330d232643aae1c3acd464283) Importer(815301076,1909f56bfc062723c751e8b465ee728b)
Start importing Assets/cemetery halloween set/Prefab_mobile/mobile_skull_05.prefab using Guid(5f53b4e330d232643aae1c3acd464283) Importer(815301076,1909f56bfc062723c751e8b465ee728b)  -> (artifact id: '68c23d99b50a42cece6b7b1ba5b22387') in 0.019245 seconds 
========================================================================
Received Import Request.
  Time since last request: 0.000043 seconds.
  path: Assets/cemetery halloween set/Prefab_mobile/mobile_skull_07.prefab
  artifactKey: Guid(b77a64372b566af408dd4c284e167e25) Importer(815301076,1909f56bfc062723c751e8b465ee728b)
Start importing Assets/cemetery halloween set/Prefab_mobile/mobile_skull_07.prefab using Guid(b77a64372b566af408dd4c284e167e25) Importer(815301076,1909f56bfc062723c751e8b465ee728b)  -> (artifact id: '19c783895af3536ec9f00574e4a92438') in 0.019690 seconds 
========================================================================
Received Import Request.
  Time since last request: 0.404780 seconds.
  path: Assets/cemetery halloween set/Prefab_mobile/mobile_rock_12.prefab
  artifactKey: Guid(3b6669518fcce194991ed5f8f079d647) Importer(815301076,1909f56bfc062723c751e8b465ee728b)
Start importing Assets/cemetery halloween set/Prefab_mobile/mobile_rock_12.prefab using Guid(3b6669518fcce194991ed5f8f079d647) Importer(815301076,1909f56bfc062723c751e8b465ee728b)  -> (artifact id: 'b49d7f8e84329502517f219df1acb9c8') in 0.018907 seconds 
========================================================================
Received Import Request.
  Time since last request: 0.000030 seconds.
  path: Assets/cemetery halloween set/Prefab_mobile/mobile_skull_01.prefab
  artifactKey: Guid(62b8df686f4cf764e8a6811533f005ab) Importer(815301076,1909f56bfc062723c751e8b465ee728b)
Start importing Assets/cemetery halloween set/Prefab_mobile/mobile_skull_01.prefab using Guid(62b8df686f4cf764e8a6811533f005ab) Importer(815301076,1909f56bfc062723c751e8b465ee728b)  -> (artifact id: '6d0da65361b7847ecb75c0ef81b594d8') in 0.020591 seconds 
========================================================================
Received Import Request.
  Time since last request: 0.144208 seconds.
  path: Assets/cemetery halloween set/Prefab_mobile/mobile_rock_05.prefab
  artifactKey: Guid(b097be0cecf330f4187d6b0ab1e6c9aa) Importer(815301076,1909f56bfc062723c751e8b465ee728b)
Start importing Assets/cemetery halloween set/Prefab_mobile/mobile_rock_05.prefab using Guid(b097be0cecf330f4187d6b0ab1e6c9aa) Importer(815301076,1909f56bfc062723c751e8b465ee728b)  -> (artifact id: 'de1249330355bf52846a31e0b26a866e') in 0.019137 seconds 
========================================================================
Received Import Request.
  Time since last request: 0.000029 seconds.
  path: Assets/cemetery halloween set/Prefab_mobile/mobile_rock_10.prefab
  artifactKey: Guid(042986cebc0860848a49b95d417bc331) Importer(815301076,1909f56bfc062723c751e8b465ee728b)
Start importing Assets/cemetery halloween set/Prefab_mobile/mobile_rock_10.prefab using Guid(042986cebc0860848a49b95d417bc331) Importer(815301076,1909f56bfc062723c751e8b465ee728b)  -> (artifact id: '33f0529c38032ec54e544d76cd11e20a') in 0.020342 seconds 
========================================================================
Received Import Request.
  Time since last request: 0.321189 seconds.
  path: Assets/cemetery halloween set/Prefab_mobile/mobile_pumpkin_10.prefab
  artifactKey: Guid(ddcbd36aced5ba4438c06c370af10e3f) Importer(815301076,1909f56bfc062723c751e8b465ee728b)
Start importing Assets/cemetery halloween set/Prefab_mobile/mobile_pumpkin_10.prefab using Guid(ddcbd36aced5ba4438c06c370af10e3f) Importer(815301076,1909f56bfc062723c751e8b465ee728b)  -> (artifact id: '3b36e043a0347d2004448a2cabdbb5b9') in 0.019239 seconds 
========================================================================
Received Import Request.
  Time since last request: 0.000025 seconds.
  path: Assets/cemetery halloween set/Prefab_mobile/mobile_rock_01.prefab
  artifactKey: Guid(5ad48cb888c70244fa7f061de398fbc4) Importer(815301076,1909f56bfc062723c751e8b465ee728b)
Start importing Assets/cemetery halloween set/Prefab_mobile/mobile_rock_01.prefab using Guid(5ad48cb888c70244fa7f061de398fbc4) Importer(815301076,1909f56bfc062723c751e8b465ee728b)  -> (artifact id: '530adff696fbc8e2af244932624ce147') in 0.019775 seconds 
========================================================================
Received Import Request.
  Time since last request: 0.290798 seconds.
  path: Assets/cemetery halloween set/Prefab_mobile/mobile_pumpkin_03.prefab
  artifactKey: Guid(909d6213f93e4ae4abfc611dafaf5513) Importer(815301076,1909f56bfc062723c751e8b465ee728b)
Start importing Assets/cemetery halloween set/Prefab_mobile/mobile_pumpkin_03.prefab using Guid(909d6213f93e4ae4abfc611dafaf5513) Importer(815301076,1909f56bfc062723c751e8b465ee728b)  -> (artifact id: '74e30150aad5247d789f8a4f46be3018') in 0.018958 seconds 
========================================================================
Received Import Request.
  Time since last request: 0.000022 seconds.
  path: Assets/cemetery halloween set/Prefab_mobile/mobile_pumpkin_05.prefab
  artifactKey: Guid(3e095df96b0ce844eb36f6e1daff0764) Importer(815301076,1909f56bfc062723c751e8b465ee728b)
Start importing Assets/cemetery halloween set/Prefab_mobile/mobile_pumpkin_05.prefab using Guid(3e095df96b0ce844eb36f6e1daff0764) Importer(815301076,1909f56bfc062723c751e8b465ee728b)  -> (artifact id: 'f90a441c1da7c5bdac014d5e569ca7c0') in 0.020443 seconds 
========================================================================
Received Import Request.
  Time since last request: 0.041772 seconds.
  path: Assets/cemetery halloween set/Prefab_mobile/mobile_lava_dead_tree_02.prefab
  artifactKey: Guid(7f76e4513eff39d4fb3031a1beace14c) Importer(815301076,1909f56bfc062723c751e8b465ee728b)
Start importing Assets/cemetery halloween set/Prefab_mobile/mobile_lava_dead_tree_02.prefab using Guid(7f76e4513eff39d4fb3031a1beace14c) Importer(815301076,1909f56bfc062723c751e8b465ee728b)  -> (artifact id: '6ec65be4da844e1e148506506569b227') in 0.019269 seconds 
========================================================================
Received Import Request.
  Time since last request: 0.000027 seconds.
  path: Assets/cemetery halloween set/Prefab_mobile/mobile_lava_dead_tree_06.prefab
  artifactKey: Guid(9c1cf8ffa21925241a6a8bd1ffe00d3e) Importer(815301076,1909f56bfc062723c751e8b465ee728b)
Start importing Assets/cemetery halloween set/Prefab_mobile/mobile_lava_dead_tree_06.prefab using Guid(9c1cf8ffa21925241a6a8bd1ffe00d3e) Importer(815301076,1909f56bfc062723c751e8b465ee728b)  -> (artifact id: 'ca06cf991e8d6a47a90255b81102f7a4') in 0.020541 seconds 
========================================================================
Received Import Request.
  Time since last request: 0.000041 seconds.
  path: Assets/cemetery halloween set/Prefab_mobile/mobile_pumpkin_01.prefab
  artifactKey: Guid(883c23b069c720d4694d86593d27b49b) Importer(815301076,1909f56bfc062723c751e8b465ee728b)
Start importing Assets/cemetery halloween set/Prefab_mobile/mobile_pumpkin_01.prefab using Guid(883c23b069c720d4694d86593d27b49b) Importer(815301076,1909f56bfc062723c751e8b465ee728b)  -> (artifact id: '3c00a7a13d27316545201430c53394e0') in 0.014017 seconds 
========================================================================
Received Import Request.
  Time since last request: 1.946450 seconds.
  path: Assets/cemetery halloween set/Prefab_mobile/mobile_gravestone_10.prefab
  artifactKey: Guid(a5cc8d561f807744c989a5da391cb2ec) Importer(815301076,1909f56bfc062723c751e8b465ee728b)
Start importing Assets/cemetery halloween set/Prefab_mobile/mobile_gravestone_10.prefab using Guid(a5cc8d561f807744c989a5da391cb2ec) Importer(815301076,1909f56bfc062723c751e8b465ee728b)  -> (artifact id: 'ae86839c126d3d78ee62699efdc9b648') in 0.019086 seconds 
========================================================================
Received Import Request.
  Time since last request: 0.000027 seconds.
  path: Assets/cemetery halloween set/Prefab_mobile/mobile_hang_pumpkin_03.prefab
  artifactKey: Guid(cba33deba0888a246a88c500ec7d715b) Importer(815301076,1909f56bfc062723c751e8b465ee728b)
Start importing Assets/cemetery halloween set/Prefab_mobile/mobile_hang_pumpkin_03.prefab using Guid(cba33deba0888a246a88c500ec7d715b) Importer(815301076,1909f56bfc062723c751e8b465ee728b)  -> (artifact id: 'dd0b5adf687b9d9e5784d50aa10fe543') in 0.020335 seconds 
========================================================================
Received Import Request.
  Time since last request: 120.747626 seconds.
  path: Assets/mobile_gravestone_09.fbx
  artifactKey: Guid(690021454a47bee41959e17cf0212b91) Importer(815301076,1909f56bfc062723c751e8b465ee728b)
Start importing Assets/mobile_gravestone_09.fbx using Guid(690021454a47bee41959e17cf0212b91) Importer(815301076,1909f56bfc062723c751e8b465ee728b)  -> (artifact id: 'fd7a753a8bc5f494a208c11f9ebb2f6e') in 0.024607 seconds 
========================================================================
Received Import Request.
  Time since last request: 0.000035 seconds.
  path: Assets/mobile_gravestone_03.fbx
  artifactKey: Guid(468ea0b11c46b024ba9150a745b6dd82) Importer(815301076,1909f56bfc062723c751e8b465ee728b)
Start importing Assets/mobile_gravestone_03.fbx using Guid(468ea0b11c46b024ba9150a745b6dd82) Importer(815301076,1909f56bfc062723c751e8b465ee728b)  -> (artifact id: 'f3a9ba17841897fa6c57fdbefd7905bb') in 0.022472 seconds 
========================================================================
Received Import Request.
  Time since last request: 0.000029 seconds.
  path: Assets/mobile_tomb.fbx
  artifactKey: Guid(5d493aa214a7dc045b4313f080a0eeb5) Importer(815301076,1909f56bfc062723c751e8b465ee728b)
Start importing Assets/mobile_tomb.fbx using Guid(5d493aa214a7dc045b4313f080a0eeb5) Importer(815301076,1909f56bfc062723c751e8b465ee728b)  -> (artifact id: 'c0472339204c20ae252ba2c949ec2951') in 0.021399 seconds 
========================================================================
Received Import Request.
  Time since last request: 0.940307 seconds.
  path: Assets/mobile_gravestone_09.fbx
  artifactKey: Guid(690021454a47bee41959e17cf0212b91) Importer(815301076,1909f56bfc062723c751e8b465ee728b)
Start importing Assets/mobile_gravestone_09.fbx using Guid(690021454a47bee41959e17cf0212b91) Importer(815301076,1909f56bfc062723c751e8b465ee728b)  -> (artifact id: '110bf09ffb827b9b582db669c2d436de') in 0.020527 seconds 
========================================================================
Received Import Request.
  Time since last request: 0.000035 seconds.
  path: Assets/mobile_gravestone_03.fbx
  artifactKey: Guid(468ea0b11c46b024ba9150a745b6dd82) Importer(815301076,1909f56bfc062723c751e8b465ee728b)
Start importing Assets/mobile_gravestone_03.fbx using Guid(468ea0b11c46b024ba9150a745b6dd82) Importer(815301076,1909f56bfc062723c751e8b465ee728b)  -> (artifact id: '832b9260d43b065bc4903483fafad719') in 0.020810 seconds 
========================================================================
Received Import Request.
  Time since last request: 0.000017 seconds.
  path: Assets/mobile_tomb.fbx
  artifactKey: Guid(5d493aa214a7dc045b4313f080a0eeb5) Importer(815301076,1909f56bfc062723c751e8b465ee728b)
Start importing Assets/mobile_tomb.fbx using Guid(5d493aa214a7dc045b4313f080a0eeb5) Importer(815301076,1909f56bfc062723c751e8b465ee728b)  -> (artifact id: '8d6a52aa26c07206154a74ca46d2a5b6') in 0.019501 seconds 
========================================================================
Received Import Request.
  Time since last request: 1.589135 seconds.
  path: Assets/mobile_gravestone_09.fbx
  artifactKey: Guid(690021454a47bee41959e17cf0212b91) Importer(815301076,1909f56bfc062723c751e8b465ee728b)
Start importing Assets/mobile_gravestone_09.fbx using Guid(690021454a47bee41959e17cf0212b91) Importer(815301076,1909f56bfc062723c751e8b465ee728b)  -> (artifact id: '3dd87c4ae8a8e165779e422a4c7f6d0b') in 0.027107 seconds 
========================================================================
Received Import Request.
  Time since last request: 0.000018 seconds.
  path: Assets/mobile_gravestone_03.fbx
  artifactKey: Guid(468ea0b11c46b024ba9150a745b6dd82) Importer(815301076,1909f56bfc062723c751e8b465ee728b)
Start importing Assets/mobile_gravestone_03.fbx using Guid(468ea0b11c46b024ba9150a745b6dd82) Importer(815301076,1909f56bfc062723c751e8b465ee728b)  -> (artifact id: '829eb9a2349969c2e0995169ec66d5f1') in 0.021229 seconds 
Editor requested this worker to shutdown with reason: Scaling down because of idle timeout
AssetImportWorker is now disconnected from the server
Process exiting
Exiting without the bug reporter. Application will terminate with return code 0