Using pre-set license
Built from '2021.3/staging' branch; Version is '2021.3.26f1 (a16dc32e0ff2) revision 10579395'; Using compiler version '192829333'; Build Type 'Release'
OS: 'Windows 11  (10.0.26100) 64bit Professional' Language: 'ru' Physical Memory: 32677 MB
BatchMode: 1, IsHumanControllingUs: 0, StartBugReporterOnCrash: 0, Is64bit: 1, IsPro: 1

COMMAND LINE ARGUMENTS:
C:\Program Files\Unity\Hub\Editor\2021.3.26f1\Editor\Unity.exe
-adb2
-batchMode
-noUpm
-name
AssetImportWorker3
-projectPath
D:/UnityProjects/GardenOfDreams
-logFile
Logs/AssetImportWorker3.log
-srvPort
56624
Successfully changed project path to: D:/UnityProjects/GardenOfDreams
D:/UnityProjects/GardenOfDreams
[UnityMemory] Configuration Parameters - Can be set up in boot.config
    "memorysetup-bucket-allocator-granularity=16"
    "memorysetup-bucket-allocator-bucket-count=8"
    "memorysetup-bucket-allocator-block-size=33554432"
    "memorysetup-bucket-allocator-block-count=8"
    "memorysetup-main-allocator-block-size=16777216"
    "memorysetup-thread-allocator-block-size=16777216"
    "memorysetup-gfx-main-allocator-block-size=16777216"
    "memorysetup-gfx-thread-allocator-block-size=16777216"
    "memorysetup-cache-allocator-block-size=4194304"
    "memorysetup-typetree-allocator-block-size=2097152"
    "memorysetup-profiler-bucket-allocator-granularity=16"
    "memorysetup-profiler-bucket-allocator-bucket-count=8"
    "memorysetup-profiler-bucket-allocator-block-size=33554432"
    "memorysetup-profiler-bucket-allocator-block-count=8"
    "memorysetup-profiler-allocator-block-size=16777216"
    "memorysetup-profiler-editor-allocator-block-size=1048576"
    "memorysetup-temp-allocator-size-main=16777216"
    "memorysetup-job-temp-allocator-block-size=2097152"
    "memorysetup-job-temp-allocator-block-size-background=1048576"
    "memorysetup-job-temp-allocator-reduction-small-platforms=262144"
    "memorysetup-temp-allocator-size-background-worker=32768"
    "memorysetup-temp-allocator-size-job-worker=262144"
    "memorysetup-temp-allocator-size-preload-manager=33554432"
    "memorysetup-temp-allocator-size-nav-mesh-worker=65536"
    "memorysetup-temp-allocator-size-audio-worker=65536"
    "memorysetup-temp-allocator-size-cloud-worker=32768"
    "memorysetup-temp-allocator-size-gi-baking-worker=262144"
    "memorysetup-temp-allocator-size-gfx=262144"
Player connection [8368] Host "[IP] 192.168.88.25 [Port] 0 [Flags] 2 [Guid] 1281270891 [EditorId] 1281270891 [Version] 1048832 [Id] WindowsEditor(7,Fellar) [Debug] 1 [PackageName] WindowsEditor [ProjectName] Editor" joined multi-casting on [225.0.0.222:54997]...

Player connection [8368] Host "[IP] 192.168.88.25 [Port] 0 [Flags] 2 [Guid] 1281270891 [EditorId] 1281270891 [Version] 1048832 [Id] WindowsEditor(7,Fellar) [Debug] 1 [PackageName] WindowsEditor [ProjectName] Editor" joined alternative multi-casting on [225.0.0.222:34997]...

Refreshing native plugins compatible for Editor in 55.21 ms, found 3 plugins.
Preloading 0 native plugins for Editor in 0.00 ms.
Initialize engine version: 2021.3.26f1 (a16dc32e0ff2)
[Subsystems] Discovering subsystems at path C:/Program Files/Unity/Hub/Editor/2021.3.26f1/Editor/Data/Resources/UnitySubsystems
[Subsystems] Discovering subsystems at path D:/UnityProjects/GardenOfDreams/Assets
GfxDevice: creating device client; threaded=0; jobified=0
Direct3D:
    Version:  Direct3D 11.0 [level 11.1]
    Renderer: NVIDIA GeForce GTX 1080 (ID=0x1b80)
    Vendor:   NVIDIA
    VRAM:     8059 MB
    Driver:   32.0.15.6636
Initialize mono
Mono path[0] = 'C:/Program Files/Unity/Hub/Editor/2021.3.26f1/Editor/Data/Managed'
Mono path[1] = 'C:/Program Files/Unity/Hub/Editor/2021.3.26f1/Editor/Data/MonoBleedingEdge/lib/mono/unityjit-win32'
Mono config path = 'C:/Program Files/Unity/Hub/Editor/2021.3.26f1/Editor/Data/MonoBleedingEdge/etc'
Using monoOptions --debugger-agent=transport=dt_socket,embedding=1,server=y,suspend=n,address=127.0.0.1:56380
Begin MonoManager ReloadAssembly
Registering precompiled unity dll's ...
Register platform support module: C:/Program Files/Unity/Hub/Editor/2021.3.26f1/Editor/Data/PlaybackEngines/WebGLSupport/UnityEditor.WebGL.Extensions.dll
Register platform support module: C:/Program Files/Unity/Hub/Editor/2021.3.26f1/Editor/Data/PlaybackEngines/AndroidPlayer/UnityEditor.Android.Extensions.dll
Register platform support module: C:/Program Files/Unity/Hub/Editor/2021.3.26f1/Editor/Data/PlaybackEngines/WindowsStandaloneSupport/UnityEditor.WindowsStandalone.Extensions.dll
Registered in 0.004943 seconds.
Native extension for WindowsStandalone target not found
Native extension for Android target not found
Android Extension - Scanning For ADB Devices 252 ms
Native extension for WebGL target not found
Refreshing native plugins compatible for Editor in 59.51 ms, found 3 plugins.
Preloading 0 native plugins for Editor in 0.00 ms.
Mono: successfully reloaded assembly
- Completed reload, in  0.771 seconds
Domain Reload Profiling:
	ReloadAssembly (771ms)
		BeginReloadAssembly (65ms)
			ExecutionOrderSort (0ms)
			DisableScriptedObjects (0ms)
			BackupInstance (0ms)
			ReleaseScriptingObjects (0ms)
			CreateAndSetChildDomain (1ms)
		EndReloadAssembly (628ms)
			LoadAssemblies (64ms)
			RebuildTransferFunctionScriptingTraits (0ms)
			SetupTypeCache (78ms)
			ReleaseScriptCaches (0ms)
			RebuildScriptCaches (20ms)
			SetupLoadedEditorAssemblies (490ms)
				LogAssemblyErrors (0ms)
				InitializePlatformSupportModulesInManaged (321ms)
				SetLoadedEditorAssemblies (0ms)
				RefreshPlugins (60ms)
				BeforeProcessingInitializeOnLoad (1ms)
				ProcessInitializeOnLoadAttributes (74ms)
				ProcessInitializeOnLoadMethodAttributes (35ms)
				AfterProcessingInitializeOnLoad (0ms)
				EditorAssembliesLoaded (0ms)
			ExecutionOrderSort2 (0ms)
			AwakeInstancesAfterBackupRestoration (0ms)
Platform modules already initialized, skipping
Registering precompiled user dll's ...
Registered in 0.002622 seconds.
Begin MonoManager ReloadAssembly
Symbol file LoadedFromMemory doesn't match image D:\UnityProjects\GardenOfDreams\Library\PackageCache\com.unity.visualscripting@1.8.0\Editor\VisualScripting.Core\Dependencies\YamlDotNet\Unity.VisualScripting.YamlDotNet.dll
Symbol file LoadedFromMemory doesn't match image D:\UnityProjects\GardenOfDreams\Library\PackageCache\com.unity.visualscripting@1.8.0\Editor\VisualScripting.Core\Dependencies\DotNetZip\Unity.VisualScripting.IonicZip.dll
Native extension for WindowsStandalone target not found
Native extension for Android target not found
Native extension for WebGL target not found
Refreshing native plugins compatible for Editor in 0.49 ms, found 3 plugins.
Preloading 0 native plugins for Editor in 0.00 ms.
Mono: successfully reloaded assembly
- Completed reload, in  0.745 seconds
Domain Reload Profiling:
	ReloadAssembly (746ms)
		BeginReloadAssembly (94ms)
			ExecutionOrderSort (0ms)
			DisableScriptedObjects (5ms)
			BackupInstance (0ms)
			ReleaseScriptingObjects (0ms)
			CreateAndSetChildDomain (16ms)
		EndReloadAssembly (572ms)
			LoadAssemblies (67ms)
			RebuildTransferFunctionScriptingTraits (0ms)
			SetupTypeCache (190ms)
			ReleaseScriptCaches (0ms)
			RebuildScriptCaches (34ms)
			SetupLoadedEditorAssemblies (259ms)
				LogAssemblyErrors (0ms)
				InitializePlatformSupportModulesInManaged (17ms)
				SetLoadedEditorAssemblies (0ms)
				RefreshPlugins (1ms)
				BeforeProcessingInitializeOnLoad (55ms)
				ProcessInitializeOnLoadAttributes (165ms)
				ProcessInitializeOnLoadMethodAttributes (15ms)
				AfterProcessingInitializeOnLoad (6ms)
				EditorAssembliesLoaded (0ms)
			ExecutionOrderSort2 (0ms)
			AwakeInstancesAfterBackupRestoration (5ms)
Platform modules already initialized, skipping
========================================================================
Worker process is ready to serve import requests
Launched and connected shader compiler UnityShaderCompiler.exe after 0.03 seconds
Refreshing native plugins compatible for Editor in 0.49 ms, found 3 plugins.
Preloading 0 native plugins for Editor in 0.00 ms.
Unloading 3053 Unused Serialized files (Serialized files now loaded: 0)
Unloading 22 unused Assets / (284.5 KB). Loaded Objects now: 3543.
Memory consumption went from 125.7 MB to 125.5 MB.
Total: 2.554700 ms (FindLiveObjects: 0.192200 ms CreateObjectMapping: 0.102400 ms MarkObjects: 2.197100 ms  DeleteObjects: 0.062400 ms)

AssetImportParameters requested are different than current active one (requested -> active):
  custom:video-decoder-ogg-theora: a1e56fd34408186e4bbccfd4996cb3dc -> 
  custom:container-muxer-webm: aa71ff27fc2769a1b78a27578f13a17b -> 
  custom:container-demuxer-webm: 4f35f7cbe854078d1ac9338744f61a02 -> 
  custom:video-encoder-webm-vp8: eb34c28f22e8b96e1ab97ce403110664 -> 
  custom:video-codec-MediaFoundation-h265: 746d11721c4dcdbdad8f713fa42b33f4 -> 
  custom:audio-encoder-webm-vorbis: bf7c407c2cedff20999df2af8eb42d56 -> 
  custom:framework-win-MediaFoundation: 216162199b28c13a410421893ffa2e32 -> 
  custom:container-demuxer-ogg: 62fdf1f143b41e24485cea50d1cbac27 -> 
  custom:video-decoder-webm-vp8: 9c59270c3fd7afecdb556c50c9e8de78 -> 
  custom:audio-decoder-ogg-vorbis: bf7c407c2cedff20999df2af8eb42d56 -> 
========================================================================
Received Import Request.
  Time since last request: 125136.116075 seconds.
  path: Assets/Charttyp/Stylized fantasy pagan village/Prefabs/Branch_1.prefab
  artifactKey: Guid(95eec7eaaa07f9d4eb9c3defb4ccbe5c) Importer(815301076,1909f56bfc062723c751e8b465ee728b)
Start importing Assets/Charttyp/Stylized fantasy pagan village/Prefabs/Branch_1.prefab using Guid(95eec7eaaa07f9d4eb9c3defb4ccbe5c) Importer(815301076,1909f56bfc062723c751e8b465ee728b)  -> (artifact id: 'cf57e099ae567cdc6bdb20d1998a7bb4') in 0.117794 seconds 
========================================================================
Received Import Request.
  Time since last request: 0.000030 seconds.
  path: Assets/Charttyp/Stylized fantasy pagan village/Prefabs/Chest_plank_apple.prefab
  artifactKey: Guid(2146705ef107259438aca88b0e511407) Importer(815301076,1909f56bfc062723c751e8b465ee728b)
Start importing Assets/Charttyp/Stylized fantasy pagan village/Prefabs/Chest_plank_apple.prefab using Guid(2146705ef107259438aca88b0e511407) Importer(815301076,1909f56bfc062723c751e8b465ee728b)  -> (artifact id: '6797d65f05f2f893cbe3256b5ce68dc9') in 0.014979 seconds 
========================================================================
Received Import Request.
  Time since last request: 0.000028 seconds.
  path: Assets/Charttyp/Stylized fantasy pagan village/Prefabs/House_03.prefab
  artifactKey: Guid(962b3bc8cfb64ac4cbdf99003a38ce22) Importer(815301076,1909f56bfc062723c751e8b465ee728b)
Start importing Assets/Charttyp/Stylized fantasy pagan village/Prefabs/House_03.prefab using Guid(962b3bc8cfb64ac4cbdf99003a38ce22) Importer(815301076,1909f56bfc062723c751e8b465ee728b)  -> (artifact id: 'e7ea585d48ace4671fa8d44d06af965a') in 0.063685 seconds 
========================================================================
Received Import Request.
  Time since last request: 1.462218 seconds.
  path: Assets/Charttyp/Stylized fantasy pagan village/Prefabs/Branch_1.prefab
  artifactKey: Guid(95eec7eaaa07f9d4eb9c3defb4ccbe5c) Importer(815301076,1909f56bfc062723c751e8b465ee728b)
Start importing Assets/Charttyp/Stylized fantasy pagan village/Prefabs/Branch_1.prefab using Guid(95eec7eaaa07f9d4eb9c3defb4ccbe5c) Importer(815301076,1909f56bfc062723c751e8b465ee728b)  -> (artifact id: '45ca3206b59564e313ad1f1260960e3e') in 0.012259 seconds 
========================================================================
Received Import Request.
  Time since last request: 0.000016 seconds.
  path: Assets/Charttyp/Stylized fantasy pagan village/Prefabs/Chest_1.prefab
  artifactKey: Guid(a2d0e5373a1b63a4698a18db0e1839ae) Importer(815301076,1909f56bfc062723c751e8b465ee728b)
Start importing Assets/Charttyp/Stylized fantasy pagan village/Prefabs/Chest_1.prefab using Guid(a2d0e5373a1b63a4698a18db0e1839ae) Importer(815301076,1909f56bfc062723c751e8b465ee728b)  -> (artifact id: 'c87af215fcb90443b7a56a3cadb1e9d9') in 0.012070 seconds 
========================================================================
Received Import Request.
  Time since last request: 0.000016 seconds.
  path: Assets/Charttyp/Stylized fantasy pagan village/Prefabs/Bush_2.prefab
  artifactKey: Guid(3cb555c6203471443b9a188e07a6c0dc) Importer(815301076,1909f56bfc062723c751e8b465ee728b)
Start importing Assets/Charttyp/Stylized fantasy pagan village/Prefabs/Bush_2.prefab using Guid(3cb555c6203471443b9a188e07a6c0dc) Importer(815301076,1909f56bfc062723c751e8b465ee728b)  -> (artifact id: '88bd0471f896ffc0fb8f191923d25c5d') in 0.012347 seconds 
========================================================================
Received Import Request.
  Time since last request: 0.000016 seconds.
  path: Assets/Charttyp/Stylized fantasy pagan village/Prefabs/Grass_1.prefab
  artifactKey: Guid(2f6e2101e3cef964da1236f884c3e582) Importer(815301076,1909f56bfc062723c751e8b465ee728b)
Start importing Assets/Charttyp/Stylized fantasy pagan village/Prefabs/Grass_1.prefab using Guid(2f6e2101e3cef964da1236f884c3e582) Importer(815301076,1909f56bfc062723c751e8b465ee728b)  -> (artifact id: '3f77c403cb09ff48a3b33afe0abc978b') in 0.008879 seconds 
========================================================================
Received Import Request.
  Time since last request: 0.000018 seconds.
  path: Assets/Charttyp/Stylized fantasy pagan village/Prefabs/Fence_1.prefab
  artifactKey: Guid(67a81418ac3e9e74590681e75bee6b15) Importer(815301076,1909f56bfc062723c751e8b465ee728b)
Start importing Assets/Charttyp/Stylized fantasy pagan village/Prefabs/Fence_1.prefab using Guid(67a81418ac3e9e74590681e75bee6b15) Importer(815301076,1909f56bfc062723c751e8b465ee728b)  -> (artifact id: '5eac845332f36f9a165d79eb222d644e') in 0.014640 seconds 
========================================================================
Received Import Request.
  Time since last request: 0.000016 seconds.
  path: Assets/Charttyp/Stylized fantasy pagan village/Prefabs/House_03.prefab
  artifactKey: Guid(962b3bc8cfb64ac4cbdf99003a38ce22) Importer(815301076,1909f56bfc062723c751e8b465ee728b)
Start importing Assets/Charttyp/Stylized fantasy pagan village/Prefabs/House_03.prefab using Guid(962b3bc8cfb64ac4cbdf99003a38ce22) Importer(815301076,1909f56bfc062723c751e8b465ee728b)  -> (artifact id: '1716cd2be4645745bf042893679c24a1') in 0.050009 seconds 
========================================================================
Received Import Request.
  Time since last request: 0.782953 seconds.
  path: Assets/Charttyp/Stylized fantasy pagan village/Prefabs/Branch_1.prefab
  artifactKey: Guid(95eec7eaaa07f9d4eb9c3defb4ccbe5c) Importer(815301076,1909f56bfc062723c751e8b465ee728b)
Start importing Assets/Charttyp/Stylized fantasy pagan village/Prefabs/Branch_1.prefab using Guid(95eec7eaaa07f9d4eb9c3defb4ccbe5c) Importer(815301076,1909f56bfc062723c751e8b465ee728b)  -> (artifact id: '3769022e098ebc2f67a0b5ce5888fc21') in 0.012613 seconds 
========================================================================
Received Import Request.
  Time since last request: 0.000017 seconds.
  path: Assets/Charttyp/Stylized fantasy pagan village/Prefabs/Chest_1.prefab
  artifactKey: Guid(a2d0e5373a1b63a4698a18db0e1839ae) Importer(815301076,1909f56bfc062723c751e8b465ee728b)
Start importing Assets/Charttyp/Stylized fantasy pagan village/Prefabs/Chest_1.prefab using Guid(a2d0e5373a1b63a4698a18db0e1839ae) Importer(815301076,1909f56bfc062723c751e8b465ee728b)  -> (artifact id: '64751a52b5e298f30d775e33135337bc') in 0.011283 seconds 
========================================================================
Received Import Request.
  Time since last request: 0.000017 seconds.
  path: Assets/Charttyp/Stylized fantasy pagan village/Prefabs/Bush_2.prefab
  artifactKey: Guid(3cb555c6203471443b9a188e07a6c0dc) Importer(815301076,1909f56bfc062723c751e8b465ee728b)
Start importing Assets/Charttyp/Stylized fantasy pagan village/Prefabs/Bush_2.prefab using Guid(3cb555c6203471443b9a188e07a6c0dc) Importer(815301076,1909f56bfc062723c751e8b465ee728b)  -> (artifact id: '6ef29511447ae30d7dce8c21243cdd46') in 0.012150 seconds 
========================================================================
Received Import Request.
  Time since last request: 0.000019 seconds.
  path: Assets/Charttyp/Stylized fantasy pagan village/Prefabs/Grass_1.prefab
  artifactKey: Guid(2f6e2101e3cef964da1236f884c3e582) Importer(815301076,1909f56bfc062723c751e8b465ee728b)
Start importing Assets/Charttyp/Stylized fantasy pagan village/Prefabs/Grass_1.prefab using Guid(2f6e2101e3cef964da1236f884c3e582) Importer(815301076,1909f56bfc062723c751e8b465ee728b)  -> (artifact id: '3b21a918ccc0d5fbb9213ed53c187769') in 0.009304 seconds 
========================================================================
Received Import Request.
  Time since last request: 0.000025 seconds.
  path: Assets/Charttyp/Stylized fantasy pagan village/Prefabs/Chest_plank_apple.prefab
  artifactKey: Guid(2146705ef107259438aca88b0e511407) Importer(815301076,1909f56bfc062723c751e8b465ee728b)
Start importing Assets/Charttyp/Stylized fantasy pagan village/Prefabs/Chest_plank_apple.prefab using Guid(2146705ef107259438aca88b0e511407) Importer(815301076,1909f56bfc062723c751e8b465ee728b)  -> (artifact id: '7bf960b2ccfb141060e6252a7a2a95cc') in 0.012191 seconds 
========================================================================
Received Import Request.
  Time since last request: 0.000021 seconds.
  path: Assets/Charttyp/Stylized fantasy pagan village/Prefabs/Laundry_hanger_1.prefab
  artifactKey: Guid(50b05f5887ffab04cada141d5819faca) Importer(815301076,1909f56bfc062723c751e8b465ee728b)
Start importing Assets/Charttyp/Stylized fantasy pagan village/Prefabs/Laundry_hanger_1.prefab using Guid(50b05f5887ffab04cada141d5819faca) Importer(815301076,1909f56bfc062723c751e8b465ee728b)  -> (artifact id: '298fc0efeadf782c03042666510fad3f') in 0.012675 seconds 
========================================================================
Received Import Request.
  Time since last request: 0.000024 seconds.
  path: Assets/Charttyp/Stylized fantasy pagan village/Prefabs/Wheelbarrow.prefab
  artifactKey: Guid(74da8838202e91e4cb48cbb796610a97) Importer(815301076,1909f56bfc062723c751e8b465ee728b)
Start importing Assets/Charttyp/Stylized fantasy pagan village/Prefabs/Wheelbarrow.prefab using Guid(74da8838202e91e4cb48cbb796610a97) Importer(815301076,1909f56bfc062723c751e8b465ee728b)  -> (artifact id: '11228bb947a64aa9046b108ba00f705e') in 0.012587 seconds 
========================================================================
Received Import Request.
  Time since last request: 0.000038 seconds.
  path: Assets/Charttyp/Stylized fantasy pagan village/Prefabs/Tree_1.prefab
  artifactKey: Guid(619c342820c174545838ce1822bb5552) Importer(815301076,1909f56bfc062723c751e8b465ee728b)
Start importing Assets/Charttyp/Stylized fantasy pagan village/Prefabs/Tree_1.prefab using Guid(619c342820c174545838ce1822bb5552) Importer(815301076,1909f56bfc062723c751e8b465ee728b)  -> (artifact id: 'b92bc40eb2835c1d703f762f760dbaee') in 0.019311 seconds 
========================================================================
Received Import Request.
  Time since last request: 1.010240 seconds.
  path: Assets/Charttyp/Stylized fantasy pagan village/Prefabs/Bush_2.prefab
  artifactKey: Guid(3cb555c6203471443b9a188e07a6c0dc) Importer(815301076,1909f56bfc062723c751e8b465ee728b)
Start importing Assets/Charttyp/Stylized fantasy pagan village/Prefabs/Bush_2.prefab using Guid(3cb555c6203471443b9a188e07a6c0dc) Importer(815301076,1909f56bfc062723c751e8b465ee728b)  -> (artifact id: '69c53e562859660711f7f725939ba4cc') in 0.013205 seconds 
========================================================================
Received Import Request.
  Time since last request: 0.000017 seconds.
  path: Assets/Charttyp/Stylized fantasy pagan village/Prefabs/Chest_1.prefab
  artifactKey: Guid(a2d0e5373a1b63a4698a18db0e1839ae) Importer(815301076,1909f56bfc062723c751e8b465ee728b)
Start importing Assets/Charttyp/Stylized fantasy pagan village/Prefabs/Chest_1.prefab using Guid(a2d0e5373a1b63a4698a18db0e1839ae) Importer(815301076,1909f56bfc062723c751e8b465ee728b)  -> (artifact id: '1b8a0715c6de70bf4576035c43068f08') in 0.011305 seconds 
========================================================================
Received Import Request.
  Time since last request: 0.000017 seconds.
  path: Assets/Charttyp/Stylized fantasy pagan village/Prefabs/Fence_branches_1.prefab
  artifactKey: Guid(e3c368a37f8ef2745b302df902aa839d) Importer(815301076,1909f56bfc062723c751e8b465ee728b)
Start importing Assets/Charttyp/Stylized fantasy pagan village/Prefabs/Fence_branches_1.prefab using Guid(e3c368a37f8ef2745b302df902aa839d) Importer(815301076,1909f56bfc062723c751e8b465ee728b)  -> (artifact id: '6fc65b4e4cb45e1a953510e73dd3dbe8') in 0.011017 seconds 
========================================================================
Received Import Request.
  Time since last request: 0.000017 seconds.
  path: Assets/Charttyp/Stylized fantasy pagan village/Prefabs/Fence_1.prefab
  artifactKey: Guid(67a81418ac3e9e74590681e75bee6b15) Importer(815301076,1909f56bfc062723c751e8b465ee728b)
Start importing Assets/Charttyp/Stylized fantasy pagan village/Prefabs/Fence_1.prefab using Guid(67a81418ac3e9e74590681e75bee6b15) Importer(815301076,1909f56bfc062723c751e8b465ee728b)  -> (artifact id: 'a51d4b1cee64bbb89b4c69d267042d49') in 0.014084 seconds 
========================================================================
Received Import Request.
  Time since last request: 0.000022 seconds.
  path: Assets/Charttyp/Stylized fantasy pagan village/Prefabs/Laundry_hanger_1.prefab
  artifactKey: Guid(50b05f5887ffab04cada141d5819faca) Importer(815301076,1909f56bfc062723c751e8b465ee728b)
Start importing Assets/Charttyp/Stylized fantasy pagan village/Prefabs/Laundry_hanger_1.prefab using Guid(50b05f5887ffab04cada141d5819faca) Importer(815301076,1909f56bfc062723c751e8b465ee728b)  -> (artifact id: '91170ba7b4d3420b6bfd5a1597061841') in 0.012082 seconds 
========================================================================
Received Import Request.
  Time since last request: 0.000019 seconds.
  path: Assets/Charttyp/Stylized fantasy pagan village/Prefabs/Wheelbarrow.prefab
  artifactKey: Guid(74da8838202e91e4cb48cbb796610a97) Importer(815301076,1909f56bfc062723c751e8b465ee728b)
Start importing Assets/Charttyp/Stylized fantasy pagan village/Prefabs/Wheelbarrow.prefab using Guid(74da8838202e91e4cb48cbb796610a97) Importer(815301076,1909f56bfc062723c751e8b465ee728b)  -> (artifact id: '0da6206054a292d77989f4367d430ea7') in 0.012033 seconds 
========================================================================
Received Import Request.
  Time since last request: 0.000019 seconds.
  path: Assets/Charttyp/Stylized fantasy pagan village/Prefabs/Tree_1.prefab
  artifactKey: Guid(619c342820c174545838ce1822bb5552) Importer(815301076,1909f56bfc062723c751e8b465ee728b)
Start importing Assets/Charttyp/Stylized fantasy pagan village/Prefabs/Tree_1.prefab using Guid(619c342820c174545838ce1822bb5552) Importer(815301076,1909f56bfc062723c751e8b465ee728b)  -> (artifact id: '7d37617d67b78e7459052e1ab2bfe491') in 0.015237 seconds 
Editor requested this worker to shutdown with reason: Scaling down because of idle timeout
AssetImportWorker is now disconnected from the server
Process exiting
Exiting without the bug reporter. Application will terminate with return code 0