Using pre-set license
Built from '2021.3/staging' branch; Version is '2021.3.26f1 (a16dc32e0ff2) revision 10579395'; Using compiler version '192829333'; Build Type 'Release'
OS: 'Windows 11  (10.0.26100) 64bit Professional' Language: 'ru' Physical Memory: 32677 MB
BatchMode: 1, IsHumanControllingUs: 0, StartBugReporterOnCrash: 0, Is64bit: 1, IsPro: 1

COMMAND LINE ARGUMENTS:
C:\Program Files\Unity\Hub\Editor\2021.3.26f1\Editor\Unity.exe
-adb2
-batchMode
-noUpm
-name
AssetImportWorker20
-projectPath
D:/UnityProjects/Garden of Dreams
-logFile
Logs/AssetImportWorker20.log
-srvPort
64380
Successfully changed project path to: D:/UnityProjects/Garden of Dreams
D:/UnityProjects/Garden of Dreams
[UnityMemory] Configuration Parameters - Can be set up in boot.config
    "memorysetup-bucket-allocator-granularity=16"
    "memorysetup-bucket-allocator-bucket-count=8"
    "memorysetup-bucket-allocator-block-size=33554432"
    "memorysetup-bucket-allocator-block-count=8"
    "memorysetup-main-allocator-block-size=16777216"
    "memorysetup-thread-allocator-block-size=16777216"
    "memorysetup-gfx-main-allocator-block-size=16777216"
    "memorysetup-gfx-thread-allocator-block-size=16777216"
    "memorysetup-cache-allocator-block-size=4194304"
    "memorysetup-typetree-allocator-block-size=2097152"
    "memorysetup-profiler-bucket-allocator-granularity=16"
    "memorysetup-profiler-bucket-allocator-bucket-count=8"
    "memorysetup-profiler-bucket-allocator-block-size=33554432"
    "memorysetup-profiler-bucket-allocator-block-count=8"
    "memorysetup-profiler-allocator-block-size=16777216"
    "memorysetup-profiler-editor-allocator-block-size=1048576"
    "memorysetup-temp-allocator-size-main=16777216"
    "memorysetup-job-temp-allocator-block-size=2097152"
    "memorysetup-job-temp-allocator-block-size-background=1048576"
    "memorysetup-job-temp-allocator-reduction-small-platforms=262144"
    "memorysetup-temp-allocator-size-background-worker=32768"
    "memorysetup-temp-allocator-size-job-worker=262144"
    "memorysetup-temp-allocator-size-preload-manager=33554432"
    "memorysetup-temp-allocator-size-nav-mesh-worker=65536"
    "memorysetup-temp-allocator-size-audio-worker=65536"
    "memorysetup-temp-allocator-size-cloud-worker=32768"
    "memorysetup-temp-allocator-size-gi-baking-worker=262144"
    "memorysetup-temp-allocator-size-gfx=262144"
Player connection [27632] Host "[IP] 192.168.88.25 [Port] 0 [Flags] 2 [Guid] 3839798795 [EditorId] 3839798795 [Version] 1048832 [Id] WindowsEditor(7,Fellar) [Debug] 1 [PackageName] WindowsEditor [ProjectName] Editor" joined multi-casting on [225.0.0.222:54997]...

Player connection [27632] Host "[IP] 192.168.88.25 [Port] 0 [Flags] 2 [Guid] 3839798795 [EditorId] 3839798795 [Version] 1048832 [Id] WindowsEditor(7,Fellar) [Debug] 1 [PackageName] WindowsEditor [ProjectName] Editor" joined alternative multi-casting on [225.0.0.222:34997]...

Refreshing native plugins compatible for Editor in 74.70 ms, found 3 plugins.
Preloading 0 native plugins for Editor in 0.00 ms.
Initialize engine version: 2021.3.26f1 (a16dc32e0ff2)
[Subsystems] Discovering subsystems at path C:/Program Files/Unity/Hub/Editor/2021.3.26f1/Editor/Data/Resources/UnitySubsystems
[Subsystems] Discovering subsystems at path D:/UnityProjects/Garden of Dreams/Assets
GfxDevice: creating device client; threaded=0; jobified=0
Direct3D:
    Version:  Direct3D 11.0 [level 11.1]
    Renderer: NVIDIA GeForce GTX 1080 (ID=0x1b80)
    Vendor:   NVIDIA
    VRAM:     8059 MB
    Driver:   32.0.15.6636
Initialize mono
Mono path[0] = 'C:/Program Files/Unity/Hub/Editor/2021.3.26f1/Editor/Data/Managed'
Mono path[1] = 'C:/Program Files/Unity/Hub/Editor/2021.3.26f1/Editor/Data/MonoBleedingEdge/lib/mono/unityjit-win32'
Mono config path = 'C:/Program Files/Unity/Hub/Editor/2021.3.26f1/Editor/Data/MonoBleedingEdge/etc'
Using monoOptions --debugger-agent=transport=dt_socket,embedding=1,server=y,suspend=n,address=127.0.0.1:56292
Begin MonoManager ReloadAssembly
Registering precompiled unity dll's ...
Register platform support module: C:/Program Files/Unity/Hub/Editor/2021.3.26f1/Editor/Data/PlaybackEngines/WebGLSupport/UnityEditor.WebGL.Extensions.dll
Register platform support module: C:/Program Files/Unity/Hub/Editor/2021.3.26f1/Editor/Data/PlaybackEngines/AndroidPlayer/UnityEditor.Android.Extensions.dll
Register platform support module: C:/Program Files/Unity/Hub/Editor/2021.3.26f1/Editor/Data/PlaybackEngines/WindowsStandaloneSupport/UnityEditor.WindowsStandalone.Extensions.dll
Registered in 0.005080 seconds.
Native extension for WindowsStandalone target not found
Native extension for Android target not found
Android Extension - Scanning For ADB Devices 232 ms
Native extension for WebGL target not found
Refreshing native plugins compatible for Editor in 55.95 ms, found 3 plugins.
Preloading 0 native plugins for Editor in 0.00 ms.
Mono: successfully reloaded assembly
- Completed reload, in  0.736 seconds
Domain Reload Profiling:
	ReloadAssembly (736ms)
		BeginReloadAssembly (65ms)
			ExecutionOrderSort (0ms)
			DisableScriptedObjects (0ms)
			BackupInstance (0ms)
			ReleaseScriptingObjects (0ms)
			CreateAndSetChildDomain (1ms)
		EndReloadAssembly (596ms)
			LoadAssemblies (64ms)
			RebuildTransferFunctionScriptingTraits (0ms)
			SetupTypeCache (77ms)
			ReleaseScriptCaches (0ms)
			RebuildScriptCaches (19ms)
			SetupLoadedEditorAssemblies (460ms)
				LogAssemblyErrors (0ms)
				InitializePlatformSupportModulesInManaged (300ms)
				SetLoadedEditorAssemblies (0ms)
				RefreshPlugins (56ms)
				BeforeProcessingInitializeOnLoad (1ms)
				ProcessInitializeOnLoadAttributes (69ms)
				ProcessInitializeOnLoadMethodAttributes (34ms)
				AfterProcessingInitializeOnLoad (0ms)
				EditorAssembliesLoaded (0ms)
			ExecutionOrderSort2 (0ms)
			AwakeInstancesAfterBackupRestoration (0ms)
Platform modules already initialized, skipping
Registering precompiled user dll's ...
Registered in 0.002682 seconds.
Begin MonoManager ReloadAssembly
Symbol file LoadedFromMemory doesn't match image D:\UnityProjects\Garden of Dreams\Library\PackageCache\com.unity.visualscripting@1.8.0\Editor\VisualScripting.Core\Dependencies\YamlDotNet\Unity.VisualScripting.YamlDotNet.dll
Symbol file LoadedFromMemory doesn't match image D:\UnityProjects\Garden of Dreams\Library\PackageCache\com.unity.visualscripting@1.8.0\Editor\VisualScripting.Core\Dependencies\DotNetZip\Unity.VisualScripting.IonicZip.dll
Native extension for WindowsStandalone target not found
Native extension for Android target not found
Native extension for WebGL target not found
Refreshing native plugins compatible for Editor in 0.67 ms, found 3 plugins.
Preloading 0 native plugins for Editor in 0.00 ms.
Mono: successfully reloaded assembly
- Completed reload, in  0.746 seconds
Domain Reload Profiling:
	ReloadAssembly (747ms)
		BeginReloadAssembly (92ms)
			ExecutionOrderSort (0ms)
			DisableScriptedObjects (5ms)
			BackupInstance (0ms)
			ReleaseScriptingObjects (0ms)
			CreateAndSetChildDomain (15ms)
		EndReloadAssembly (576ms)
			LoadAssemblies (66ms)
			RebuildTransferFunctionScriptingTraits (0ms)
			SetupTypeCache (186ms)
			ReleaseScriptCaches (0ms)
			RebuildScriptCaches (33ms)
			SetupLoadedEditorAssemblies (268ms)
				LogAssemblyErrors (0ms)
				InitializePlatformSupportModulesInManaged (17ms)
				SetLoadedEditorAssemblies (0ms)
				RefreshPlugins (1ms)
				BeforeProcessingInitializeOnLoad (57ms)
				ProcessInitializeOnLoadAttributes (171ms)
				ProcessInitializeOnLoadMethodAttributes (16ms)
				AfterProcessingInitializeOnLoad (5ms)
				EditorAssembliesLoaded (0ms)
			ExecutionOrderSort2 (0ms)
			AwakeInstancesAfterBackupRestoration (5ms)
Platform modules already initialized, skipping
========================================================================
Worker process is ready to serve import requests
Launched and connected shader compiler UnityShaderCompiler.exe after 0.03 seconds
Refreshing native plugins compatible for Editor in 0.54 ms, found 3 plugins.
Preloading 0 native plugins for Editor in 0.00 ms.
Unloading 3053 Unused Serialized files (Serialized files now loaded: 0)
Unloading 22 unused Assets / (284.4 KB). Loaded Objects now: 3542.
Memory consumption went from 125.6 MB to 125.3 MB.
Total: 2.447700 ms (FindLiveObjects: 0.190900 ms CreateObjectMapping: 0.069500 ms MarkObjects: 2.125500 ms  DeleteObjects: 0.061300 ms)

AssetImportParameters requested are different than current active one (requested -> active):
  custom:video-decoder-ogg-theora: a1e56fd34408186e4bbccfd4996cb3dc -> 
  custom:container-muxer-webm: aa71ff27fc2769a1b78a27578f13a17b -> 
  custom:container-demuxer-webm: 4f35f7cbe854078d1ac9338744f61a02 -> 
  custom:video-encoder-webm-vp8: eb34c28f22e8b96e1ab97ce403110664 -> 
  custom:video-codec-MediaFoundation-h265: 746d11721c4dcdbdad8f713fa42b33f4 -> 
  custom:audio-encoder-webm-vorbis: bf7c407c2cedff20999df2af8eb42d56 -> 
  custom:framework-win-MediaFoundation: 216162199b28c13a410421893ffa2e32 -> 
  custom:container-demuxer-ogg: 62fdf1f143b41e24485cea50d1cbac27 -> 
  custom:video-decoder-webm-vp8: 9c59270c3fd7afecdb556c50c9e8de78 -> 
  custom:audio-decoder-ogg-vorbis: bf7c407c2cedff20999df2af8eb42d56 -> 
========================================================================
Received Import Request.
  Time since last request: 43469.852087 seconds.
  path: Assets/cemetery halloween set/Prefab/fence_pillar_03.prefab
  artifactKey: Guid(2788b8c246efe2649911841920cfd809) Importer(815301076,1909f56bfc062723c751e8b465ee728b)
Start importing Assets/cemetery halloween set/Prefab/fence_pillar_03.prefab using Guid(2788b8c246efe2649911841920cfd809) Importer(815301076,1909f56bfc062723c751e8b465ee728b)  -> (artifact id: '7cdcd88cea3cbdc93d27e43e13774f5e') in 0.044468 seconds 
========================================================================
Received Import Request.
  Time since last request: 0.000018 seconds.
  path: Assets/cemetery halloween set/Prefab/gravestone_08.prefab
  artifactKey: Guid(6bb9527a5c388ab4db52794b383d9c61) Importer(815301076,1909f56bfc062723c751e8b465ee728b)
Start importing Assets/cemetery halloween set/Prefab/gravestone_08.prefab using Guid(6bb9527a5c388ab4db52794b383d9c61) Importer(815301076,1909f56bfc062723c751e8b465ee728b)  -> (artifact id: '3c4faad8efc9afb33edaf805f3300559') in 0.002395 seconds 
========================================================================
Received Import Request.
  Time since last request: 0.000032 seconds.
  path: Assets/cemetery halloween set/Prefab/gravestone_06.prefab
  artifactKey: Guid(a71b38bbeb8013a4f82cdab66289cc16) Importer(815301076,1909f56bfc062723c751e8b465ee728b)
Start importing Assets/cemetery halloween set/Prefab/gravestone_06.prefab using Guid(a71b38bbeb8013a4f82cdab66289cc16) Importer(815301076,1909f56bfc062723c751e8b465ee728b)  -> (artifact id: '169991ea034291a574fd3b3d1df0f004') in 0.001861 seconds 
========================================================================
Received Import Request.
  Time since last request: 1.259395 seconds.
  path: Assets/cemetery halloween set/Prefab/hang_pumpkin_02.prefab
  artifactKey: Guid(79dcb31d20593b34494c43b5f46881ad) Importer(815301076,1909f56bfc062723c751e8b465ee728b)
Start importing Assets/cemetery halloween set/Prefab/hang_pumpkin_02.prefab using Guid(79dcb31d20593b34494c43b5f46881ad) Importer(815301076,1909f56bfc062723c751e8b465ee728b)  -> (artifact id: 'effb9d4badcd64945d8b14933bce1373') in 0.002064 seconds 
========================================================================
Received Import Request.
  Time since last request: 0.000024 seconds.
  path: Assets/cemetery halloween set/Prefab/hang_pumpkin_04.prefab
  artifactKey: Guid(17f938bd0b741b648bc90b68ab21d41a) Importer(815301076,1909f56bfc062723c751e8b465ee728b)
Start importing Assets/cemetery halloween set/Prefab/hang_pumpkin_04.prefab using Guid(17f938bd0b741b648bc90b68ab21d41a) Importer(815301076,1909f56bfc062723c751e8b465ee728b)  -> (artifact id: 'dc9ddaf0b0e7a42ae8c5923e91f08440') in 0.002032 seconds 
========================================================================
Received Import Request.
  Time since last request: 0.036883 seconds.
  path: Assets/cemetery halloween set/Prefab/lava_dead_tree_04.prefab
  artifactKey: Guid(c9db9d90aba03fe468f68c0c7f75c4d2) Importer(815301076,1909f56bfc062723c751e8b465ee728b)
Start importing Assets/cemetery halloween set/Prefab/lava_dead_tree_04.prefab using Guid(c9db9d90aba03fe468f68c0c7f75c4d2) Importer(815301076,1909f56bfc062723c751e8b465ee728b)  -> (artifact id: '1d90dbce7a781462ee871e3e82413796') in 0.002039 seconds 
========================================================================
Received Import Request.
  Time since last request: 0.000015 seconds.
  path: Assets/cemetery halloween set/Prefab/pumpkin_02.prefab
  artifactKey: Guid(a13886ca046b2a84897aa1abe21a85d6) Importer(815301076,1909f56bfc062723c751e8b465ee728b)
Start importing Assets/cemetery halloween set/Prefab/pumpkin_02.prefab using Guid(a13886ca046b2a84897aa1abe21a85d6) Importer(815301076,1909f56bfc062723c751e8b465ee728b)  -> (artifact id: '0bdffa845444760c4c2e9fa222a1733b') in 0.002058 seconds 
========================================================================
Received Import Request.
  Time since last request: 0.213446 seconds.
  path: Assets/cemetery halloween set/Prefab/pumpkin_05.prefab
  artifactKey: Guid(6ec12ce176abe70468dd369344d5062f) Importer(815301076,1909f56bfc062723c751e8b465ee728b)
Start importing Assets/cemetery halloween set/Prefab/pumpkin_05.prefab using Guid(6ec12ce176abe70468dd369344d5062f) Importer(815301076,1909f56bfc062723c751e8b465ee728b)  -> (artifact id: '17f20fd53f0668a487a26ea346f38f83') in 0.001828 seconds 
========================================================================
Received Import Request.
  Time since last request: 0.000013 seconds.
  path: Assets/cemetery halloween set/Prefab/pumpkin_08.prefab
  artifactKey: Guid(824812786490c78489fd01f4351a63bf) Importer(815301076,1909f56bfc062723c751e8b465ee728b)
Start importing Assets/cemetery halloween set/Prefab/pumpkin_08.prefab using Guid(824812786490c78489fd01f4351a63bf) Importer(815301076,1909f56bfc062723c751e8b465ee728b)  -> (artifact id: '1a8bd7a483a3e96fd693cadb1e252c33') in 0.001972 seconds 
========================================================================
Received Import Request.
  Time since last request: 0.039061 seconds.
  path: Assets/cemetery halloween set/Prefab/pumpkin_12.prefab
  artifactKey: Guid(a70bcc3108bfb3943bc6b88a5b8125d9) Importer(815301076,1909f56bfc062723c751e8b465ee728b)
Start importing Assets/cemetery halloween set/Prefab/pumpkin_12.prefab using Guid(a70bcc3108bfb3943bc6b88a5b8125d9) Importer(815301076,1909f56bfc062723c751e8b465ee728b)  -> (artifact id: 'a8efb7fbca3b32cd7fa4e7ed1ba7122f') in 0.001939 seconds 
========================================================================
Received Import Request.
  Time since last request: 0.000011 seconds.
  path: Assets/cemetery halloween set/Prefab/rock_04.prefab
  artifactKey: Guid(8b5f35600c2dd284cb92cab10c7a2e35) Importer(815301076,1909f56bfc062723c751e8b465ee728b)
Start importing Assets/cemetery halloween set/Prefab/rock_04.prefab using Guid(8b5f35600c2dd284cb92cab10c7a2e35) Importer(815301076,1909f56bfc062723c751e8b465ee728b)  -> (artifact id: '510afbc033d9a92a2c31a777a0b272e8') in 0.001808 seconds 
========================================================================
Received Import Request.
  Time since last request: 0.035311 seconds.
  path: Assets/cemetery halloween set/Prefab/rock_07.prefab
  artifactKey: Guid(96a955c63b2e1954796ff8d3cfb2cf39) Importer(815301076,1909f56bfc062723c751e8b465ee728b)
Start importing Assets/cemetery halloween set/Prefab/rock_07.prefab using Guid(96a955c63b2e1954796ff8d3cfb2cf39) Importer(815301076,1909f56bfc062723c751e8b465ee728b)  -> (artifact id: 'c03ba7a80ce0d11345d181268c7f5d32') in 0.002011 seconds 
========================================================================
Received Import Request.
  Time since last request: 0.000011 seconds.
  path: Assets/cemetery halloween set/Prefab/rock_08.prefab
  artifactKey: Guid(81f6b33207cc7bb49ab7cf81866224a5) Importer(815301076,1909f56bfc062723c751e8b465ee728b)
Start importing Assets/cemetery halloween set/Prefab/rock_08.prefab using Guid(81f6b33207cc7bb49ab7cf81866224a5) Importer(815301076,1909f56bfc062723c751e8b465ee728b)  -> (artifact id: '26b17bb5ea872f60729dda3524fd62ff') in 0.001839 seconds 
========================================================================
Received Import Request.
  Time since last request: 0.203534 seconds.
  path: Assets/cemetery halloween set/Prefab/rock_14.prefab
  artifactKey: Guid(d12002054f7bae947b63b8ff70572668) Importer(815301076,1909f56bfc062723c751e8b465ee728b)
Start importing Assets/cemetery halloween set/Prefab/rock_14.prefab using Guid(d12002054f7bae947b63b8ff70572668) Importer(815301076,1909f56bfc062723c751e8b465ee728b)  -> (artifact id: 'f2d5c1ddc4b4b1c41ec43f466d7b4e9c') in 0.002178 seconds 
========================================================================
Received Import Request.
  Time since last request: 0.000014 seconds.
  path: Assets/cemetery halloween set/Prefab/skull_01.prefab
  artifactKey: Guid(104642415d9f7ec4f87f421fafd14dde) Importer(815301076,1909f56bfc062723c751e8b465ee728b)
Start importing Assets/cemetery halloween set/Prefab/skull_01.prefab using Guid(104642415d9f7ec4f87f421fafd14dde) Importer(815301076,1909f56bfc062723c751e8b465ee728b)  -> (artifact id: 'f2deb0fba1d04ae70503b84215a42b6f') in 0.002283 seconds 
========================================================================
Received Import Request.
  Time since last request: 0.035419 seconds.
  path: Assets/cemetery halloween set/Prefab/skull_06.prefab
  artifactKey: Guid(caeb93a3cb1520849b1a7a8b5cd5f57d) Importer(815301076,1909f56bfc062723c751e8b465ee728b)
Start importing Assets/cemetery halloween set/Prefab/skull_06.prefab using Guid(caeb93a3cb1520849b1a7a8b5cd5f57d) Importer(815301076,1909f56bfc062723c751e8b465ee728b)  -> (artifact id: '099df21050d1720e9fc3e50498090a8b') in 0.002079 seconds 
========================================================================
Received Import Request.
  Time since last request: 0.000013 seconds.
  path: Assets/cemetery halloween set/Prefab/skull_09.prefab
  artifactKey: Guid(3f641459b382ae84897545775b78fb1e) Importer(815301076,1909f56bfc062723c751e8b465ee728b)
Start importing Assets/cemetery halloween set/Prefab/skull_09.prefab using Guid(3f641459b382ae84897545775b78fb1e) Importer(815301076,1909f56bfc062723c751e8b465ee728b)  -> (artifact id: 'd48e4fd2c8197758158ce07b7d98922c') in 0.001853 seconds 
========================================================================
Received Import Request.
  Time since last request: 0.012961 seconds.
  path: Assets/cemetery halloween set/Prefab/spiderweb_04.prefab
  artifactKey: Guid(878b36ce4a9646748a4a1d4a8978584b) Importer(815301076,1909f56bfc062723c751e8b465ee728b)
Start importing Assets/cemetery halloween set/Prefab/spiderweb_04.prefab using Guid(878b36ce4a9646748a4a1d4a8978584b) Importer(815301076,1909f56bfc062723c751e8b465ee728b)  -> (artifact id: 'cb3637f4d7dbca1da7fc2c4db822e22c') in 0.001917 seconds 
========================================================================
Received Import Request.
  Time since last request: 0.000011 seconds.
  path: Assets/cemetery halloween set/Prefab/spokebone_02.prefab
  artifactKey: Guid(3b8a8d4f185bf754992507a3347879da) Importer(815301076,1909f56bfc062723c751e8b465ee728b)
Start importing Assets/cemetery halloween set/Prefab/spokebone_02.prefab using Guid(3b8a8d4f185bf754992507a3347879da) Importer(815301076,1909f56bfc062723c751e8b465ee728b)  -> (artifact id: '3bc36571387619afb26bd788ab8abca5') in 0.002450 seconds 
========================================================================
Received Import Request.
  Time since last request: 0.195045 seconds.
  path: Assets/cemetery halloween set/Prefab/Tree02_BG.prefab
  artifactKey: Guid(f9ee4e5a59a6cd446b93f6b6fc9160e0) Importer(815301076,1909f56bfc062723c751e8b465ee728b)
Start importing Assets/cemetery halloween set/Prefab/Tree02_BG.prefab using Guid(f9ee4e5a59a6cd446b93f6b6fc9160e0) Importer(815301076,1909f56bfc062723c751e8b465ee728b)  -> (artifact id: 'a78dc5802ff931c30017196fc5cc4c18') in 0.001926 seconds 
========================================================================
Received Import Request.
  Time since last request: 0.000011 seconds.
  path: Assets/cemetery halloween set/Prefab/Tree04_BG.prefab
  artifactKey: Guid(550d0c25cc3d197438a50250ad549aa7) Importer(815301076,1909f56bfc062723c751e8b465ee728b)
Start importing Assets/cemetery halloween set/Prefab/Tree04_BG.prefab using Guid(550d0c25cc3d197438a50250ad549aa7) Importer(815301076,1909f56bfc062723c751e8b465ee728b)  -> (artifact id: '6e7117bc841848f2dcae37cac7a5b86f') in 0.001983 seconds 
========================================================================
Received Import Request.
  Time since last request: 0.031342 seconds.
  path: Assets/cemetery halloween set/Prefab/zombie_hand_05.prefab
  artifactKey: Guid(57ea381efca25cf4bb6ad21fb8d5836a) Importer(815301076,1909f56bfc062723c751e8b465ee728b)
Start importing Assets/cemetery halloween set/Prefab/zombie_hand_05.prefab using Guid(57ea381efca25cf4bb6ad21fb8d5836a) Importer(815301076,1909f56bfc062723c751e8b465ee728b)  -> (artifact id: '7ff3fb5324a4993faf7d19c37c96dfa0') in 0.002237 seconds 
========================================================================
Received Import Request.
  Time since last request: 0.000012 seconds.
  path: Assets/cemetery halloween set/Prefab/zombie_hand_08.prefab
  artifactKey: Guid(5a1431cb1a2a1454986e38f431f012e0) Importer(815301076,1909f56bfc062723c751e8b465ee728b)
Start importing Assets/cemetery halloween set/Prefab/zombie_hand_08.prefab using Guid(5a1431cb1a2a1454986e38f431f012e0) Importer(815301076,1909f56bfc062723c751e8b465ee728b)  -> (artifact id: '6bcdf4d7f13795dd1d8fa5fe204e9f33') in 0.002154 seconds 
========================================================================
Received Import Request.
  Time since last request: 1.975539 seconds.
  path: Assets/cemetery halloween set/Prefab_mobile/mobile_spokebone_04.prefab
  artifactKey: Guid(f502ed750a15b694f98ade602e76c9ad) Importer(815301076,1909f56bfc062723c751e8b465ee728b)
Start importing Assets/cemetery halloween set/Prefab_mobile/mobile_spokebone_04.prefab using Guid(f502ed750a15b694f98ade602e76c9ad) Importer(815301076,1909f56bfc062723c751e8b465ee728b)  -> (artifact id: '5a7dc44cedc84564f0e93f0780c1365d') in 0.070289 seconds 
========================================================================
Received Import Request.
  Time since last request: 0.000030 seconds.
  path: Assets/cemetery halloween set/Prefab_mobile/mobile_zombie_hand_09.prefab
  artifactKey: Guid(39161d04e7c5ccd46a3548ed5eecd887) Importer(815301076,1909f56bfc062723c751e8b465ee728b)
Start importing Assets/cemetery halloween set/Prefab_mobile/mobile_zombie_hand_09.prefab using Guid(39161d04e7c5ccd46a3548ed5eecd887) Importer(815301076,1909f56bfc062723c751e8b465ee728b)  -> (artifact id: 'c5cefef033b27813c14b7cf0e6d2c002') in 0.026003 seconds 
========================================================================
Received Import Request.
  Time since last request: 0.000031 seconds.
  path: Assets/cemetery halloween set/Prefab_mobile/Tree02_BG.prefab
  artifactKey: Guid(b7be850ac0ab0a3408608f79b345dfa0) Importer(815301076,1909f56bfc062723c751e8b465ee728b)
Start importing Assets/cemetery halloween set/Prefab_mobile/Tree02_BG.prefab using Guid(b7be850ac0ab0a3408608f79b345dfa0) Importer(815301076,1909f56bfc062723c751e8b465ee728b)  -> (artifact id: '1f1600f8eb000203dede39b856c13725') in 0.015108 seconds 
========================================================================
Received Import Request.
  Time since last request: 0.000017 seconds.
  path: Assets/cemetery halloween set/Prefab_mobile/mobile_zombie_hand_03.prefab
  artifactKey: Guid(691d34a66c8a7ac4d82c973460fcfe9e) Importer(815301076,1909f56bfc062723c751e8b465ee728b)
Start importing Assets/cemetery halloween set/Prefab_mobile/mobile_zombie_hand_03.prefab using Guid(691d34a66c8a7ac4d82c973460fcfe9e) Importer(815301076,1909f56bfc062723c751e8b465ee728b)  -> (artifact id: 'd823642998f25e0b4b32f81dee71dab6') in 0.020339 seconds 
========================================================================
Received Import Request.
  Time since last request: 0.000028 seconds.
  path: Assets/cemetery halloween set/Prefab_mobile/spiderweb_04.prefab
  artifactKey: Guid(25429208885bd5e43bf2f83524bc5422) Importer(815301076,1909f56bfc062723c751e8b465ee728b)
Start importing Assets/cemetery halloween set/Prefab_mobile/spiderweb_04.prefab using Guid(25429208885bd5e43bf2f83524bc5422) Importer(815301076,1909f56bfc062723c751e8b465ee728b)  -> (artifact id: '31eba8cbfc7479ff0c4cad5c64266cd8') in 0.018501 seconds 
========================================================================
Received Import Request.
  Time since last request: 2.093113 seconds.
  path: Assets/cemetery halloween set/Prefab_mobile/mobile_skull_06.prefab
  artifactKey: Guid(36dbc93ffe63a384195eac121fd3a6e2) Importer(815301076,1909f56bfc062723c751e8b465ee728b)
Start importing Assets/cemetery halloween set/Prefab_mobile/mobile_skull_06.prefab using Guid(36dbc93ffe63a384195eac121fd3a6e2) Importer(815301076,1909f56bfc062723c751e8b465ee728b)  -> (artifact id: 'b59e11b542ee796af3939e4479bc2e35') in 0.019646 seconds 
========================================================================
Received Import Request.
  Time since last request: 0.000033 seconds.
  path: Assets/cemetery halloween set/Prefab_mobile/mobile_skull_08.prefab
  artifactKey: Guid(b46a4e02162cad641a26a12b751b12a1) Importer(815301076,1909f56bfc062723c751e8b465ee728b)
Start importing Assets/cemetery halloween set/Prefab_mobile/mobile_skull_08.prefab using Guid(b46a4e02162cad641a26a12b751b12a1) Importer(815301076,1909f56bfc062723c751e8b465ee728b)  -> (artifact id: '92ac613f5cd19b6462992de3a1d30af2') in 0.019796 seconds 
========================================================================
Received Import Request.
  Time since last request: 0.403255 seconds.
  path: Assets/cemetery halloween set/Prefab_mobile/mobile_rock_13.prefab
  artifactKey: Guid(78c298906118d0a438c60c993a8acf89) Importer(815301076,1909f56bfc062723c751e8b465ee728b)
Start importing Assets/cemetery halloween set/Prefab_mobile/mobile_rock_13.prefab using Guid(78c298906118d0a438c60c993a8acf89) Importer(815301076,1909f56bfc062723c751e8b465ee728b)  -> (artifact id: '2ac5a4aaa20ea314e9157935de7dbdf0') in 0.018538 seconds 
========================================================================
Received Import Request.
  Time since last request: 0.000033 seconds.
  path: Assets/cemetery halloween set/Prefab_mobile/mobile_skull_02.prefab
  artifactKey: Guid(dca726b35507ae4408bdd768c2516b90) Importer(815301076,1909f56bfc062723c751e8b465ee728b)
Start importing Assets/cemetery halloween set/Prefab_mobile/mobile_skull_02.prefab using Guid(dca726b35507ae4408bdd768c2516b90) Importer(815301076,1909f56bfc062723c751e8b465ee728b)  -> (artifact id: '7a8cf284d56e4a6ab6568b58bace1657') in 0.020664 seconds 
========================================================================
Received Import Request.
  Time since last request: 0.145058 seconds.
  path: Assets/cemetery halloween set/Prefab_mobile/mobile_rock_06.prefab
  artifactKey: Guid(0808e633d398e0e4d86e0d031ab6bec8) Importer(815301076,1909f56bfc062723c751e8b465ee728b)
Start importing Assets/cemetery halloween set/Prefab_mobile/mobile_rock_06.prefab using Guid(0808e633d398e0e4d86e0d031ab6bec8) Importer(815301076,1909f56bfc062723c751e8b465ee728b)  -> (artifact id: '7753033bf6ca9a92a4fcfebff08ef22b') in 0.018622 seconds 
========================================================================
Received Import Request.
  Time since last request: 0.000033 seconds.
  path: Assets/cemetery halloween set/Prefab_mobile/mobile_rock_08.prefab
  artifactKey: Guid(8956cfc30b1ac1243afc21417a8ab218) Importer(815301076,1909f56bfc062723c751e8b465ee728b)
Start importing Assets/cemetery halloween set/Prefab_mobile/mobile_rock_08.prefab using Guid(8956cfc30b1ac1243afc21417a8ab218) Importer(815301076,1909f56bfc062723c751e8b465ee728b)  -> (artifact id: '5bab021bb53a4c718e91805b3cf9d2da') in 0.020410 seconds 
========================================================================
Received Import Request.
  Time since last request: 0.322275 seconds.
  path: Assets/cemetery halloween set/Prefab_mobile/mobile_pumpkin_11.prefab
  artifactKey: Guid(bbe6bb10f105a5e45a1419591e310972) Importer(815301076,1909f56bfc062723c751e8b465ee728b)
Start importing Assets/cemetery halloween set/Prefab_mobile/mobile_pumpkin_11.prefab using Guid(bbe6bb10f105a5e45a1419591e310972) Importer(815301076,1909f56bfc062723c751e8b465ee728b)  -> (artifact id: '003b80f7fcc8117845eb41881082e27f') in 0.019067 seconds 
========================================================================
Received Import Request.
  Time since last request: 0.000014 seconds.
  path: Assets/cemetery halloween set/Prefab_mobile/mobile_rock_02.prefab
  artifactKey: Guid(e1102108be00d934dbf5da6be787ec37) Importer(815301076,1909f56bfc062723c751e8b465ee728b)
Start importing Assets/cemetery halloween set/Prefab_mobile/mobile_rock_02.prefab using Guid(e1102108be00d934dbf5da6be787ec37) Importer(815301076,1909f56bfc062723c751e8b465ee728b)  -> (artifact id: 'f0785f24ebe12d752f833534bf670032') in 0.020136 seconds 
========================================================================
Received Import Request.
  Time since last request: 0.000027 seconds.
  path: Assets/cemetery halloween set/Prefab_mobile/mobile_rock_03.prefab
  artifactKey: Guid(7d253fcaea3215044a13b7b91c113421) Importer(815301076,1909f56bfc062723c751e8b465ee728b)
Start importing Assets/cemetery halloween set/Prefab_mobile/mobile_rock_03.prefab using Guid(7d253fcaea3215044a13b7b91c113421) Importer(815301076,1909f56bfc062723c751e8b465ee728b)  -> (artifact id: 'e677b5323f343095f636bc03a3adf519') in 0.014099 seconds 
========================================================================
Received Import Request.
  Time since last request: 0.272152 seconds.
  path: Assets/cemetery halloween set/Prefab_mobile/mobile_pumpkin_04.prefab
  artifactKey: Guid(2facbd87c0c9c9b4aaa9057db5b88684) Importer(815301076,1909f56bfc062723c751e8b465ee728b)
Start importing Assets/cemetery halloween set/Prefab_mobile/mobile_pumpkin_04.prefab using Guid(2facbd87c0c9c9b4aaa9057db5b88684) Importer(815301076,1909f56bfc062723c751e8b465ee728b)  -> (artifact id: '3e6d6db3cfd3caf83a96c1fb30677495') in 0.018839 seconds 
========================================================================
Received Import Request.
  Time since last request: 0.000025 seconds.
  path: Assets/cemetery halloween set/Prefab_mobile/mobile_pumpkin_07.prefab
  artifactKey: Guid(f438c31727b4a714fbf9c09f133dcf82) Importer(815301076,1909f56bfc062723c751e8b465ee728b)
Start importing Assets/cemetery halloween set/Prefab_mobile/mobile_pumpkin_07.prefab using Guid(f438c31727b4a714fbf9c09f133dcf82) Importer(815301076,1909f56bfc062723c751e8b465ee728b)  -> (artifact id: 'fb2066504ca17a66dfdb81de92333e90') in 0.019195 seconds 
========================================================================
Received Import Request.
  Time since last request: 0.000047 seconds.
  path: Assets/cemetery halloween set/Prefab_mobile/mobile_pumpkin_06.prefab
  artifactKey: Guid(0027e2b9403ea2f45b095595d06bf954) Importer(815301076,1909f56bfc062723c751e8b465ee728b)
Start importing Assets/cemetery halloween set/Prefab_mobile/mobile_pumpkin_06.prefab using Guid(0027e2b9403ea2f45b095595d06bf954) Importer(815301076,1909f56bfc062723c751e8b465ee728b)  -> (artifact id: '1a6baf8fb8a95f315d999211b6a33246') in 0.015204 seconds 
========================================================================
Received Import Request.
  Time since last request: 0.024126 seconds.
  path: Assets/cemetery halloween set/Prefab_mobile/mobile_lava_dead_tree_03.prefab
  artifactKey: Guid(a95df487d3499b644a1e9571f055f92b) Importer(815301076,1909f56bfc062723c751e8b465ee728b)
Start importing Assets/cemetery halloween set/Prefab_mobile/mobile_lava_dead_tree_03.prefab using Guid(a95df487d3499b644a1e9571f055f92b) Importer(815301076,1909f56bfc062723c751e8b465ee728b)  -> (artifact id: '7c1a1a3141d8cf762aecbab2f2e9281e') in 0.018994 seconds 
========================================================================
Received Import Request.
  Time since last request: 0.000031 seconds.
  path: Assets/cemetery halloween set/Prefab_mobile/mobile_lava_dead_tree_05.prefab
  artifactKey: Guid(8cf9151acef622348b6bbfeb6cf00296) Importer(815301076,1909f56bfc062723c751e8b465ee728b)
Start importing Assets/cemetery halloween set/Prefab_mobile/mobile_lava_dead_tree_05.prefab using Guid(8cf9151acef622348b6bbfeb6cf00296) Importer(815301076,1909f56bfc062723c751e8b465ee728b)  -> (artifact id: '2c050b3bf2a053951a10d71895823644') in 0.019821 seconds 
========================================================================
Received Import Request.
  Time since last request: 1.966666 seconds.
  path: Assets/cemetery halloween set/Prefab_mobile/mobile_hang_pumpkin_01.prefab
  artifactKey: Guid(a5bf6d625adc50048825d29a1aa4fa94) Importer(815301076,1909f56bfc062723c751e8b465ee728b)
Start importing Assets/cemetery halloween set/Prefab_mobile/mobile_hang_pumpkin_01.prefab using Guid(a5bf6d625adc50048825d29a1aa4fa94) Importer(815301076,1909f56bfc062723c751e8b465ee728b)  -> (artifact id: '2be678de17e89434cd9ddbfc594e4891') in 0.018462 seconds 
========================================================================
Received Import Request.
  Time since last request: 0.000030 seconds.
  path: Assets/cemetery halloween set/Prefab_mobile/mobile_hang_pumpkin_04.prefab
  artifactKey: Guid(f277c56b5c09a6d4bb0ca3949477bae3) Importer(815301076,1909f56bfc062723c751e8b465ee728b)
Start importing Assets/cemetery halloween set/Prefab_mobile/mobile_hang_pumpkin_04.prefab using Guid(f277c56b5c09a6d4bb0ca3949477bae3) Importer(815301076,1909f56bfc062723c751e8b465ee728b)  -> (artifact id: '29da032a988f779d5f53381b9031ed0f') in 0.019109 seconds 
========================================================================
Received Import Request.
  Time since last request: 0.000038 seconds.
  path: Assets/cemetery halloween set/Prefab_mobile/mobile_hang_pumpkin_05.prefab
  artifactKey: Guid(b40ae86e85791564882257a22c79b4ed) Importer(815301076,1909f56bfc062723c751e8b465ee728b)
Start importing Assets/cemetery halloween set/Prefab_mobile/mobile_hang_pumpkin_05.prefab using Guid(b40ae86e85791564882257a22c79b4ed) Importer(815301076,1909f56bfc062723c751e8b465ee728b)  -> (artifact id: '5f9bb08f4c74c64ecb7b7a8319568236') in 0.013930 seconds 
========================================================================
Received Import Request.
  Time since last request: 120.734437 seconds.
  path: Assets/mobile_gravestone_01.fbx
  artifactKey: Guid(46d5e9438ba35164b9256f46a8c9d379) Importer(815301076,1909f56bfc062723c751e8b465ee728b)
Start importing Assets/mobile_gravestone_01.fbx using Guid(46d5e9438ba35164b9256f46a8c9d379) Importer(815301076,1909f56bfc062723c751e8b465ee728b)  -> (artifact id: '6da135dc410b3a7fb175a31f2e65e8c1') in 0.044918 seconds 
========================================================================
Received Import Request.
  Time since last request: 0.000020 seconds.
  path: Assets/mobile_gravestone_08.fbx
  artifactKey: Guid(7c21598534771664ca8a39da4017b979) Importer(815301076,1909f56bfc062723c751e8b465ee728b)
Start importing Assets/mobile_gravestone_08.fbx using Guid(7c21598534771664ca8a39da4017b979) Importer(815301076,1909f56bfc062723c751e8b465ee728b)  -> (artifact id: 'cfc20f0a972a9ddb9ed2a47748cd729b') in 0.023455 seconds 
========================================================================
Received Import Request.
  Time since last request: 0.947165 seconds.
  path: Assets/mobile_gravestone_01.fbx
  artifactKey: Guid(46d5e9438ba35164b9256f46a8c9d379) Importer(815301076,1909f56bfc062723c751e8b465ee728b)
Start importing Assets/mobile_gravestone_01.fbx using Guid(46d5e9438ba35164b9256f46a8c9d379) Importer(815301076,1909f56bfc062723c751e8b465ee728b)  -> (artifact id: '4e82b1146862e685341298d87e8fa839') in 0.020987 seconds 
========================================================================
Received Import Request.
  Time since last request: 0.000045 seconds.
  path: Assets/mobile_gravestone_08.fbx
  artifactKey: Guid(7c21598534771664ca8a39da4017b979) Importer(815301076,1909f56bfc062723c751e8b465ee728b)
Start importing Assets/mobile_gravestone_08.fbx using Guid(7c21598534771664ca8a39da4017b979) Importer(815301076,1909f56bfc062723c751e8b465ee728b)  -> (artifact id: '8b69571fc976e62c669ebaa533bc7db1') in 0.020169 seconds 
========================================================================
Received Import Request.
  Time since last request: 1.618564 seconds.
  path: Assets/mobile_gravestone_01.fbx
  artifactKey: Guid(46d5e9438ba35164b9256f46a8c9d379) Importer(815301076,1909f56bfc062723c751e8b465ee728b)
Start importing Assets/mobile_gravestone_01.fbx using Guid(46d5e9438ba35164b9256f46a8c9d379) Importer(815301076,1909f56bfc062723c751e8b465ee728b)  -> (artifact id: '978f200da571887c8032de8b3b058e72') in 0.023111 seconds 
========================================================================
Received Import Request.
  Time since last request: 0.000051 seconds.
  path: Assets/mobile_gravestone_08.fbx
  artifactKey: Guid(7c21598534771664ca8a39da4017b979) Importer(815301076,1909f56bfc062723c751e8b465ee728b)
Start importing Assets/mobile_gravestone_08.fbx using Guid(7c21598534771664ca8a39da4017b979) Importer(815301076,1909f56bfc062723c751e8b465ee728b)  -> (artifact id: 'fca90f1b2b9a0e18620066206212ef48') in 0.020235 seconds 
========================================================================
Received Import Request.
  Time since last request: 67.253732 seconds.
  path: Assets/cemetery halloween set/textures/demo_scene_floor.png
  artifactKey: Guid(1e8aad637ad10024eab9a69ed1d06fc2) Importer(815301076,1909f56bfc062723c751e8b465ee728b)
Start importing Assets/cemetery halloween set/textures/demo_scene_floor.png using Guid(1e8aad637ad10024eab9a69ed1d06fc2) Importer(815301076,1909f56bfc062723c751e8b465ee728b)  -> (artifact id: 'efb47d38ee780e8264922c36a5da78a8') in 0.018089 seconds 
========================================================================
Received Import Request.
  Time since last request: 0.000016 seconds.
  path: Assets/cemetery halloween set/textures/floor_12.mat
  artifactKey: Guid(4558ef7bc514bdd4ea536e66c2cbdc70) Importer(815301076,1909f56bfc062723c751e8b465ee728b)
Start importing Assets/cemetery halloween set/textures/floor_12.mat using Guid(4558ef7bc514bdd4ea536e66c2cbdc70) Importer(815301076,1909f56bfc062723c751e8b465ee728b)  -> (artifact id: '56d97ec97569001a26cf0257e8d1d595') in 0.045863 seconds 
========================================================================
Received Import Request.
  Time since last request: 0.000022 seconds.
  path: Assets/cemetery halloween set/textures/floor_14.png
  artifactKey: Guid(ab33277ab8ae7534f9b003810f244f62) Importer(815301076,1909f56bfc062723c751e8b465ee728b)
Start importing Assets/cemetery halloween set/textures/floor_14.png using Guid(ab33277ab8ae7534f9b003810f244f62) Importer(815301076,1909f56bfc062723c751e8b465ee728b)  -> (artifact id: '6fcb85ce3f30d00963c4e2b4c489c029') in 0.005330 seconds 
========================================================================
Received Import Request.
  Time since last request: 0.000016 seconds.
  path: Assets/cemetery halloween set/textures/floor_12.png
  artifactKey: Guid(575aaa66d3252ab46ad4d7008e2f7f75) Importer(815301076,1909f56bfc062723c751e8b465ee728b)
Start importing Assets/cemetery halloween set/textures/floor_12.png using Guid(575aaa66d3252ab46ad4d7008e2f7f75) Importer(815301076,1909f56bfc062723c751e8b465ee728b)  -> (artifact id: '51a3a27b65a9fd9e891ab820ebf97b2c') in 0.006546 seconds 
========================================================================
Received Import Request.
  Time since last request: 0.000017 seconds.
  path: Assets/cemetery halloween set/textures/Tree_BG.tga
  artifactKey: Guid(c38f3381ec0c2fe46b5e5c3656df0353) Importer(815301076,1909f56bfc062723c751e8b465ee728b)
Start importing Assets/cemetery halloween set/textures/Tree_BG.tga using Guid(c38f3381ec0c2fe46b5e5c3656df0353) Importer(815301076,1909f56bfc062723c751e8b465ee728b)  -> (artifact id: '5ac4f1c2d60b244bf001cfa4d5d3a1eb') in 0.007771 seconds 
========================================================================
Received Import Request.
  Time since last request: 0.000015 seconds.
  path: Assets/cemetery halloween set/textures/floor_13.mat
  artifactKey: Guid(f34124ba698ca1f4f8f61d81da394ea9) Importer(815301076,1909f56bfc062723c751e8b465ee728b)
Start importing Assets/cemetery halloween set/textures/floor_13.mat using Guid(f34124ba698ca1f4f8f61d81da394ea9) Importer(815301076,1909f56bfc062723c751e8b465ee728b)  -> (artifact id: 'd255e491a3d6954538275001bc424120') in 0.005740 seconds 
========================================================================
Received Import Request.
  Time since last request: 21.796150 seconds.
  path: Assets/cemetery halloween set/Prefab_mobile/fence_pillar_03.prefab
  artifactKey: Guid(84c97e6bbccab5e42acdd4c55910148b) Importer(815301076,1909f56bfc062723c751e8b465ee728b)
Start importing Assets/cemetery halloween set/Prefab_mobile/fence_pillar_03.prefab using Guid(84c97e6bbccab5e42acdd4c55910148b) Importer(815301076,1909f56bfc062723c751e8b465ee728b)  -> (artifact id: 'd881d6bea8429ac0fcc23d723ff9bfd2') in 0.016276 seconds 
========================================================================
Received Import Request.
  Time since last request: 0.000032 seconds.
  path: Assets/cemetery halloween set/Prefab_mobile/mobile_bush_01.prefab
  artifactKey: Guid(68cb22bbbf0ded641b55e220c7f92882) Importer(815301076,1909f56bfc062723c751e8b465ee728b)
Start importing Assets/cemetery halloween set/Prefab_mobile/mobile_bush_01.prefab using Guid(68cb22bbbf0ded641b55e220c7f92882) Importer(815301076,1909f56bfc062723c751e8b465ee728b)  -> (artifact id: 'ac54113dadd80ab9fcf0b2a5c0c38c5e') in 0.016749 seconds 
========================================================================
Received Import Request.
  Time since last request: 0.000029 seconds.
  path: Assets/cemetery halloween set/Prefab_mobile/mobile_bush_02.prefab
  artifactKey: Guid(a79d62f8aeb96404d940c6dd804f190c) Importer(815301076,1909f56bfc062723c751e8b465ee728b)
Start importing Assets/cemetery halloween set/Prefab_mobile/mobile_bush_02.prefab using Guid(a79d62f8aeb96404d940c6dd804f190c) Importer(815301076,1909f56bfc062723c751e8b465ee728b)  -> (artifact id: '0c24f953056ca2cbc0454546ca636813') in 0.018972 seconds 
========================================================================
Received Import Request.
  Time since last request: 0.000031 seconds.
  path: Assets/cemetery halloween set/Prefab_mobile/gate_02.prefab
  artifactKey: Guid(46e9fb9271c7bc44fbdfa65c78027571) Importer(815301076,1909f56bfc062723c751e8b465ee728b)
Start importing Assets/cemetery halloween set/Prefab_mobile/gate_02.prefab using Guid(46e9fb9271c7bc44fbdfa65c78027571) Importer(815301076,1909f56bfc062723c751e8b465ee728b)  -> (artifact id: '62a115b8fcda0bce00fbc0ca0566ba72') in 0.018212 seconds 
========================================================================
Received Import Request.
  Time since last request: 0.000029 seconds.
  path: Assets/cemetery halloween set/Prefab_mobile/fence_tile_01.prefab
  artifactKey: Guid(06aeb7e39519e2e4c92d3c1ed2d4a011) Importer(815301076,1909f56bfc062723c751e8b465ee728b)
Start importing Assets/cemetery halloween set/Prefab_mobile/fence_tile_01.prefab using Guid(06aeb7e39519e2e4c92d3c1ed2d4a011) Importer(815301076,1909f56bfc062723c751e8b465ee728b)  -> (artifact id: 'de85725eb126e88ea3e2d2659816fd33') in 0.017391 seconds 
========================================================================
Received Import Request.
  Time since last request: 0.000034 seconds.
  path: Assets/cemetery halloween set/Prefab_mobile/mobile_gravestone_02.prefab
  artifactKey: Guid(841bec98178bd664f93ab096859d2d64) Importer(815301076,1909f56bfc062723c751e8b465ee728b)
Start importing Assets/cemetery halloween set/Prefab_mobile/mobile_gravestone_02.prefab using Guid(841bec98178bd664f93ab096859d2d64) Importer(815301076,1909f56bfc062723c751e8b465ee728b)  -> (artifact id: '5551167e112c8f6f4d6fa7fddd2dfba8') in 0.019960 seconds 
========================================================================
Received Import Request.
  Time since last request: 0.000035 seconds.
  path: Assets/cemetery halloween set/Prefab_mobile/mobile_gravestone_04.prefab
  artifactKey: Guid(62e329b5256f3c640978abaeb8caf972) Importer(815301076,1909f56bfc062723c751e8b465ee728b)
Start importing Assets/cemetery halloween set/Prefab_mobile/mobile_gravestone_04.prefab using Guid(62e329b5256f3c640978abaeb8caf972) Importer(815301076,1909f56bfc062723c751e8b465ee728b)  -> (artifact id: 'abb31bed675fac143718855b5b8c4f14') in 0.019749 seconds 
========================================================================
Received Import Request.
  Time since last request: 0.000034 seconds.
  path: Assets/cemetery halloween set/Prefab_mobile/fence_tile_03.prefab
  artifactKey: Guid(b7efced809eecb647824f360edb01784) Importer(815301076,1909f56bfc062723c751e8b465ee728b)
Start importing Assets/cemetery halloween set/Prefab_mobile/fence_tile_03.prefab using Guid(b7efced809eecb647824f360edb01784) Importer(815301076,1909f56bfc062723c751e8b465ee728b)  -> (artifact id: 'd6e7b5ba7f42527e6598789db03e053f') in 0.017154 seconds 
========================================================================
Received Import Request.
  Time since last request: 0.000042 seconds.
  path: Assets/cemetery halloween set/Prefab_mobile/mobile_dead_tree_03.prefab
  artifactKey: Guid(47bf5b06c3f82dc43a768d825858058b) Importer(815301076,1909f56bfc062723c751e8b465ee728b)
Start importing Assets/cemetery halloween set/Prefab_mobile/mobile_dead_tree_03.prefab using Guid(47bf5b06c3f82dc43a768d825858058b) Importer(815301076,1909f56bfc062723c751e8b465ee728b)  -> (artifact id: 'aa3cc3370117dafdb83a1e912f42bada') in 0.018705 seconds 
========================================================================
Received Import Request.
  Time since last request: 0.000028 seconds.
  path: Assets/cemetery halloween set/Prefab_mobile/mobile_dead_tree_06.prefab
  artifactKey: Guid(1df0c716b601a7048bfafa75c52cee85) Importer(815301076,1909f56bfc062723c751e8b465ee728b)
Start importing Assets/cemetery halloween set/Prefab_mobile/mobile_dead_tree_06.prefab using Guid(1df0c716b601a7048bfafa75c52cee85) Importer(815301076,1909f56bfc062723c751e8b465ee728b)  -> (artifact id: '295c6a802862b916cc145db5d45e8a02') in 0.020194 seconds 
========================================================================
Received Import Request.
  Time since last request: 0.000030 seconds.
  path: Assets/cemetery halloween set/Prefab_mobile/mobile_gravestone_09.prefab
  artifactKey: Guid(0e2d286a71be2fd4188c6fd4491c245d) Importer(815301076,1909f56bfc062723c751e8b465ee728b)
Start importing Assets/cemetery halloween set/Prefab_mobile/mobile_gravestone_09.prefab using Guid(0e2d286a71be2fd4188c6fd4491c245d) Importer(815301076,1909f56bfc062723c751e8b465ee728b)  -> (artifact id: 'b7707ad45214f856683f93daf918c073') in 0.020385 seconds 
Editor requested this worker to shutdown with reason: Scaling down because of idle timeout
AssetImportWorker is now disconnected from the server
Process exiting
Exiting without the bug reporter. Application will terminate with return code 0