Using pre-set license
Built from '2021.3/staging' branch; Version is '2021.3.26f1 (a16dc32e0ff2) revision 10579395'; Using compiler version '192829333'; Build Type 'Release'
OS: 'Windows 11  (10.0.26100) 64bit Professional' Language: 'ru' Physical Memory: 32677 MB
BatchMode: 1, IsHumanControllingUs: 0, StartBugReporterOnCrash: 0, Is64bit: 1, IsPro: 1

COMMAND LINE ARGUMENTS:
C:\Program Files\Unity\Hub\Editor\2021.3.26f1\Editor\Unity.exe
-adb2
-batchMode
-noUpm
-name
AssetImportWorker22
-projectPath
D:/UnityProjects/Garden of Dreams
-logFile
Logs/AssetImportWorker22.log
-srvPort
64380
Successfully changed project path to: D:/UnityProjects/Garden of Dreams
D:/UnityProjects/Garden of Dreams
[UnityMemory] Configuration Parameters - Can be set up in boot.config
    "memorysetup-bucket-allocator-granularity=16"
    "memorysetup-bucket-allocator-bucket-count=8"
    "memorysetup-bucket-allocator-block-size=33554432"
    "memorysetup-bucket-allocator-block-count=8"
    "memorysetup-main-allocator-block-size=16777216"
    "memorysetup-thread-allocator-block-size=16777216"
    "memorysetup-gfx-main-allocator-block-size=16777216"
    "memorysetup-gfx-thread-allocator-block-size=16777216"
    "memorysetup-cache-allocator-block-size=4194304"
    "memorysetup-typetree-allocator-block-size=2097152"
    "memorysetup-profiler-bucket-allocator-granularity=16"
    "memorysetup-profiler-bucket-allocator-bucket-count=8"
    "memorysetup-profiler-bucket-allocator-block-size=33554432"
    "memorysetup-profiler-bucket-allocator-block-count=8"
    "memorysetup-profiler-allocator-block-size=16777216"
    "memorysetup-profiler-editor-allocator-block-size=1048576"
    "memorysetup-temp-allocator-size-main=16777216"
    "memorysetup-job-temp-allocator-block-size=2097152"
    "memorysetup-job-temp-allocator-block-size-background=1048576"
    "memorysetup-job-temp-allocator-reduction-small-platforms=262144"
    "memorysetup-temp-allocator-size-background-worker=32768"
    "memorysetup-temp-allocator-size-job-worker=262144"
    "memorysetup-temp-allocator-size-preload-manager=33554432"
    "memorysetup-temp-allocator-size-nav-mesh-worker=65536"
    "memorysetup-temp-allocator-size-audio-worker=65536"
    "memorysetup-temp-allocator-size-cloud-worker=32768"
    "memorysetup-temp-allocator-size-gi-baking-worker=262144"
    "memorysetup-temp-allocator-size-gfx=262144"
Player connection [8776] Host "[IP] 192.168.88.25 [Port] 0 [Flags] 2 [Guid] 766518611 [EditorId] 766518611 [Version] 1048832 [Id] WindowsEditor(7,Fellar) [Debug] 1 [PackageName] WindowsEditor [ProjectName] Editor" joined multi-casting on [225.0.0.222:54997]...

Player connection [8776] Host "[IP] 192.168.88.25 [Port] 0 [Flags] 2 [Guid] 766518611 [EditorId] 766518611 [Version] 1048832 [Id] WindowsEditor(7,Fellar) [Debug] 1 [PackageName] WindowsEditor [ProjectName] Editor" joined alternative multi-casting on [225.0.0.222:34997]...

Refreshing native plugins compatible for Editor in 55.56 ms, found 3 plugins.
Preloading 0 native plugins for Editor in 0.00 ms.
Initialize engine version: 2021.3.26f1 (a16dc32e0ff2)
[Subsystems] Discovering subsystems at path C:/Program Files/Unity/Hub/Editor/2021.3.26f1/Editor/Data/Resources/UnitySubsystems
[Subsystems] Discovering subsystems at path D:/UnityProjects/Garden of Dreams/Assets
GfxDevice: creating device client; threaded=0; jobified=0
Direct3D:
    Version:  Direct3D 11.0 [level 11.1]
    Renderer: NVIDIA GeForce GTX 1080 (ID=0x1b80)
    Vendor:   NVIDIA
    VRAM:     8059 MB
    Driver:   32.0.15.6636
Initialize mono
Mono path[0] = 'C:/Program Files/Unity/Hub/Editor/2021.3.26f1/Editor/Data/Managed'
Mono path[1] = 'C:/Program Files/Unity/Hub/Editor/2021.3.26f1/Editor/Data/MonoBleedingEdge/lib/mono/unityjit-win32'
Mono config path = 'C:/Program Files/Unity/Hub/Editor/2021.3.26f1/Editor/Data/MonoBleedingEdge/etc'
Using monoOptions --debugger-agent=transport=dt_socket,embedding=1,server=y,suspend=n,address=127.0.0.1:56760
Begin MonoManager ReloadAssembly
Registering precompiled unity dll's ...
Register platform support module: C:/Program Files/Unity/Hub/Editor/2021.3.26f1/Editor/Data/PlaybackEngines/WebGLSupport/UnityEditor.WebGL.Extensions.dll
Register platform support module: C:/Program Files/Unity/Hub/Editor/2021.3.26f1/Editor/Data/PlaybackEngines/AndroidPlayer/UnityEditor.Android.Extensions.dll
Register platform support module: C:/Program Files/Unity/Hub/Editor/2021.3.26f1/Editor/Data/PlaybackEngines/WindowsStandaloneSupport/UnityEditor.WindowsStandalone.Extensions.dll
Registered in 0.004930 seconds.
Native extension for WindowsStandalone target not found
Native extension for Android target not found
Android Extension - Scanning For ADB Devices 229 ms
Native extension for WebGL target not found
Refreshing native plugins compatible for Editor in 55.60 ms, found 3 plugins.
Preloading 0 native plugins for Editor in 0.00 ms.
Mono: successfully reloaded assembly
- Completed reload, in  0.733 seconds
Domain Reload Profiling:
	ReloadAssembly (734ms)
		BeginReloadAssembly (66ms)
			ExecutionOrderSort (0ms)
			DisableScriptedObjects (0ms)
			BackupInstance (0ms)
			ReleaseScriptingObjects (0ms)
			CreateAndSetChildDomain (1ms)
		EndReloadAssembly (593ms)
			LoadAssemblies (65ms)
			RebuildTransferFunctionScriptingTraits (0ms)
			SetupTypeCache (76ms)
			ReleaseScriptCaches (0ms)
			RebuildScriptCaches (19ms)
			SetupLoadedEditorAssemblies (457ms)
				LogAssemblyErrors (0ms)
				InitializePlatformSupportModulesInManaged (298ms)
				SetLoadedEditorAssemblies (0ms)
				RefreshPlugins (56ms)
				BeforeProcessingInitializeOnLoad (1ms)
				ProcessInitializeOnLoadAttributes (69ms)
				ProcessInitializeOnLoadMethodAttributes (33ms)
				AfterProcessingInitializeOnLoad (0ms)
				EditorAssembliesLoaded (0ms)
			ExecutionOrderSort2 (0ms)
			AwakeInstancesAfterBackupRestoration (0ms)
Platform modules already initialized, skipping
Registering precompiled user dll's ...
Registered in 0.002619 seconds.
Begin MonoManager ReloadAssembly
Symbol file LoadedFromMemory doesn't match image D:\UnityProjects\Garden of Dreams\Library\PackageCache\com.unity.visualscripting@1.8.0\Editor\VisualScripting.Core\Dependencies\YamlDotNet\Unity.VisualScripting.YamlDotNet.dll
Symbol file LoadedFromMemory doesn't match image D:\UnityProjects\Garden of Dreams\Library\PackageCache\com.unity.visualscripting@1.8.0\Editor\VisualScripting.Core\Dependencies\DotNetZip\Unity.VisualScripting.IonicZip.dll
Native extension for WindowsStandalone target not found
Native extension for Android target not found
Native extension for WebGL target not found
Refreshing native plugins compatible for Editor in 0.52 ms, found 3 plugins.
Preloading 0 native plugins for Editor in 0.00 ms.
Mono: successfully reloaded assembly
- Completed reload, in  0.730 seconds
Domain Reload Profiling:
	ReloadAssembly (730ms)
		BeginReloadAssembly (93ms)
			ExecutionOrderSort (0ms)
			DisableScriptedObjects (5ms)
			BackupInstance (0ms)
			ReleaseScriptingObjects (0ms)
			CreateAndSetChildDomain (17ms)
		EndReloadAssembly (558ms)
			LoadAssemblies (65ms)
			RebuildTransferFunctionScriptingTraits (0ms)
			SetupTypeCache (181ms)
			ReleaseScriptCaches (0ms)
			RebuildScriptCaches (32ms)
			SetupLoadedEditorAssemblies (258ms)
				LogAssemblyErrors (0ms)
				InitializePlatformSupportModulesInManaged (17ms)
				SetLoadedEditorAssemblies (0ms)
				RefreshPlugins (1ms)
				BeforeProcessingInitializeOnLoad (55ms)
				ProcessInitializeOnLoadAttributes (164ms)
				ProcessInitializeOnLoadMethodAttributes (15ms)
				AfterProcessingInitializeOnLoad (5ms)
				EditorAssembliesLoaded (0ms)
			ExecutionOrderSort2 (0ms)
			AwakeInstancesAfterBackupRestoration (4ms)
Platform modules already initialized, skipping
========================================================================
Worker process is ready to serve import requests
Launched and connected shader compiler UnityShaderCompiler.exe after 0.03 seconds
Refreshing native plugins compatible for Editor in 0.53 ms, found 3 plugins.
Preloading 0 native plugins for Editor in 0.00 ms.
Unloading 3053 Unused Serialized files (Serialized files now loaded: 0)
Unloading 22 unused Assets / (284.4 KB). Loaded Objects now: 3542.
Memory consumption went from 125.6 MB to 125.3 MB.
Total: 2.324300 ms (FindLiveObjects: 0.187600 ms CreateObjectMapping: 0.069800 ms MarkObjects: 2.010400 ms  DeleteObjects: 0.055700 ms)

AssetImportParameters requested are different than current active one (requested -> active):
  custom:video-decoder-ogg-theora: a1e56fd34408186e4bbccfd4996cb3dc -> 
  custom:container-muxer-webm: aa71ff27fc2769a1b78a27578f13a17b -> 
  custom:container-demuxer-webm: 4f35f7cbe854078d1ac9338744f61a02 -> 
  custom:video-encoder-webm-vp8: eb34c28f22e8b96e1ab97ce403110664 -> 
  custom:video-codec-MediaFoundation-h265: 746d11721c4dcdbdad8f713fa42b33f4 -> 
  custom:audio-encoder-webm-vorbis: bf7c407c2cedff20999df2af8eb42d56 -> 
  custom:framework-win-MediaFoundation: 216162199b28c13a410421893ffa2e32 -> 
  custom:container-demuxer-ogg: 62fdf1f143b41e24485cea50d1cbac27 -> 
  custom:video-decoder-webm-vp8: 9c59270c3fd7afecdb556c50c9e8de78 -> 
  custom:audio-decoder-ogg-vorbis: bf7c407c2cedff20999df2af8eb42d56 -> 
========================================================================
Received Import Request.
  Time since last request: 43692.535099 seconds.
  path: Assets/cemetery halloween set/Prefab_mobile/fence_pillar_01.prefab
  artifactKey: Guid(04ad0ea2c477f3642983f0577b89a358) Importer(815301076,1909f56bfc062723c751e8b465ee728b)
Start importing Assets/cemetery halloween set/Prefab_mobile/fence_pillar_01.prefab using Guid(04ad0ea2c477f3642983f0577b89a358) Importer(815301076,1909f56bfc062723c751e8b465ee728b)  -> (artifact id: 'e32c768ac1283342154a86c77997a906') in 0.118868 seconds 
========================================================================
Received Import Request.
  Time since last request: 0.000023 seconds.
  path: Assets/cemetery halloween set/Prefab_mobile/fence_tile_02.prefab
  artifactKey: Guid(beacccdb742459a47a9a0f2a10892f87) Importer(815301076,1909f56bfc062723c751e8b465ee728b)
Start importing Assets/cemetery halloween set/Prefab_mobile/fence_tile_02.prefab using Guid(beacccdb742459a47a9a0f2a10892f87) Importer(815301076,1909f56bfc062723c751e8b465ee728b)  -> (artifact id: 'e3b634ec32b75f9b63c6057c66c307d0') in 0.028635 seconds 
========================================================================
Received Import Request.
  Time since last request: 0.000048 seconds.
  path: Assets/cemetery halloween set/Prefab_mobile/mobile_dead_tree_05.prefab
  artifactKey: Guid(7a15f40c24c0d3c418c7a40fcfe69512) Importer(815301076,1909f56bfc062723c751e8b465ee728b)
Start importing Assets/cemetery halloween set/Prefab_mobile/mobile_dead_tree_05.prefab using Guid(7a15f40c24c0d3c418c7a40fcfe69512) Importer(815301076,1909f56bfc062723c751e8b465ee728b)  -> (artifact id: 'dcfed62248c79b3e43b90e66568c4c52') in 0.023768 seconds 
========================================================================
Received Import Request.
  Time since last request: 0.000031 seconds.
  path: Assets/cemetery halloween set/Prefab_mobile/mobile_dead_tree_04.prefab
  artifactKey: Guid(80557bf8ce69dfd47a8955aacecbf12f) Importer(815301076,1909f56bfc062723c751e8b465ee728b)
Start importing Assets/cemetery halloween set/Prefab_mobile/mobile_dead_tree_04.prefab using Guid(80557bf8ce69dfd47a8955aacecbf12f) Importer(815301076,1909f56bfc062723c751e8b465ee728b)  -> (artifact id: 'd1d586d7d45e963e574171dd5b31b694') in 0.020497 seconds 
========================================================================
Received Import Request.
  Time since last request: 0.000027 seconds.
  path: Assets/cemetery halloween set/Prefab_mobile/mobile_gravestone_01.prefab
  artifactKey: Guid(d9b9d7f65e06eea4b9fb8e39bebc098c) Importer(815301076,1909f56bfc062723c751e8b465ee728b)
Start importing Assets/cemetery halloween set/Prefab_mobile/mobile_gravestone_01.prefab using Guid(d9b9d7f65e06eea4b9fb8e39bebc098c) Importer(815301076,1909f56bfc062723c751e8b465ee728b)  -> (artifact id: 'ce5815405eca2b3a841a705f545a022b') in 0.020815 seconds 
========================================================================
Received Import Request.
  Time since last request: 0.000031 seconds.
  path: Assets/cemetery halloween set/Prefab_mobile/mobile_gravestone_06.prefab
  artifactKey: Guid(4c904a7b752d6ca40a9a12c8bc49a106) Importer(815301076,1909f56bfc062723c751e8b465ee728b)
Start importing Assets/cemetery halloween set/Prefab_mobile/mobile_gravestone_06.prefab using Guid(4c904a7b752d6ca40a9a12c8bc49a106) Importer(815301076,1909f56bfc062723c751e8b465ee728b)  -> (artifact id: 'abe8d0693cc300e1fc3a7d2d9a934b1e') in 0.020706 seconds 
========================================================================
Received Import Request.
  Time since last request: 0.000027 seconds.
  path: Assets/cemetery halloween set/Prefab_mobile/mobile_dead_tree_01.prefab
  artifactKey: Guid(82b2054d2bd318c4e8c7b06e163cba40) Importer(815301076,1909f56bfc062723c751e8b465ee728b)
Start importing Assets/cemetery halloween set/Prefab_mobile/mobile_dead_tree_01.prefab using Guid(82b2054d2bd318c4e8c7b06e163cba40) Importer(815301076,1909f56bfc062723c751e8b465ee728b)  -> (artifact id: '2d3e6593a9ef73fada52e811329ede2d') in 0.014136 seconds 
========================================================================
Received Import Request.
  Time since last request: 5.088593 seconds.
  path: Assets/Environment/_Resources/Materials/cemetery_halloween_atlas.mat
  artifactKey: Guid(9d0a81bb8fa023b4a99eefc2d7f23131) Importer(815301076,1909f56bfc062723c751e8b465ee728b)
Start importing Assets/Environment/_Resources/Materials/cemetery_halloween_atlas.mat using Guid(9d0a81bb8fa023b4a99eefc2d7f23131) Importer(815301076,1909f56bfc062723c751e8b465ee728b)  -> (artifact id: 'd9ddd7c59eeaef54bc3084d56be75d3b') in 0.017849 seconds 
========================================================================
Received Import Request.
  Time since last request: 3.923874 seconds.
  path: Assets/Environment/_Resources/Textures/cemetery_halloween_atlas_alpha.mat
  artifactKey: Guid(b9bdff80ef35cca4caf45d8885130909) Importer(815301076,1909f56bfc062723c751e8b465ee728b)
Start importing Assets/Environment/_Resources/Textures/cemetery_halloween_atlas_alpha.mat using Guid(b9bdff80ef35cca4caf45d8885130909) Importer(815301076,1909f56bfc062723c751e8b465ee728b)  -> (artifact id: '9b00594044e863864d7ea66aaba90291') in 0.004387 seconds 
========================================================================
Received Import Request.
  Time since last request: 95.410677 seconds.
  path: Assets/Environment/_Resources/Materials/cemetery_halloween_atlas.mat
  artifactKey: Guid(9d0a81bb8fa023b4a99eefc2d7f23131) Importer(815301076,1909f56bfc062723c751e8b465ee728b)
Start importing Assets/Environment/_Resources/Materials/cemetery_halloween_atlas.mat using Guid(9d0a81bb8fa023b4a99eefc2d7f23131) Importer(815301076,1909f56bfc062723c751e8b465ee728b)  -> (artifact id: '3c8a630a26d07034c1cd8c836d6a0594') in 0.013983 seconds 
========================================================================
Received Import Request.
  Time since last request: 9.407460 seconds.
  path: Assets/Environment/_Resources/Textures/cemetery_halloween_atlas_alpha.mat
  artifactKey: Guid(b9bdff80ef35cca4caf45d8885130909) Importer(815301076,1909f56bfc062723c751e8b465ee728b)
Start importing Assets/Environment/_Resources/Textures/cemetery_halloween_atlas_alpha.mat using Guid(b9bdff80ef35cca4caf45d8885130909) Importer(815301076,1909f56bfc062723c751e8b465ee728b)  -> (artifact id: '70ba958b0c11d9b0e55692e4d5355ef7') in 0.012176 seconds 
