Using pre-set license
Built from '2021.3/staging' branch; Version is '2021.3.26f1 (a16dc32e0ff2) revision 10579395'; Using compiler version '192829333'; Build Type 'Release'
OS: 'Windows 11  (10.0.26100) 64bit Professional' Language: 'ru' Physical Memory: 32677 MB
BatchMode: 1, IsHumanControllingUs: 0, StartBugReporterOnCrash: 0, Is64bit: 1, IsPro: 1

COMMAND LINE ARGUMENTS:
C:\Program Files\Unity\Hub\Editor\2021.3.26f1\Editor\Unity.exe
-adb2
-batchMode
-noUpm
-name
AssetImportWorker21
-projectPath
D:/UnityProjects/Garden of Dreams
-logFile
Logs/AssetImportWorker21.log
-srvPort
64380
Successfully changed project path to: D:/UnityProjects/Garden of Dreams
D:/UnityProjects/Garden of Dreams
[UnityMemory] Configuration Parameters - Can be set up in boot.config
    "memorysetup-bucket-allocator-granularity=16"
    "memorysetup-bucket-allocator-bucket-count=8"
    "memorysetup-bucket-allocator-block-size=33554432"
    "memorysetup-bucket-allocator-block-count=8"
    "memorysetup-main-allocator-block-size=16777216"
    "memorysetup-thread-allocator-block-size=16777216"
    "memorysetup-gfx-main-allocator-block-size=16777216"
    "memorysetup-gfx-thread-allocator-block-size=16777216"
    "memorysetup-cache-allocator-block-size=4194304"
    "memorysetup-typetree-allocator-block-size=2097152"
    "memorysetup-profiler-bucket-allocator-granularity=16"
    "memorysetup-profiler-bucket-allocator-bucket-count=8"
    "memorysetup-profiler-bucket-allocator-block-size=33554432"
    "memorysetup-profiler-bucket-allocator-block-count=8"
    "memorysetup-profiler-allocator-block-size=16777216"
    "memorysetup-profiler-editor-allocator-block-size=1048576"
    "memorysetup-temp-allocator-size-main=16777216"
    "memorysetup-job-temp-allocator-block-size=2097152"
    "memorysetup-job-temp-allocator-block-size-background=1048576"
    "memorysetup-job-temp-allocator-reduction-small-platforms=262144"
    "memorysetup-temp-allocator-size-background-worker=32768"
    "memorysetup-temp-allocator-size-job-worker=262144"
    "memorysetup-temp-allocator-size-preload-manager=33554432"
    "memorysetup-temp-allocator-size-nav-mesh-worker=65536"
    "memorysetup-temp-allocator-size-audio-worker=65536"
    "memorysetup-temp-allocator-size-cloud-worker=32768"
    "memorysetup-temp-allocator-size-gi-baking-worker=262144"
    "memorysetup-temp-allocator-size-gfx=262144"
Player connection [25040] Host "[IP] 192.168.88.25 [Port] 0 [Flags] 2 [Guid] 906722424 [EditorId] 906722424 [Version] 1048832 [Id] WindowsEditor(7,Fellar) [Debug] 1 [PackageName] WindowsEditor [ProjectName] Editor" joined multi-casting on [225.0.0.222:54997]...

Player connection [25040] Host "[IP] 192.168.88.25 [Port] 0 [Flags] 2 [Guid] 906722424 [EditorId] 906722424 [Version] 1048832 [Id] WindowsEditor(7,Fellar) [Debug] 1 [PackageName] WindowsEditor [ProjectName] Editor" joined alternative multi-casting on [225.0.0.222:34997]...

Refreshing native plugins compatible for Editor in 57.02 ms, found 3 plugins.
Preloading 0 native plugins for Editor in 0.00 ms.
Initialize engine version: 2021.3.26f1 (a16dc32e0ff2)
[Subsystems] Discovering subsystems at path C:/Program Files/Unity/Hub/Editor/2021.3.26f1/Editor/Data/Resources/UnitySubsystems
[Subsystems] Discovering subsystems at path D:/UnityProjects/Garden of Dreams/Assets
GfxDevice: creating device client; threaded=0; jobified=0
Direct3D:
    Version:  Direct3D 11.0 [level 11.1]
    Renderer: NVIDIA GeForce GTX 1080 (ID=0x1b80)
    Vendor:   NVIDIA
    VRAM:     8059 MB
    Driver:   32.0.15.6636
Initialize mono
Mono path[0] = 'C:/Program Files/Unity/Hub/Editor/2021.3.26f1/Editor/Data/Managed'
Mono path[1] = 'C:/Program Files/Unity/Hub/Editor/2021.3.26f1/Editor/Data/MonoBleedingEdge/lib/mono/unityjit-win32'
Mono config path = 'C:/Program Files/Unity/Hub/Editor/2021.3.26f1/Editor/Data/MonoBleedingEdge/etc'
Using monoOptions --debugger-agent=transport=dt_socket,embedding=1,server=y,suspend=n,address=127.0.0.1:56848
Begin MonoManager ReloadAssembly
Registering precompiled unity dll's ...
Register platform support module: C:/Program Files/Unity/Hub/Editor/2021.3.26f1/Editor/Data/PlaybackEngines/WebGLSupport/UnityEditor.WebGL.Extensions.dll
Register platform support module: C:/Program Files/Unity/Hub/Editor/2021.3.26f1/Editor/Data/PlaybackEngines/AndroidPlayer/UnityEditor.Android.Extensions.dll
Register platform support module: C:/Program Files/Unity/Hub/Editor/2021.3.26f1/Editor/Data/PlaybackEngines/WindowsStandaloneSupport/UnityEditor.WindowsStandalone.Extensions.dll
Registered in 0.005023 seconds.
Native extension for WindowsStandalone target not found
Native extension for Android target not found
Android Extension - Scanning For ADB Devices 236 ms
Native extension for WebGL target not found
Refreshing native plugins compatible for Editor in 69.77 ms, found 3 plugins.
Preloading 0 native plugins for Editor in 0.00 ms.
Mono: successfully reloaded assembly
- Completed reload, in  0.763 seconds
Domain Reload Profiling:
	ReloadAssembly (763ms)
		BeginReloadAssembly (67ms)
			ExecutionOrderSort (0ms)
			DisableScriptedObjects (0ms)
			BackupInstance (0ms)
			ReleaseScriptingObjects (0ms)
			CreateAndSetChildDomain (1ms)
		EndReloadAssembly (621ms)
			LoadAssemblies (66ms)
			RebuildTransferFunctionScriptingTraits (0ms)
			SetupTypeCache (77ms)
			ReleaseScriptCaches (0ms)
			RebuildScriptCaches (19ms)
			SetupLoadedEditorAssemblies (485ms)
				LogAssemblyErrors (0ms)
				InitializePlatformSupportModulesInManaged (305ms)
				SetLoadedEditorAssemblies (0ms)
				RefreshPlugins (70ms)
				BeforeProcessingInitializeOnLoad (1ms)
				ProcessInitializeOnLoadAttributes (74ms)
				ProcessInitializeOnLoadMethodAttributes (34ms)
				AfterProcessingInitializeOnLoad (0ms)
				EditorAssembliesLoaded (0ms)
			ExecutionOrderSort2 (0ms)
			AwakeInstancesAfterBackupRestoration (0ms)
Platform modules already initialized, skipping
Registering precompiled user dll's ...
Registered in 0.002643 seconds.
Begin MonoManager ReloadAssembly
Symbol file LoadedFromMemory doesn't match image D:\UnityProjects\Garden of Dreams\Library\PackageCache\com.unity.visualscripting@1.8.0\Editor\VisualScripting.Core\Dependencies\YamlDotNet\Unity.VisualScripting.YamlDotNet.dll
Symbol file LoadedFromMemory doesn't match image D:\UnityProjects\Garden of Dreams\Library\PackageCache\com.unity.visualscripting@1.8.0\Editor\VisualScripting.Core\Dependencies\DotNetZip\Unity.VisualScripting.IonicZip.dll
Native extension for WindowsStandalone target not found
Native extension for Android target not found
Native extension for WebGL target not found
Refreshing native plugins compatible for Editor in 0.53 ms, found 3 plugins.
Preloading 0 native plugins for Editor in 0.00 ms.
Mono: successfully reloaded assembly
- Completed reload, in  0.734 seconds
Domain Reload Profiling:
	ReloadAssembly (735ms)
		BeginReloadAssembly (93ms)
			ExecutionOrderSort (0ms)
			DisableScriptedObjects (5ms)
			BackupInstance (0ms)
			ReleaseScriptingObjects (0ms)
			CreateAndSetChildDomain (16ms)
		EndReloadAssembly (563ms)
			LoadAssemblies (66ms)
			RebuildTransferFunctionScriptingTraits (0ms)
			SetupTypeCache (181ms)
			ReleaseScriptCaches (0ms)
			RebuildScriptCaches (34ms)
			SetupLoadedEditorAssemblies (258ms)
				LogAssemblyErrors (0ms)
				InitializePlatformSupportModulesInManaged (17ms)
				SetLoadedEditorAssemblies (0ms)
				RefreshPlugins (1ms)
				BeforeProcessingInitializeOnLoad (54ms)
				ProcessInitializeOnLoadAttributes (165ms)
				ProcessInitializeOnLoadMethodAttributes (15ms)
				AfterProcessingInitializeOnLoad (5ms)
				EditorAssembliesLoaded (0ms)
			ExecutionOrderSort2 (0ms)
			AwakeInstancesAfterBackupRestoration (5ms)
Platform modules already initialized, skipping
========================================================================
Worker process is ready to serve import requests
Launched and connected shader compiler UnityShaderCompiler.exe after 0.03 seconds
Refreshing native plugins compatible for Editor in 0.81 ms, found 3 plugins.
Preloading 0 native plugins for Editor in 0.00 ms.
Unloading 3053 Unused Serialized files (Serialized files now loaded: 0)
Unloading 22 unused Assets / (284.4 KB). Loaded Objects now: 3542.
Memory consumption went from 125.6 MB to 125.3 MB.
Total: 4.108500 ms (FindLiveObjects: 0.411600 ms CreateObjectMapping: 0.179200 ms MarkObjects: 3.447300 ms  DeleteObjects: 0.069300 ms)

AssetImportParameters requested are different than current active one (requested -> active):
  custom:video-decoder-ogg-theora: a1e56fd34408186e4bbccfd4996cb3dc -> 
  custom:container-muxer-webm: aa71ff27fc2769a1b78a27578f13a17b -> 
  custom:container-demuxer-webm: 4f35f7cbe854078d1ac9338744f61a02 -> 
  custom:video-encoder-webm-vp8: eb34c28f22e8b96e1ab97ce403110664 -> 
  custom:video-codec-MediaFoundation-h265: 746d11721c4dcdbdad8f713fa42b33f4 -> 
  custom:audio-encoder-webm-vorbis: bf7c407c2cedff20999df2af8eb42d56 -> 
  custom:framework-win-MediaFoundation: 216162199b28c13a410421893ffa2e32 -> 
  custom:container-demuxer-ogg: 62fdf1f143b41e24485cea50d1cbac27 -> 
  custom:video-decoder-webm-vp8: 9c59270c3fd7afecdb556c50c9e8de78 -> 
  custom:audio-decoder-ogg-vorbis: bf7c407c2cedff20999df2af8eb42d56 -> 
========================================================================
Received Import Request.
  Time since last request: 43603.349950 seconds.
  path: Assets/mobile_tomb.fbx
  artifactKey: Guid(5d493aa214a7dc045b4313f080a0eeb5) Importer(815301076,1909f56bfc062723c751e8b465ee728b)
Start importing Assets/mobile_tomb.fbx using Guid(5d493aa214a7dc045b4313f080a0eeb5) Importer(815301076,1909f56bfc062723c751e8b465ee728b)  -> (artifact id: '1efe33a9c2121a24a99511deeb4a8e6d') in 0.025942 seconds 
========================================================================
Received Import Request.
  Time since last request: 28.690387 seconds.
  path: Assets/mobile_tomb.fbx
  artifactKey: Guid(5d493aa214a7dc045b4313f080a0eeb5) Importer(815301076,1909f56bfc062723c751e8b465ee728b)
Start importing Assets/mobile_tomb.fbx using Guid(5d493aa214a7dc045b4313f080a0eeb5) Importer(815301076,1909f56bfc062723c751e8b465ee728b)  -> (artifact id: '0ae0ee9b03ddab3557480b1497833884') in 0.093191 seconds 
========================================================================
Received Import Request.
  Time since last request: 4.757976 seconds.
  path: Assets/mobile_skull_04.fbx
  artifactKey: Guid(0c76e42b1817e9a4786ec132c0a548ec) Importer(815301076,1909f56bfc062723c751e8b465ee728b)
Start importing Assets/mobile_skull_04.fbx using Guid(0c76e42b1817e9a4786ec132c0a548ec) Importer(815301076,1909f56bfc062723c751e8b465ee728b)  -> (artifact id: '85e233e427b18e65445b2eb94bef7d5c') in 0.024961 seconds 
========================================================================
Received Import Request.
  Time since last request: 1.882636 seconds.
  path: Assets/mobile_skull_04.fbx
  artifactKey: Guid(0c76e42b1817e9a4786ec132c0a548ec) Importer(815301076,1909f56bfc062723c751e8b465ee728b)
Start importing Assets/mobile_skull_04.fbx using Guid(0c76e42b1817e9a4786ec132c0a548ec) Importer(815301076,1909f56bfc062723c751e8b465ee728b)  -> (artifact id: 'a2190905f18de4754bd075ccc5a5f8d9') in 0.019478 seconds 
========================================================================
Received Import Request.
  Time since last request: 1.839609 seconds.
  path: Assets/mobile_skull_04.fbx
  artifactKey: Guid(0c76e42b1817e9a4786ec132c0a548ec) Importer(815301076,1909f56bfc062723c751e8b465ee728b)
Start importing Assets/mobile_skull_04.fbx using Guid(0c76e42b1817e9a4786ec132c0a548ec) Importer(815301076,1909f56bfc062723c751e8b465ee728b)  -> (artifact id: '51e450f2ac8c5aa5cb15e5aee295cd37') in 0.009715 seconds 
========================================================================
Received Import Request.
  Time since last request: 4.436560 seconds.
  path: Assets/mobile_tomb.fbx
  artifactKey: Guid(5d493aa214a7dc045b4313f080a0eeb5) Importer(815301076,1909f56bfc062723c751e8b465ee728b)
Start importing Assets/mobile_tomb.fbx using Guid(5d493aa214a7dc045b4313f080a0eeb5) Importer(815301076,1909f56bfc062723c751e8b465ee728b)  -> (artifact id: '664a94a85b076aa7177fc76aae3bc1e2') in 0.009125 seconds 
========================================================================
Received Import Request.
  Time since last request: 4.030927 seconds.
  path: Assets/mobile_gravestone_01.fbx
  artifactKey: Guid(46d5e9438ba35164b9256f46a8c9d379) Importer(815301076,1909f56bfc062723c751e8b465ee728b)
Start importing Assets/mobile_gravestone_01.fbx using Guid(46d5e9438ba35164b9256f46a8c9d379) Importer(815301076,1909f56bfc062723c751e8b465ee728b)  -> (artifact id: '89bfa7cea197856b7bc1311bf99d2eb4') in 0.009481 seconds 
========================================================================
Received Import Request.
  Time since last request: 3.425209 seconds.
  path: Assets/mobile_gravestone_03.fbx
  artifactKey: Guid(468ea0b11c46b024ba9150a745b6dd82) Importer(815301076,1909f56bfc062723c751e8b465ee728b)
Start importing Assets/mobile_gravestone_03.fbx using Guid(468ea0b11c46b024ba9150a745b6dd82) Importer(815301076,1909f56bfc062723c751e8b465ee728b)  -> (artifact id: '5d02c10e8a6eb7119a3d79a93a7bdf5c') in 0.009706 seconds 
========================================================================
Received Import Request.
  Time since last request: 2.486421 seconds.
  path: Assets/mobile_gravestone_08.fbx
  artifactKey: Guid(7c21598534771664ca8a39da4017b979) Importer(815301076,1909f56bfc062723c751e8b465ee728b)
Start importing Assets/mobile_gravestone_08.fbx using Guid(7c21598534771664ca8a39da4017b979) Importer(815301076,1909f56bfc062723c751e8b465ee728b)  -> (artifact id: '1c20089b481b5dd606e888706f9df482') in 0.009199 seconds 
========================================================================
Received Import Request.
  Time since last request: 3.275191 seconds.
  path: Assets/mobile_gravestone_09.fbx
  artifactKey: Guid(690021454a47bee41959e17cf0212b91) Importer(815301076,1909f56bfc062723c751e8b465ee728b)
Start importing Assets/mobile_gravestone_09.fbx using Guid(690021454a47bee41959e17cf0212b91) Importer(815301076,1909f56bfc062723c751e8b465ee728b)  -> (artifact id: '4d7ba2fe04bb54a2a75472f86b95b1aa') in 0.009003 seconds 
========================================================================
Received Import Request.
  Time since last request: 12.192949 seconds.
  path: Assets/cemetery halloween set/textures/cemetery_halloween_atlas.tga
  artifactKey: Guid(533f20d1d25eb984888f7a6157753055) Importer(815301076,1909f56bfc062723c751e8b465ee728b)
Start importing Assets/cemetery halloween set/textures/cemetery_halloween_atlas.tga using Guid(533f20d1d25eb984888f7a6157753055) Importer(815301076,1909f56bfc062723c751e8b465ee728b)  -> (artifact id: '80e7e50e80fddf468d17ce5e8a892a39') in 0.020391 seconds 
========================================================================
Received Import Request.
  Time since last request: 0.000020 seconds.
  path: Assets/cemetery halloween set/textures/floor_11.png
  artifactKey: Guid(a2a3f5aa1919d754db7013249b67ee8f) Importer(815301076,1909f56bfc062723c751e8b465ee728b)
Start importing Assets/cemetery halloween set/textures/floor_11.png using Guid(a2a3f5aa1919d754db7013249b67ee8f) Importer(815301076,1909f56bfc062723c751e8b465ee728b)  -> (artifact id: 'f98b6586cbf78e741958485fed374d1f') in 0.006864 seconds 
========================================================================
Received Import Request.
  Time since last request: 0.000013 seconds.
  path: Assets/cemetery halloween set/textures/floor_14.mat
  artifactKey: Guid(e539cccd52c19aa46ac9e3dd40ae7370) Importer(815301076,1909f56bfc062723c751e8b465ee728b)
Start importing Assets/cemetery halloween set/textures/floor_14.mat using Guid(e539cccd52c19aa46ac9e3dd40ae7370) Importer(815301076,1909f56bfc062723c751e8b465ee728b)  -> (artifact id: 'fe517566174df4160627a18cbc1ea693') in 0.049784 seconds 
========================================================================
Received Import Request.
  Time since last request: 0.000020 seconds.
  path: Assets/cemetery halloween set/textures/floor_11.mat
  artifactKey: Guid(71ea78aa56fd40544840810c9e5b0590) Importer(815301076,1909f56bfc062723c751e8b465ee728b)
Start importing Assets/cemetery halloween set/textures/floor_11.mat using Guid(71ea78aa56fd40544840810c9e5b0590) Importer(815301076,1909f56bfc062723c751e8b465ee728b)  -> (artifact id: 'aa7c99d5faf5c5977d4a7c07923c06da') in 0.005915 seconds 
========================================================================
Received Import Request.
  Time since last request: 0.000015 seconds.
  path: Assets/cemetery halloween set/textures/floor_13.png
  artifactKey: Guid(8f2f2716c0826a8409cc60b460b6e1ac) Importer(815301076,1909f56bfc062723c751e8b465ee728b)
Start importing Assets/cemetery halloween set/textures/floor_13.png using Guid(8f2f2716c0826a8409cc60b460b6e1ac) Importer(815301076,1909f56bfc062723c751e8b465ee728b)  -> (artifact id: '7d50ff86a8f8cc43870bc247333b2320') in 0.005121 seconds 
========================================================================
Received Import Request.
  Time since last request: 21.798565 seconds.
  path: Assets/cemetery halloween set/Prefab_mobile/fence_pillar_02.prefab
  artifactKey: Guid(3844633e2e6ce974085f08dc008e90a7) Importer(815301076,1909f56bfc062723c751e8b465ee728b)
Start importing Assets/cemetery halloween set/Prefab_mobile/fence_pillar_02.prefab using Guid(3844633e2e6ce974085f08dc008e90a7) Importer(815301076,1909f56bfc062723c751e8b465ee728b)  -> (artifact id: 'd0325602ae659544c1adf6d027013fc8') in 0.018099 seconds 
========================================================================
Received Import Request.
  Time since last request: 0.000013 seconds.
  path: Assets/cemetery halloween set/Prefab_mobile/fence_tile_05.prefab
  artifactKey: Guid(f64b4ed013d2e564f87e392262c02174) Importer(815301076,1909f56bfc062723c751e8b465ee728b)
Start importing Assets/cemetery halloween set/Prefab_mobile/fence_tile_05.prefab using Guid(f64b4ed013d2e564f87e392262c02174) Importer(815301076,1909f56bfc062723c751e8b465ee728b)  -> (artifact id: '2155c7f4aa4d786442d8aec9d0950b97') in 0.016207 seconds 
========================================================================
Received Import Request.
  Time since last request: 0.000025 seconds.
  path: Assets/cemetery halloween set/Prefab_mobile/fence_tile_04.prefab
  artifactKey: Guid(5cea5509bde1805459b97d4a7857aaae) Importer(815301076,1909f56bfc062723c751e8b465ee728b)
Start importing Assets/cemetery halloween set/Prefab_mobile/fence_tile_04.prefab using Guid(5cea5509bde1805459b97d4a7857aaae) Importer(815301076,1909f56bfc062723c751e8b465ee728b)  -> (artifact id: 'dc3cb86b48626a3dc4de66c4fecf7116') in 0.017899 seconds 
========================================================================
Received Import Request.
  Time since last request: 0.000041 seconds.
  path: Assets/cemetery halloween set/Prefab_mobile/mobile_gravestone_03.prefab
  artifactKey: Guid(9e9d1287873c3c940a4598792f058c4c) Importer(815301076,1909f56bfc062723c751e8b465ee728b)
Start importing Assets/cemetery halloween set/Prefab_mobile/mobile_gravestone_03.prefab using Guid(9e9d1287873c3c940a4598792f058c4c) Importer(815301076,1909f56bfc062723c751e8b465ee728b)  -> (artifact id: 'b8eb781d857810257e3e1ed1ef14513e') in 0.017839 seconds 
========================================================================
Received Import Request.
  Time since last request: 0.000032 seconds.
  path: Assets/cemetery halloween set/Prefab_mobile/mobile_gravestone_08.prefab
  artifactKey: Guid(8cbaaa1c70aa83240a3aa22dc354de05) Importer(815301076,1909f56bfc062723c751e8b465ee728b)
Start importing Assets/cemetery halloween set/Prefab_mobile/mobile_gravestone_08.prefab using Guid(8cbaaa1c70aa83240a3aa22dc354de05) Importer(815301076,1909f56bfc062723c751e8b465ee728b)  -> (artifact id: '2674df733a25fd41814c14eaccc0b2fb') in 0.017567 seconds 
========================================================================
Received Import Request.
  Time since last request: 0.000032 seconds.
  path: Assets/cemetery halloween set/Prefab_mobile/mobile_dead_tree_02.prefab
  artifactKey: Guid(8ed0dac8bc1ff2a42817e12be50c6939) Importer(815301076,1909f56bfc062723c751e8b465ee728b)
Start importing Assets/cemetery halloween set/Prefab_mobile/mobile_dead_tree_02.prefab using Guid(8ed0dac8bc1ff2a42817e12be50c6939) Importer(815301076,1909f56bfc062723c751e8b465ee728b)  -> (artifact id: 'e8fdb721dfbc1f00b0e0919a67e0ef75') in 0.020321 seconds 
========================================================================
Received Import Request.
  Time since last request: 0.000025 seconds.
  path: Assets/cemetery halloween set/Prefab_mobile/mobile_gravestone_07.prefab
  artifactKey: Guid(2832f6ea6d115e640a7b83f2b97eb0d0) Importer(815301076,1909f56bfc062723c751e8b465ee728b)
Start importing Assets/cemetery halloween set/Prefab_mobile/mobile_gravestone_07.prefab using Guid(2832f6ea6d115e640a7b83f2b97eb0d0) Importer(815301076,1909f56bfc062723c751e8b465ee728b)  -> (artifact id: '20f9a805fdc3c755383089a6d25757a8') in 0.016232 seconds 
========================================================================
Received Import Request.
  Time since last request: 0.000021 seconds.
  path: Assets/cemetery halloween set/Prefab_mobile/mobile_bush_03.prefab
  artifactKey: Guid(855a67a22b5e3c64bb7bc6ba64263f37) Importer(815301076,1909f56bfc062723c751e8b465ee728b)
Start importing Assets/cemetery halloween set/Prefab_mobile/mobile_bush_03.prefab using Guid(855a67a22b5e3c64bb7bc6ba64263f37) Importer(815301076,1909f56bfc062723c751e8b465ee728b)  -> (artifact id: '3fb4c82aeb068f5ec9a4af90116dc093') in 0.018629 seconds 
========================================================================
Received Import Request.
  Time since last request: 0.000033 seconds.
  path: Assets/cemetery halloween set/Prefab_mobile/fence_pillar_04.prefab
  artifactKey: Guid(027629674a2d43e4085a541b1399b7dc) Importer(815301076,1909f56bfc062723c751e8b465ee728b)
Start importing Assets/cemetery halloween set/Prefab_mobile/fence_pillar_04.prefab using Guid(027629674a2d43e4085a541b1399b7dc) Importer(815301076,1909f56bfc062723c751e8b465ee728b)  -> (artifact id: 'ac79f3f8620c941c2002bcc1263e615e') in 0.021097 seconds 
========================================================================
Received Import Request.
  Time since last request: 0.000032 seconds.
  path: Assets/cemetery halloween set/Prefab_mobile/mobile_gravestone_05.prefab
  artifactKey: Guid(45dbd24af5f29ff4e9dd35279d2249a7) Importer(815301076,1909f56bfc062723c751e8b465ee728b)
Start importing Assets/cemetery halloween set/Prefab_mobile/mobile_gravestone_05.prefab using Guid(45dbd24af5f29ff4e9dd35279d2249a7) Importer(815301076,1909f56bfc062723c751e8b465ee728b)  -> (artifact id: 'bdf0f533134df41c43cf2ab923d1573b') in 0.020245 seconds 
========================================================================
Received Import Request.
  Time since last request: 0.000052 seconds.
  path: Assets/cemetery halloween set/Prefab_mobile/gate_01.prefab
  artifactKey: Guid(91d8c8bf5150b734990a9c8c39f3ba87) Importer(815301076,1909f56bfc062723c751e8b465ee728b)
Start importing Assets/cemetery halloween set/Prefab_mobile/gate_01.prefab using Guid(91d8c8bf5150b734990a9c8c39f3ba87) Importer(815301076,1909f56bfc062723c751e8b465ee728b)  -> (artifact id: '924778fc32013513c97b84190dcaa3de') in 0.022743 seconds 
