Using pre-set license
Built from '2021.3/staging' branch; Version is '2021.3.26f1 (a16dc32e0ff2) revision 10579395'; Using compiler version '192829333'; Build Type 'Release'
OS: 'Windows 11  (10.0.26100) 64bit Professional' Language: 'ru' Physical Memory: 32677 MB
BatchMode: 1, IsHumanControllingUs: 0, StartBugReporterOnCrash: 0, Is64bit: 1, IsPro: 1

COMMAND LINE ARGUMENTS:
C:\Program Files\Unity\Hub\Editor\2021.3.26f1\Editor\Unity.exe
-adb2
-batchMode
-noUpm
-name
AssetImportWorker0
-projectPath
D:/UnityProjects/GardenOfDreams
-logFile
Logs/AssetImportWorker0.log
-srvPort
56624
Successfully changed project path to: D:/UnityProjects/GardenOfDreams
D:/UnityProjects/GardenOfDreams
[UnityMemory] Configuration Parameters - Can be set up in boot.config
    "memorysetup-bucket-allocator-granularity=16"
    "memorysetup-bucket-allocator-bucket-count=8"
    "memorysetup-bucket-allocator-block-size=33554432"
    "memorysetup-bucket-allocator-block-count=8"
    "memorysetup-main-allocator-block-size=16777216"
    "memorysetup-thread-allocator-block-size=16777216"
    "memorysetup-gfx-main-allocator-block-size=16777216"
    "memorysetup-gfx-thread-allocator-block-size=16777216"
    "memorysetup-cache-allocator-block-size=4194304"
    "memorysetup-typetree-allocator-block-size=2097152"
    "memorysetup-profiler-bucket-allocator-granularity=16"
    "memorysetup-profiler-bucket-allocator-bucket-count=8"
    "memorysetup-profiler-bucket-allocator-block-size=33554432"
    "memorysetup-profiler-bucket-allocator-block-count=8"
    "memorysetup-profiler-allocator-block-size=16777216"
    "memorysetup-profiler-editor-allocator-block-size=1048576"
    "memorysetup-temp-allocator-size-main=16777216"
    "memorysetup-job-temp-allocator-block-size=2097152"
    "memorysetup-job-temp-allocator-block-size-background=1048576"
    "memorysetup-job-temp-allocator-reduction-small-platforms=262144"
    "memorysetup-temp-allocator-size-background-worker=32768"
    "memorysetup-temp-allocator-size-job-worker=262144"
    "memorysetup-temp-allocator-size-preload-manager=33554432"
    "memorysetup-temp-allocator-size-nav-mesh-worker=65536"
    "memorysetup-temp-allocator-size-audio-worker=65536"
    "memorysetup-temp-allocator-size-cloud-worker=32768"
    "memorysetup-temp-allocator-size-gi-baking-worker=262144"
    "memorysetup-temp-allocator-size-gfx=262144"
Player connection [6876] Host "[IP] 192.168.88.25 [Port] 0 [Flags] 2 [Guid] 3780788980 [EditorId] 3780788980 [Version] 1048832 [Id] WindowsEditor(7,Fellar) [Debug] 1 [PackageName] WindowsEditor [ProjectName] Editor" joined multi-casting on [225.0.0.222:54997]...

Player connection [6876] Host "[IP] 192.168.88.25 [Port] 0 [Flags] 2 [Guid] 3780788980 [EditorId] 3780788980 [Version] 1048832 [Id] WindowsEditor(7,Fellar) [Debug] 1 [PackageName] WindowsEditor [ProjectName] Editor" joined alternative multi-casting on [225.0.0.222:34997]...

Refreshing native plugins compatible for Editor in 69.22 ms, found 3 plugins.
Preloading 0 native plugins for Editor in 0.00 ms.
Initialize engine version: 2021.3.26f1 (a16dc32e0ff2)
[Subsystems] Discovering subsystems at path C:/Program Files/Unity/Hub/Editor/2021.3.26f1/Editor/Data/Resources/UnitySubsystems
[Subsystems] Discovering subsystems at path D:/UnityProjects/GardenOfDreams/Assets
GfxDevice: creating device client; threaded=0; jobified=0
Direct3D:
    Version:  Direct3D 11.0 [level 11.1]
    Renderer: NVIDIA GeForce GTX 1080 (ID=0x1b80)
    Vendor:   NVIDIA
    VRAM:     8059 MB
    Driver:   32.0.15.6636
Initialize mono
Mono path[0] = 'C:/Program Files/Unity/Hub/Editor/2021.3.26f1/Editor/Data/Managed'
Mono path[1] = 'C:/Program Files/Unity/Hub/Editor/2021.3.26f1/Editor/Data/MonoBleedingEdge/lib/mono/unityjit-win32'
Mono config path = 'C:/Program Files/Unity/Hub/Editor/2021.3.26f1/Editor/Data/MonoBleedingEdge/etc'
Using monoOptions --debugger-agent=transport=dt_socket,embedding=1,server=y,suspend=n,address=127.0.0.1:56732
Begin MonoManager ReloadAssembly
Registering precompiled unity dll's ...
Register platform support module: C:/Program Files/Unity/Hub/Editor/2021.3.26f1/Editor/Data/PlaybackEngines/WebGLSupport/UnityEditor.WebGL.Extensions.dll
Register platform support module: C:/Program Files/Unity/Hub/Editor/2021.3.26f1/Editor/Data/PlaybackEngines/AndroidPlayer/UnityEditor.Android.Extensions.dll
Register platform support module: C:/Program Files/Unity/Hub/Editor/2021.3.26f1/Editor/Data/PlaybackEngines/WindowsStandaloneSupport/UnityEditor.WindowsStandalone.Extensions.dll
Registered in 0.005026 seconds.
Native extension for WindowsStandalone target not found
Native extension for Android target not found
Android Extension - Scanning For ADB Devices 421 ms
Native extension for WebGL target not found
Refreshing native plugins compatible for Editor in 66.16 ms, found 3 plugins.
Preloading 0 native plugins for Editor in 0.00 ms.
Mono: successfully reloaded assembly
- Completed reload, in  1.024 seconds
Domain Reload Profiling:
	ReloadAssembly (1024ms)
		BeginReloadAssembly (75ms)
			ExecutionOrderSort (0ms)
			DisableScriptedObjects (0ms)
			BackupInstance (0ms)
			ReleaseScriptingObjects (0ms)
			CreateAndSetChildDomain (1ms)
		EndReloadAssembly (858ms)
			LoadAssemblies (74ms)
			RebuildTransferFunctionScriptingTraits (0ms)
			SetupTypeCache (96ms)
			ReleaseScriptCaches (0ms)
			RebuildScriptCaches (27ms)
			SetupLoadedEditorAssemblies (689ms)
				LogAssemblyErrors (0ms)
				InitializePlatformSupportModulesInManaged (500ms)
				SetLoadedEditorAssemblies (0ms)
				RefreshPlugins (66ms)
				BeforeProcessingInitializeOnLoad (1ms)
				ProcessInitializeOnLoadAttributes (82ms)
				ProcessInitializeOnLoadMethodAttributes (40ms)
				AfterProcessingInitializeOnLoad (0ms)
				EditorAssembliesLoaded (0ms)
			ExecutionOrderSort2 (0ms)
			AwakeInstancesAfterBackupRestoration (0ms)
Platform modules already initialized, skipping
Registering precompiled user dll's ...
Registered in 0.003906 seconds.
Begin MonoManager ReloadAssembly
Symbol file LoadedFromMemory doesn't match image D:\UnityProjects\GardenOfDreams\Library\PackageCache\com.unity.visualscripting@1.8.0\Editor\VisualScripting.Core\Dependencies\YamlDotNet\Unity.VisualScripting.YamlDotNet.dll
Symbol file LoadedFromMemory doesn't match image D:\UnityProjects\GardenOfDreams\Library\PackageCache\com.unity.visualscripting@1.8.0\Editor\VisualScripting.Core\Dependencies\DotNetZip\Unity.VisualScripting.IonicZip.dll
Native extension for WindowsStandalone target not found
Native extension for Android target not found
Native extension for WebGL target not found
Refreshing native plugins compatible for Editor in 0.68 ms, found 3 plugins.
Preloading 0 native plugins for Editor in 0.00 ms.
Mono: successfully reloaded assembly
- Completed reload, in  0.886 seconds
Domain Reload Profiling:
	ReloadAssembly (887ms)
		BeginReloadAssembly (111ms)
			ExecutionOrderSort (0ms)
			DisableScriptedObjects (6ms)
			BackupInstance (0ms)
			ReleaseScriptingObjects (0ms)
			CreateAndSetChildDomain (20ms)
		EndReloadAssembly (679ms)
			LoadAssemblies (76ms)
			RebuildTransferFunctionScriptingTraits (0ms)
			SetupTypeCache (220ms)
			ReleaseScriptCaches (1ms)
			RebuildScriptCaches (45ms)
			SetupLoadedEditorAssemblies (306ms)
				LogAssemblyErrors (0ms)
				InitializePlatformSupportModulesInManaged (20ms)
				SetLoadedEditorAssemblies (1ms)
				RefreshPlugins (1ms)
				BeforeProcessingInitializeOnLoad (67ms)
				ProcessInitializeOnLoadAttributes (192ms)
				ProcessInitializeOnLoadMethodAttributes (19ms)
				AfterProcessingInitializeOnLoad (6ms)
				EditorAssembliesLoaded (0ms)
			ExecutionOrderSort2 (0ms)
			AwakeInstancesAfterBackupRestoration (5ms)
Platform modules already initialized, skipping
========================================================================
Worker process is ready to serve import requests
Launched and connected shader compiler UnityShaderCompiler.exe after 0.04 seconds
Refreshing native plugins compatible for Editor in 0.52 ms, found 3 plugins.
Preloading 0 native plugins for Editor in 0.00 ms.
Unloading 3053 Unused Serialized files (Serialized files now loaded: 0)
Unloading 22 unused Assets / (284.5 KB). Loaded Objects now: 3543.
Memory consumption went from 125.6 MB to 125.3 MB.
Total: 2.879600 ms (FindLiveObjects: 0.211600 ms CreateObjectMapping: 0.144100 ms MarkObjects: 2.451800 ms  DeleteObjects: 0.071200 ms)

AssetImportParameters requested are different than current active one (requested -> active):
  custom:video-decoder-ogg-theora: a1e56fd34408186e4bbccfd4996cb3dc -> 
  custom:container-muxer-webm: aa71ff27fc2769a1b78a27578f13a17b -> 
  custom:container-demuxer-webm: 4f35f7cbe854078d1ac9338744f61a02 -> 
  custom:video-encoder-webm-vp8: eb34c28f22e8b96e1ab97ce403110664 -> 
  custom:video-codec-MediaFoundation-h265: 746d11721c4dcdbdad8f713fa42b33f4 -> 
  custom:audio-encoder-webm-vorbis: bf7c407c2cedff20999df2af8eb42d56 -> 
  custom:framework-win-MediaFoundation: 216162199b28c13a410421893ffa2e32 -> 
  custom:container-demuxer-ogg: 62fdf1f143b41e24485cea50d1cbac27 -> 
  custom:video-decoder-webm-vp8: 9c59270c3fd7afecdb556c50c9e8de78 -> 
  custom:audio-decoder-ogg-vorbis: bf7c407c2cedff20999df2af8eb42d56 -> 
========================================================================
Received Import Request.
  Time since last request: 122348.944444 seconds.
  path: Assets/Animation/ObeliskIDLE.anim
  artifactKey: Guid(1c9415dfdc7d3fb4080d57f0712275b3) Importer(815301076,1909f56bfc062723c751e8b465ee728b)
Start importing Assets/Animation/ObeliskIDLE.anim using Guid(1c9415dfdc7d3fb4080d57f0712275b3) Importer(815301076,1909f56bfc062723c751e8b465ee728b)  -> (artifact id: 'f4aa8b0eb046459a6ad02de725d443f4') in 0.032390 seconds 
========================================================================
Received Prepare
Registering precompiled user dll's ...
Registered in 0.002944 seconds.
Begin MonoManager ReloadAssembly
Symbol file LoadedFromMemory doesn't match image D:\UnityProjects\GardenOfDreams\Library\PackageCache\com.unity.visualscripting@1.8.0\Editor\VisualScripting.Core\Dependencies\YamlDotNet\Unity.VisualScripting.YamlDotNet.dll
Symbol file LoadedFromMemory doesn't match image D:\UnityProjects\GardenOfDreams\Library\PackageCache\com.unity.visualscripting@1.8.0\Editor\VisualScripting.Core\Dependencies\DotNetZip\Unity.VisualScripting.IonicZip.dll
Native extension for WindowsStandalone target not found
Native extension for Android target not found
Native extension for WebGL target not found
Refreshing native plugins compatible for Editor in 0.48 ms, found 3 plugins.
Preloading 0 native plugins for Editor in 0.00 ms.
Mono: successfully reloaded assembly
- Completed reload, in  0.799 seconds
Domain Reload Profiling:
	ReloadAssembly (800ms)
		BeginReloadAssembly (125ms)
			ExecutionOrderSort (0ms)
			DisableScriptedObjects (5ms)
			BackupInstance (0ms)
			ReleaseScriptingObjects (0ms)
			CreateAndSetChildDomain (31ms)
		EndReloadAssembly (602ms)
			LoadAssemblies (71ms)
			RebuildTransferFunctionScriptingTraits (0ms)
			SetupTypeCache (214ms)
			ReleaseScriptCaches (1ms)
			RebuildScriptCaches (37ms)
			SetupLoadedEditorAssemblies (250ms)
				LogAssemblyErrors (0ms)
				InitializePlatformSupportModulesInManaged (20ms)
				SetLoadedEditorAssemblies (0ms)
				RefreshPlugins (1ms)
				BeforeProcessingInitializeOnLoad (49ms)
				ProcessInitializeOnLoadAttributes (158ms)
				ProcessInitializeOnLoadMethodAttributes (15ms)
				AfterProcessingInitializeOnLoad (7ms)
				EditorAssembliesLoaded (0ms)
			ExecutionOrderSort2 (0ms)
			AwakeInstancesAfterBackupRestoration (5ms)
Platform modules already initialized, skipping
Refreshing native plugins compatible for Editor in 1.23 ms, found 3 plugins.
Preloading 0 native plugins for Editor in 0.00 ms.
Unloading 3045 Unused Serialized files (Serialized files now loaded: 0)
Unloading 15 unused Assets / (24.6 KB). Loaded Objects now: 3547.
Memory consumption went from 124.7 MB to 124.7 MB.
Total: 2.474700 ms (FindLiveObjects: 0.204700 ms CreateObjectMapping: 0.061200 ms MarkObjects: 2.191000 ms  DeleteObjects: 0.016800 ms)

AssetImportParameters requested are different than current active one (requested -> active):
  custom:video-decoder-ogg-theora: a1e56fd34408186e4bbccfd4996cb3dc -> 
  custom:container-muxer-webm: aa71ff27fc2769a1b78a27578f13a17b -> 
  custom:container-demuxer-webm: 4f35f7cbe854078d1ac9338744f61a02 -> 
  custom:video-encoder-webm-vp8: eb34c28f22e8b96e1ab97ce403110664 -> 
  custom:video-codec-MediaFoundation-h265: 746d11721c4dcdbdad8f713fa42b33f4 -> 
  custom:audio-encoder-webm-vorbis: bf7c407c2cedff20999df2af8eb42d56 -> 
  custom:framework-win-MediaFoundation: 216162199b28c13a410421893ffa2e32 -> 
  custom:container-demuxer-ogg: 62fdf1f143b41e24485cea50d1cbac27 -> 
  custom:video-decoder-webm-vp8: 9c59270c3fd7afecdb556c50c9e8de78 -> 
  custom:audio-decoder-ogg-vorbis: bf7c407c2cedff20999df2af8eb42d56 -> 
========================================================================
Received Prepare
Registering precompiled user dll's ...
Registered in 0.002805 seconds.
Begin MonoManager ReloadAssembly
Symbol file LoadedFromMemory doesn't match image D:\UnityProjects\GardenOfDreams\Library\PackageCache\com.unity.visualscripting@1.8.0\Editor\VisualScripting.Core\Dependencies\YamlDotNet\Unity.VisualScripting.YamlDotNet.dll
Symbol file LoadedFromMemory doesn't match image D:\UnityProjects\GardenOfDreams\Library\PackageCache\com.unity.visualscripting@1.8.0\Editor\VisualScripting.Core\Dependencies\DotNetZip\Unity.VisualScripting.IonicZip.dll
Native extension for WindowsStandalone target not found
Native extension for Android target not found
Native extension for WebGL target not found
Refreshing native plugins compatible for Editor in 0.45 ms, found 3 plugins.
Preloading 0 native plugins for Editor in 0.00 ms.
Mono: successfully reloaded assembly
- Completed reload, in  0.802 seconds
Domain Reload Profiling:
	ReloadAssembly (802ms)
		BeginReloadAssembly (126ms)
			ExecutionOrderSort (0ms)
			DisableScriptedObjects (5ms)
			BackupInstance (0ms)
			ReleaseScriptingObjects (0ms)
			CreateAndSetChildDomain (31ms)
		EndReloadAssembly (592ms)
			LoadAssemblies (76ms)
			RebuildTransferFunctionScriptingTraits (0ms)
			SetupTypeCache (209ms)
			ReleaseScriptCaches (1ms)
			RebuildScriptCaches (31ms)
			SetupLoadedEditorAssemblies (249ms)
				LogAssemblyErrors (0ms)
				InitializePlatformSupportModulesInManaged (24ms)
				SetLoadedEditorAssemblies (0ms)
				RefreshPlugins (0ms)
				BeforeProcessingInitializeOnLoad (47ms)
				ProcessInitializeOnLoadAttributes (153ms)
				ProcessInitializeOnLoadMethodAttributes (17ms)
				AfterProcessingInitializeOnLoad (7ms)
				EditorAssembliesLoaded (0ms)
			ExecutionOrderSort2 (0ms)
			AwakeInstancesAfterBackupRestoration (5ms)
Platform modules already initialized, skipping
Refreshing native plugins compatible for Editor in 1.24 ms, found 3 plugins.
Preloading 0 native plugins for Editor in 0.00 ms.
Unloading 3045 Unused Serialized files (Serialized files now loaded: 0)
Unloading 15 unused Assets / (24.7 KB). Loaded Objects now: 3550.
Memory consumption went from 124.8 MB to 124.7 MB.
Total: 3.202700 ms (FindLiveObjects: 0.192800 ms CreateObjectMapping: 0.108400 ms MarkObjects: 2.880200 ms  DeleteObjects: 0.020600 ms)

AssetImportParameters requested are different than current active one (requested -> active):
  custom:video-decoder-ogg-theora: a1e56fd34408186e4bbccfd4996cb3dc -> 
  custom:container-muxer-webm: aa71ff27fc2769a1b78a27578f13a17b -> 
  custom:container-demuxer-webm: 4f35f7cbe854078d1ac9338744f61a02 -> 
  custom:video-encoder-webm-vp8: eb34c28f22e8b96e1ab97ce403110664 -> 
  custom:video-codec-MediaFoundation-h265: 746d11721c4dcdbdad8f713fa42b33f4 -> 
  custom:audio-encoder-webm-vorbis: bf7c407c2cedff20999df2af8eb42d56 -> 
  custom:framework-win-MediaFoundation: 216162199b28c13a410421893ffa2e32 -> 
  custom:container-demuxer-ogg: 62fdf1f143b41e24485cea50d1cbac27 -> 
  custom:video-decoder-webm-vp8: 9c59270c3fd7afecdb556c50c9e8de78 -> 
  custom:audio-decoder-ogg-vorbis: bf7c407c2cedff20999df2af8eb42d56 -> 
========================================================================
Received Prepare
Registering precompiled user dll's ...
Registered in 0.002722 seconds.
Begin MonoManager ReloadAssembly
Symbol file LoadedFromMemory doesn't match image D:\UnityProjects\GardenOfDreams\Library\PackageCache\com.unity.visualscripting@1.8.0\Editor\VisualScripting.Core\Dependencies\YamlDotNet\Unity.VisualScripting.YamlDotNet.dll
Symbol file LoadedFromMemory doesn't match image D:\UnityProjects\GardenOfDreams\Library\PackageCache\com.unity.visualscripting@1.8.0\Editor\VisualScripting.Core\Dependencies\DotNetZip\Unity.VisualScripting.IonicZip.dll
Native extension for WindowsStandalone target not found
Native extension for Android target not found
Native extension for WebGL target not found
Refreshing native plugins compatible for Editor in 0.48 ms, found 3 plugins.
Preloading 0 native plugins for Editor in 0.00 ms.
Mono: successfully reloaded assembly
- Completed reload, in  0.821 seconds
Domain Reload Profiling:
	ReloadAssembly (822ms)
		BeginReloadAssembly (121ms)
			ExecutionOrderSort (0ms)
			DisableScriptedObjects (5ms)
			BackupInstance (0ms)
			ReleaseScriptingObjects (0ms)
			CreateAndSetChildDomain (31ms)
		EndReloadAssembly (627ms)
			LoadAssemblies (75ms)
			RebuildTransferFunctionScriptingTraits (0ms)
			SetupTypeCache (197ms)
			ReleaseScriptCaches (1ms)
			RebuildScriptCaches (30ms)
			SetupLoadedEditorAssemblies (285ms)
				LogAssemblyErrors (0ms)
				InitializePlatformSupportModulesInManaged (23ms)
				SetLoadedEditorAssemblies (0ms)
				RefreshPlugins (1ms)
				BeforeProcessingInitializeOnLoad (55ms)
				ProcessInitializeOnLoadAttributes (177ms)
				ProcessInitializeOnLoadMethodAttributes (23ms)
				AfterProcessingInitializeOnLoad (7ms)
				EditorAssembliesLoaded (0ms)
			ExecutionOrderSort2 (0ms)
			AwakeInstancesAfterBackupRestoration (7ms)
Platform modules already initialized, skipping
Refreshing native plugins compatible for Editor in 1.21 ms, found 3 plugins.
Preloading 0 native plugins for Editor in 0.00 ms.
Unloading 3045 Unused Serialized files (Serialized files now loaded: 0)
Unloading 15 unused Assets / (24.7 KB). Loaded Objects now: 3553.
Memory consumption went from 124.8 MB to 124.7 MB.
Total: 2.648600 ms (FindLiveObjects: 0.202500 ms CreateObjectMapping: 0.061200 ms MarkObjects: 2.365700 ms  DeleteObjects: 0.018400 ms)

AssetImportParameters requested are different than current active one (requested -> active):
  custom:video-decoder-ogg-theora: a1e56fd34408186e4bbccfd4996cb3dc -> 
  custom:container-muxer-webm: aa71ff27fc2769a1b78a27578f13a17b -> 
  custom:container-demuxer-webm: 4f35f7cbe854078d1ac9338744f61a02 -> 
  custom:video-encoder-webm-vp8: eb34c28f22e8b96e1ab97ce403110664 -> 
  custom:video-codec-MediaFoundation-h265: 746d11721c4dcdbdad8f713fa42b33f4 -> 
  custom:audio-encoder-webm-vorbis: bf7c407c2cedff20999df2af8eb42d56 -> 
  custom:framework-win-MediaFoundation: 216162199b28c13a410421893ffa2e32 -> 
  custom:container-demuxer-ogg: 62fdf1f143b41e24485cea50d1cbac27 -> 
  custom:video-decoder-webm-vp8: 9c59270c3fd7afecdb556c50c9e8de78 -> 
  custom:audio-decoder-ogg-vorbis: bf7c407c2cedff20999df2af8eb42d56 -> 
========================================================================
Received Prepare
Registering precompiled user dll's ...
Registered in 0.005340 seconds.
Begin MonoManager ReloadAssembly
Symbol file LoadedFromMemory doesn't match image D:\UnityProjects\GardenOfDreams\Library\PackageCache\com.unity.visualscripting@1.8.0\Editor\VisualScripting.Core\Dependencies\YamlDotNet\Unity.VisualScripting.YamlDotNet.dll
Symbol file LoadedFromMemory doesn't match image D:\UnityProjects\GardenOfDreams\Library\PackageCache\com.unity.visualscripting@1.8.0\Editor\VisualScripting.Core\Dependencies\DotNetZip\Unity.VisualScripting.IonicZip.dll
Native extension for WindowsStandalone target not found
Native extension for Android target not found
Native extension for WebGL target not found
Refreshing native plugins compatible for Editor in 0.78 ms, found 3 plugins.
Preloading 0 native plugins for Editor in 0.00 ms.
Mono: successfully reloaded assembly
- Completed reload, in  0.794 seconds
Domain Reload Profiling:
	ReloadAssembly (795ms)
		BeginReloadAssembly (132ms)
			ExecutionOrderSort (0ms)
			DisableScriptedObjects (6ms)
			BackupInstance (0ms)
			ReleaseScriptingObjects (0ms)
			CreateAndSetChildDomain (33ms)
		EndReloadAssembly (586ms)
			LoadAssemblies (78ms)
			RebuildTransferFunctionScriptingTraits (0ms)
			SetupTypeCache (210ms)
			ReleaseScriptCaches (1ms)
			RebuildScriptCaches (28ms)
			SetupLoadedEditorAssemblies (247ms)
				LogAssemblyErrors (0ms)
				InitializePlatformSupportModulesInManaged (23ms)
				SetLoadedEditorAssemblies (0ms)
				RefreshPlugins (1ms)
				BeforeProcessingInitializeOnLoad (46ms)
				ProcessInitializeOnLoadAttributes (152ms)
				ProcessInitializeOnLoadMethodAttributes (18ms)
				AfterProcessingInitializeOnLoad (6ms)
				EditorAssembliesLoaded (0ms)
			ExecutionOrderSort2 (0ms)
			AwakeInstancesAfterBackupRestoration (5ms)
Platform modules already initialized, skipping
Refreshing native plugins compatible for Editor in 1.25 ms, found 3 plugins.
Preloading 0 native plugins for Editor in 0.00 ms.
Unloading 3047 Unused Serialized files (Serialized files now loaded: 0)
Unloading 16 unused Assets / (1.9 MB). Loaded Objects now: 3557.
Memory consumption went from 126.9 MB to 125.0 MB.
Total: 2.654400 ms (FindLiveObjects: 0.251500 ms CreateObjectMapping: 0.065300 ms MarkObjects: 2.150600 ms  DeleteObjects: 0.186100 ms)

AssetImportParameters requested are different than current active one (requested -> active):
  custom:video-decoder-ogg-theora: a1e56fd34408186e4bbccfd4996cb3dc -> 
  custom:container-muxer-webm: aa71ff27fc2769a1b78a27578f13a17b -> 
  custom:container-demuxer-webm: 4f35f7cbe854078d1ac9338744f61a02 -> 
  custom:video-encoder-webm-vp8: eb34c28f22e8b96e1ab97ce403110664 -> 
  custom:video-codec-MediaFoundation-h265: 746d11721c4dcdbdad8f713fa42b33f4 -> 
  custom:audio-encoder-webm-vorbis: bf7c407c2cedff20999df2af8eb42d56 -> 
  custom:framework-win-MediaFoundation: 216162199b28c13a410421893ffa2e32 -> 
  custom:container-demuxer-ogg: 62fdf1f143b41e24485cea50d1cbac27 -> 
  custom:video-decoder-webm-vp8: 9c59270c3fd7afecdb556c50c9e8de78 -> 
  custom:audio-decoder-ogg-vorbis: bf7c407c2cedff20999df2af8eb42d56 -> 
========================================================================
Received Import Request.
  Time since last request: 305.756220 seconds.
  path: Assets/TriForge Assets/Top Down - Fantasy Village
  artifactKey: Guid(e7383711db6a60442bb8fa248c3331fe) Importer(815301076,1909f56bfc062723c751e8b465ee728b)
Start importing Assets/TriForge Assets/Top Down - Fantasy Village using Guid(e7383711db6a60442bb8fa248c3331fe) Importer(815301076,1909f56bfc062723c751e8b465ee728b)  -> (artifact id: '9f4a830a9ae3ce3b671d0ff7632e43c1') in 0.005161 seconds 
========================================================================
Received Import Request.
  Time since last request: 0.494138 seconds.
  path: Assets/TriForge Assets/Top Down - Common Files
  artifactKey: Guid(4832ac7ddffe6f9449639f306b27313d) Importer(815301076,1909f56bfc062723c751e8b465ee728b)
Start importing Assets/TriForge Assets/Top Down - Common Files using Guid(4832ac7ddffe6f9449639f306b27313d) Importer(815301076,1909f56bfc062723c751e8b465ee728b)  -> (artifact id: '0a60236681adf51cf0ccd0849e9a81c9') in 0.001101 seconds 
========================================================================
Received Import Request.
  Time since last request: 1.559626 seconds.
  path: Assets/TriForge Assets/Top Down - Common Files/Prefabs
  artifactKey: Guid(d72b932e529b9de47865460124d591d9) Importer(815301076,1909f56bfc062723c751e8b465ee728b)
Start importing Assets/TriForge Assets/Top Down - Common Files/Prefabs using Guid(d72b932e529b9de47865460124d591d9) Importer(815301076,1909f56bfc062723c751e8b465ee728b)  -> (artifact id: '27b643078631bda0bbc73a3c1e4ca924') in 0.001005 seconds 
========================================================================
Received Import Request.
  Time since last request: 1.386890 seconds.
  path: Assets/TriForge Assets/Top Down - Common Files/Prefabs/TriForge Top Down Wind.prefab
  artifactKey: Guid(4a95c60ef6433674eb35e141c0562719) Importer(815301076,1909f56bfc062723c751e8b465ee728b)
Start importing Assets/TriForge Assets/Top Down - Common Files/Prefabs/TriForge Top Down Wind.prefab using Guid(4a95c60ef6433674eb35e141c0562719) Importer(815301076,1909f56bfc062723c751e8b465ee728b)  -> (artifact id: '1c8b006f3033724a8a8cb139827d668f') in 0.019553 seconds 
========================================================================
Received Import Request.
  Time since last request: 10.711415 seconds.
  path: Assets/TriForge Assets/Top Down - Common Files/Textures/T_TreeColorVarMask3.png
  artifactKey: Guid(f4fe61ba46dee6840af24529c05d9609) Importer(815301076,1909f56bfc062723c751e8b465ee728b)
Start importing Assets/TriForge Assets/Top Down - Common Files/Textures/T_TreeColorVarMask3.png using Guid(f4fe61ba46dee6840af24529c05d9609) Importer(815301076,1909f56bfc062723c751e8b465ee728b)  -> (artifact id: '9c9c853190f3de3db43b9cd93f1afc30') in 0.029301 seconds 
========================================================================
Received Import Request.
  Time since last request: 2.735041 seconds.
  path: Assets/TriForge Assets/Top Down - Common Files/Textures/Terrain
  artifactKey: Guid(bd151a1984bf613458e946d177f6e10c) Importer(815301076,1909f56bfc062723c751e8b465ee728b)
Start importing Assets/TriForge Assets/Top Down - Common Files/Textures/Terrain using Guid(bd151a1984bf613458e946d177f6e10c) Importer(815301076,1909f56bfc062723c751e8b465ee728b)  -> (artifact id: 'ee643d4971c05c1a0442d4ecc752e3d6') in 0.001123 seconds 
========================================================================
Received Import Request.
  Time since last request: 0.827683 seconds.
  path: Assets/TriForge Assets/Top Down - Common Files/Textures/Terrain/T_Grass_1_Terrain_BC.png
  artifactKey: Guid(c86edb4c5c328d148857869fbfcd3130) Importer(815301076,1909f56bfc062723c751e8b465ee728b)
Start importing Assets/TriForge Assets/Top Down - Common Files/Textures/Terrain/T_Grass_1_Terrain_BC.png using Guid(c86edb4c5c328d148857869fbfcd3130) Importer(815301076,1909f56bfc062723c751e8b465ee728b)  -> (artifact id: '12d4a7a40ff18ca8c432dc095bc2ee5b') in 0.015128 seconds 
========================================================================
Received Import Request.
  Time since last request: 1.056106 seconds.
  path: Assets/TriForge Assets/Top Down - Common Files/Textures/Terrain/T_Soil_2_Terrain_N.png
  artifactKey: Guid(8dd67c8fef0cd834ab314d82eacec4c7) Importer(815301076,1909f56bfc062723c751e8b465ee728b)
Start importing Assets/TriForge Assets/Top Down - Common Files/Textures/Terrain/T_Soil_2_Terrain_N.png using Guid(8dd67c8fef0cd834ab314d82eacec4c7) Importer(815301076,1909f56bfc062723c751e8b465ee728b)  -> (artifact id: '4f7d73f09811cbf449e1a78cf3d913bb') in 0.010866 seconds 
========================================================================
Received Import Request.
  Time since last request: 0.476179 seconds.
  path: Assets/TriForge Assets/Top Down - Common Files/Textures/Terrain/T_Soil_2_Terrain_BC.png
  artifactKey: Guid(5033094784b202d4cb9e1ee3be3ef322) Importer(815301076,1909f56bfc062723c751e8b465ee728b)
Start importing Assets/TriForge Assets/Top Down - Common Files/Textures/Terrain/T_Soil_2_Terrain_BC.png using Guid(5033094784b202d4cb9e1ee3be3ef322) Importer(815301076,1909f56bfc062723c751e8b465ee728b)  -> (artifact id: '248fd80f0fe986df45a943781a356fb8') in 0.006894 seconds 
========================================================================
Received Import Request.
  Time since last request: 2.746373 seconds.
  path: Assets/TriForge Assets/Top Down - Fantasy Village/Materials
  artifactKey: Guid(88392469458947249a230746a034fde6) Importer(815301076,1909f56bfc062723c751e8b465ee728b)
Start importing Assets/TriForge Assets/Top Down - Fantasy Village/Materials using Guid(88392469458947249a230746a034fde6) Importer(815301076,1909f56bfc062723c751e8b465ee728b)  -> (artifact id: '0309c4ac1eed154c6a3040794fd9132a') in 0.001079 seconds 
========================================================================
Received Import Request.
  Time since last request: 0.613555 seconds.
  path: Assets/TriForge Assets/Top Down - Fantasy Village/Meshes
  artifactKey: Guid(15e3d79a40f19b04cbb07d75619d7f77) Importer(815301076,1909f56bfc062723c751e8b465ee728b)
Start importing Assets/TriForge Assets/Top Down - Fantasy Village/Meshes using Guid(15e3d79a40f19b04cbb07d75619d7f77) Importer(815301076,1909f56bfc062723c751e8b465ee728b)  -> (artifact id: 'faddcdc513a6d8119b64991db47024c6') in 0.001061 seconds 
========================================================================
Received Import Request.
  Time since last request: 0.721074 seconds.
  path: Assets/TriForge Assets/Top Down - Fantasy Village/Meshes/Buildings
  artifactKey: Guid(d75297c3442f5ed43a2f6c8efb0bf5d8) Importer(815301076,1909f56bfc062723c751e8b465ee728b)
Start importing Assets/TriForge Assets/Top Down - Fantasy Village/Meshes/Buildings using Guid(d75297c3442f5ed43a2f6c8efb0bf5d8) Importer(815301076,1909f56bfc062723c751e8b465ee728b)  -> (artifact id: 'b4626d16396e4c791f69691650bcfdaa') in 0.000974 seconds 
========================================================================
Received Import Request.
  Time since last request: 0.505170 seconds.
  path: Assets/TriForge Assets/Top Down - Fantasy Village/Meshes/Doodats
  artifactKey: Guid(7bca0b778e8b9234fa1721edbe10023f) Importer(815301076,1909f56bfc062723c751e8b465ee728b)
Start importing Assets/TriForge Assets/Top Down - Fantasy Village/Meshes/Doodats using Guid(7bca0b778e8b9234fa1721edbe10023f) Importer(815301076,1909f56bfc062723c751e8b465ee728b)  -> (artifact id: '708ed15e25ef6021a11d9c811e0086e5') in 0.001065 seconds 
========================================================================
Received Import Request.
  Time since last request: 2.723767 seconds.
  path: Assets/TriForge Assets/Top Down - Fantasy Village/Meshes/Buildings/MSH_tdFV_House_2.fbx
  artifactKey: Guid(3f907eb5b11901f4081de8fd2e69f789) Importer(815301076,1909f56bfc062723c751e8b465ee728b)
Start importing Assets/TriForge Assets/Top Down - Fantasy Village/Meshes/Buildings/MSH_tdFV_House_2.fbx using Guid(3f907eb5b11901f4081de8fd2e69f789) Importer(815301076,1909f56bfc062723c751e8b465ee728b)  -> (artifact id: '84dcedd456e0088e3dfb75e156957b83') in 0.317006 seconds 
========================================================================
Received Import Request.
  Time since last request: 54.912125 seconds.
  path: Assets/TriForge Assets/Top Down - Fantasy Village/Meshes/Buildings/MSH_tdFV_House_2.fbx
  artifactKey: Guid(3f907eb5b11901f4081de8fd2e69f789) Importer(815301076,1909f56bfc062723c751e8b465ee728b)
Start importing Assets/TriForge Assets/Top Down - Fantasy Village/Meshes/Buildings/MSH_tdFV_House_2.fbx using Guid(3f907eb5b11901f4081de8fd2e69f789) Importer(815301076,1909f56bfc062723c751e8b465ee728b)  -> (artifact id: '0d325a96190bd47609e8fa90f9440cb5') in 0.025143 seconds 
========================================================================
Received Import Request.
  Time since last request: 2.992059 seconds.
  path: Assets/TriForge Assets/Top Down - Fantasy Village/Meshes/Buildings/MSH_tdFV_House_2.fbx
  artifactKey: Guid(3f907eb5b11901f4081de8fd2e69f789) Importer(815301076,1909f56bfc062723c751e8b465ee728b)
Start importing Assets/TriForge Assets/Top Down - Fantasy Village/Meshes/Buildings/MSH_tdFV_House_2.fbx using Guid(3f907eb5b11901f4081de8fd2e69f789) Importer(815301076,1909f56bfc062723c751e8b465ee728b)  -> (artifact id: '2916d84701ba504960a91aa355232f3f') in 0.025659 seconds 
========================================================================
Received Import Request.
  Time since last request: 2.760922 seconds.
  path: Assets/TriForge Assets/Top Down - Fantasy Village/Meshes/Buildings/MSH_tdFV_House_2.fbx
  artifactKey: Guid(3f907eb5b11901f4081de8fd2e69f789) Importer(815301076,1909f56bfc062723c751e8b465ee728b)
Start importing Assets/TriForge Assets/Top Down - Fantasy Village/Meshes/Buildings/MSH_tdFV_House_2.fbx using Guid(3f907eb5b11901f4081de8fd2e69f789) Importer(815301076,1909f56bfc062723c751e8b465ee728b)  -> (artifact id: 'cbfd1e2f66677ddd96604add62a9e6b1') in 0.023278 seconds 
========================================================================
Received Import Request.
  Time since last request: 6.791006 seconds.
  path: Assets/TriForge Assets/Top Down - Fantasy Village/Meshes/Buildings/MSH_tdFV_House_2.fbx
  artifactKey: Guid(3f907eb5b11901f4081de8fd2e69f789) Importer(815301076,1909f56bfc062723c751e8b465ee728b)
Start importing Assets/TriForge Assets/Top Down - Fantasy Village/Meshes/Buildings/MSH_tdFV_House_2.fbx using Guid(3f907eb5b11901f4081de8fd2e69f789) Importer(815301076,1909f56bfc062723c751e8b465ee728b)  -> (artifact id: 'fba62a04b431f9db2380b6c7bb4a0618') in 0.026090 seconds 
========================================================================
Received Import Request.
  Time since last request: 37.580688 seconds.
  path: Assets/TriForge Assets/Top Down - Fantasy Village/Meshes/Doodats/MSH_tdFV_Furn_Table_Set_1.fbx
  artifactKey: Guid(3c4787e88eaa04f469279b9424bbe1bf) Importer(815301076,1909f56bfc062723c751e8b465ee728b)
Start importing Assets/TriForge Assets/Top Down - Fantasy Village/Meshes/Doodats/MSH_tdFV_Furn_Table_Set_1.fbx using Guid(3c4787e88eaa04f469279b9424bbe1bf) Importer(815301076,1909f56bfc062723c751e8b465ee728b)  -> (artifact id: 'd64a5f64211c294fbd97215658e449fa') in 0.189057 seconds 
========================================================================
Received Import Request.
  Time since last request: 0.647618 seconds.
  path: Assets/TriForge Assets/Top Down - Fantasy Village/Meshes/Doodats/MSH_tdFV_HayStack_4.fbx
  artifactKey: Guid(be83bea2a87d8bc4fbc83273d4a3a0f3) Importer(815301076,1909f56bfc062723c751e8b465ee728b)
Start importing Assets/TriForge Assets/Top Down - Fantasy Village/Meshes/Doodats/MSH_tdFV_HayStack_4.fbx using Guid(be83bea2a87d8bc4fbc83273d4a3a0f3) Importer(815301076,1909f56bfc062723c751e8b465ee728b)  -> (artifact id: '2ed1fe0b8b0edadbfe2faa27aa13f0e0') in 0.094446 seconds 
========================================================================
Received Import Request.
  Time since last request: 0.836224 seconds.
  path: Assets/TriForge Assets/Top Down - Fantasy Village/Meshes/Doodats/MSH_tdFV_Well.fbx
  artifactKey: Guid(cbd84dd12e7f09d428164c82436ffdca) Importer(815301076,1909f56bfc062723c751e8b465ee728b)
Start importing Assets/TriForge Assets/Top Down - Fantasy Village/Meshes/Doodats/MSH_tdFV_Well.fbx using Guid(cbd84dd12e7f09d428164c82436ffdca) Importer(815301076,1909f56bfc062723c751e8b465ee728b)  -> (artifact id: '351a64bbafe3b66eeaf9459b15cd9b36') in 0.021121 seconds 
========================================================================
Received Import Request.
  Time since last request: 7.153600 seconds.
  path: Assets/TriForge Assets/Top Down - Fantasy Village/Meshes/Doodats/MSH_tdFV_Well.fbx
  artifactKey: Guid(cbd84dd12e7f09d428164c82436ffdca) Importer(815301076,1909f56bfc062723c751e8b465ee728b)
Start importing Assets/TriForge Assets/Top Down - Fantasy Village/Meshes/Doodats/MSH_tdFV_Well.fbx using Guid(cbd84dd12e7f09d428164c82436ffdca) Importer(815301076,1909f56bfc062723c751e8b465ee728b)  -> (artifact id: '60e41fa05bbdb2c01c2023426fc5eb67') in 0.019570 seconds 
========================================================================
Received Import Request.
  Time since last request: 1.528649 seconds.
  path: Assets/TriForge Assets/Top Down - Fantasy Village/Meshes/Doodats/MSH_tdFV_Well.fbx
  artifactKey: Guid(cbd84dd12e7f09d428164c82436ffdca) Importer(815301076,1909f56bfc062723c751e8b465ee728b)
Start importing Assets/TriForge Assets/Top Down - Fantasy Village/Meshes/Doodats/MSH_tdFV_Well.fbx using Guid(cbd84dd12e7f09d428164c82436ffdca) Importer(815301076,1909f56bfc062723c751e8b465ee728b)  -> (artifact id: '9599798e6c02b596214c1fa237a6129b') in 0.021372 seconds 
========================================================================
Received Import Request.
  Time since last request: 2.181288 seconds.
  path: Assets/TriForge Assets/Top Down - Fantasy Village/Meshes/Doodats/MSH_tdFV_Well.fbx
  artifactKey: Guid(cbd84dd12e7f09d428164c82436ffdca) Importer(815301076,1909f56bfc062723c751e8b465ee728b)
Start importing Assets/TriForge Assets/Top Down - Fantasy Village/Meshes/Doodats/MSH_tdFV_Well.fbx using Guid(cbd84dd12e7f09d428164c82436ffdca) Importer(815301076,1909f56bfc062723c751e8b465ee728b)  -> (artifact id: '06b88b55bba2c4244d25d364bbe0d1d4') in 0.025349 seconds 
========================================================================
Received Import Request.
  Time since last request: 4.918112 seconds.
  path: Assets/TriForge Assets/Top Down - Fantasy Village/Meshes/Doodats/MSH_tdFV_Well.fbx
  artifactKey: Guid(cbd84dd12e7f09d428164c82436ffdca) Importer(815301076,1909f56bfc062723c751e8b465ee728b)
Start importing Assets/TriForge Assets/Top Down - Fantasy Village/Meshes/Doodats/MSH_tdFV_Well.fbx using Guid(cbd84dd12e7f09d428164c82436ffdca) Importer(815301076,1909f56bfc062723c751e8b465ee728b)  -> (artifact id: '6e29c0a3910b97a1c29d295d534cfeb7') in 0.021683 seconds 
========================================================================
Received Import Request.
  Time since last request: 1.297647 seconds.
  path: Assets/TriForge Assets/Top Down - Fantasy Village/Meshes/Doodats/MSH_tdFV_Pottery_Group_1.fbx
  artifactKey: Guid(ed11c8db91fa7e245911c4cec88d4178) Importer(815301076,1909f56bfc062723c751e8b465ee728b)
Start importing Assets/TriForge Assets/Top Down - Fantasy Village/Meshes/Doodats/MSH_tdFV_Pottery_Group_1.fbx using Guid(ed11c8db91fa7e245911c4cec88d4178) Importer(815301076,1909f56bfc062723c751e8b465ee728b)  -> (artifact id: 'acb4e4f6dd94508063c6826b989a8789') in 0.146659 seconds 
========================================================================
Received Import Request.
  Time since last request: 3.619173 seconds.
  path: Assets/TriForge Assets/Top Down - Fantasy Village/Meshes/Doodats/MSH_tdFV_Pottery_Group_1.fbx
  artifactKey: Guid(ed11c8db91fa7e245911c4cec88d4178) Importer(815301076,1909f56bfc062723c751e8b465ee728b)
Start importing Assets/TriForge Assets/Top Down - Fantasy Village/Meshes/Doodats/MSH_tdFV_Pottery_Group_1.fbx using Guid(ed11c8db91fa7e245911c4cec88d4178) Importer(815301076,1909f56bfc062723c751e8b465ee728b)  -> (artifact id: '9da58524ae2ea65f76255c56ed63b303') in 0.024940 seconds 
========================================================================
Received Import Request.
  Time since last request: 2.187607 seconds.
  path: Assets/TriForge Assets/Top Down - Fantasy Village/Meshes/Doodats/MSH_tdFV_Pottery_Group_1.fbx
  artifactKey: Guid(ed11c8db91fa7e245911c4cec88d4178) Importer(815301076,1909f56bfc062723c751e8b465ee728b)
Start importing Assets/TriForge Assets/Top Down - Fantasy Village/Meshes/Doodats/MSH_tdFV_Pottery_Group_1.fbx using Guid(ed11c8db91fa7e245911c4cec88d4178) Importer(815301076,1909f56bfc062723c751e8b465ee728b)  -> (artifact id: '016a5c72d8d05adaf84860b23c451b5b') in 0.023225 seconds 
========================================================================
Received Import Request.
  Time since last request: 4.010093 seconds.
  path: Assets/TriForge Assets/Top Down - Fantasy Village/Meshes/Doodats/MSH_tdFV_Pottery_Group_1.fbx
  artifactKey: Guid(ed11c8db91fa7e245911c4cec88d4178) Importer(815301076,1909f56bfc062723c751e8b465ee728b)
Start importing Assets/TriForge Assets/Top Down - Fantasy Village/Meshes/Doodats/MSH_tdFV_Pottery_Group_1.fbx using Guid(ed11c8db91fa7e245911c4cec88d4178) Importer(815301076,1909f56bfc062723c751e8b465ee728b)  -> (artifact id: '4c23455768023e9dcc07707e81914708') in 0.024345 seconds 
========================================================================
Received Import Request.
  Time since last request: 2.586962 seconds.
  path: Assets/TriForge Assets/Top Down - Fantasy Village/Meshes/Doodats/MSH_tdFV_Pottery_Group_1.fbx
  artifactKey: Guid(ed11c8db91fa7e245911c4cec88d4178) Importer(815301076,1909f56bfc062723c751e8b465ee728b)
Start importing Assets/TriForge Assets/Top Down - Fantasy Village/Meshes/Doodats/MSH_tdFV_Pottery_Group_1.fbx using Guid(ed11c8db91fa7e245911c4cec88d4178) Importer(815301076,1909f56bfc062723c751e8b465ee728b)  -> (artifact id: '9f0c8aec7aed3e15c55016c256390baa') in 0.022225 seconds 
========================================================================
Received Import Request.
  Time since last request: 8.660389 seconds.
  path: Assets/TriForge Assets/Top Down - Fantasy Village/Meshes/Doodats/MSH_tdFV_HayStack_4.fbx
  artifactKey: Guid(be83bea2a87d8bc4fbc83273d4a3a0f3) Importer(815301076,1909f56bfc062723c751e8b465ee728b)
Start importing Assets/TriForge Assets/Top Down - Fantasy Village/Meshes/Doodats/MSH_tdFV_HayStack_4.fbx using Guid(be83bea2a87d8bc4fbc83273d4a3a0f3) Importer(815301076,1909f56bfc062723c751e8b465ee728b)  -> (artifact id: 'bba3463d94666c9949d8456cd618c1c0') in 0.019205 seconds 
========================================================================
Received Import Request.
  Time since last request: 1.592772 seconds.
  path: Assets/TriForge Assets/Top Down - Fantasy Village/Meshes/Doodats/MSH_tdFV_HayStack_4.fbx
  artifactKey: Guid(be83bea2a87d8bc4fbc83273d4a3a0f3) Importer(815301076,1909f56bfc062723c751e8b465ee728b)
Start importing Assets/TriForge Assets/Top Down - Fantasy Village/Meshes/Doodats/MSH_tdFV_HayStack_4.fbx using Guid(be83bea2a87d8bc4fbc83273d4a3a0f3) Importer(815301076,1909f56bfc062723c751e8b465ee728b)  -> (artifact id: '243c13f40c03090e3f5a17e4ff08b4da') in 0.019697 seconds 
========================================================================
Received Import Request.
  Time since last request: 1.944778 seconds.
  path: Assets/TriForge Assets/Top Down - Fantasy Village/Meshes/Doodats/MSH_tdFV_HayStack_4.fbx
  artifactKey: Guid(be83bea2a87d8bc4fbc83273d4a3a0f3) Importer(815301076,1909f56bfc062723c751e8b465ee728b)
Start importing Assets/TriForge Assets/Top Down - Fantasy Village/Meshes/Doodats/MSH_tdFV_HayStack_4.fbx using Guid(be83bea2a87d8bc4fbc83273d4a3a0f3) Importer(815301076,1909f56bfc062723c751e8b465ee728b)  -> (artifact id: 'ccb50a504db7c2f7b8d27a66999cc6e1') in 0.020370 seconds 
========================================================================
Received Import Request.
  Time since last request: 3.467732 seconds.
  path: Assets/TriForge Assets/Top Down - Fantasy Village/Meshes/Doodats/MSH_tdFV_HayStack_4.fbx
  artifactKey: Guid(be83bea2a87d8bc4fbc83273d4a3a0f3) Importer(815301076,1909f56bfc062723c751e8b465ee728b)
Start importing Assets/TriForge Assets/Top Down - Fantasy Village/Meshes/Doodats/MSH_tdFV_HayStack_4.fbx using Guid(be83bea2a87d8bc4fbc83273d4a3a0f3) Importer(815301076,1909f56bfc062723c751e8b465ee728b)  -> (artifact id: '6836068246679d3e671c84f976d2a079') in 0.019505 seconds 
========================================================================
Received Import Request.
  Time since last request: 7.459914 seconds.
  path: Assets/TriForge Assets/Top Down - Fantasy Village/Meshes/Doodats/MSH_tdFV_Furn_Table_Set_1.fbx
  artifactKey: Guid(3c4787e88eaa04f469279b9424bbe1bf) Importer(815301076,1909f56bfc062723c751e8b465ee728b)
Start importing Assets/TriForge Assets/Top Down - Fantasy Village/Meshes/Doodats/MSH_tdFV_Furn_Table_Set_1.fbx using Guid(3c4787e88eaa04f469279b9424bbe1bf) Importer(815301076,1909f56bfc062723c751e8b465ee728b)  -> (artifact id: '902cd41646016d9095084bf80a474146') in 0.021253 seconds 
========================================================================
Received Import Request.
  Time since last request: 2.163674 seconds.
  path: Assets/TriForge Assets/Top Down - Fantasy Village/Meshes/Doodats/MSH_tdFV_Furn_Table_Set_1.fbx
  artifactKey: Guid(3c4787e88eaa04f469279b9424bbe1bf) Importer(815301076,1909f56bfc062723c751e8b465ee728b)
Start importing Assets/TriForge Assets/Top Down - Fantasy Village/Meshes/Doodats/MSH_tdFV_Furn_Table_Set_1.fbx using Guid(3c4787e88eaa04f469279b9424bbe1bf) Importer(815301076,1909f56bfc062723c751e8b465ee728b)  -> (artifact id: '61cb59a2a1556179e8fe8509557821de') in 0.018619 seconds 
========================================================================
Received Import Request.
  Time since last request: 16.883310 seconds.
  path: Assets/TriForge Assets/Top Down - Fantasy Village/Meshes/Doodats/MSH_tdFV_Furn_Table_Set_1.fbx
  artifactKey: Guid(3c4787e88eaa04f469279b9424bbe1bf) Importer(815301076,1909f56bfc062723c751e8b465ee728b)
Start importing Assets/TriForge Assets/Top Down - Fantasy Village/Meshes/Doodats/MSH_tdFV_Furn_Table_Set_1.fbx using Guid(3c4787e88eaa04f469279b9424bbe1bf) Importer(815301076,1909f56bfc062723c751e8b465ee728b)  -> (artifact id: '6354fac485147337663e3c0355f00071') in 0.021574 seconds 
========================================================================
Received Import Request.
  Time since last request: 28.142537 seconds.
  path: Assets/TriForge Assets/Top Down - Fantasy Village/Meshes/Fences/MSH_tdFV_Pole_1.fbx
  artifactKey: Guid(545786f6aeca3f7479f35a53f38eebb1) Importer(815301076,1909f56bfc062723c751e8b465ee728b)
Start importing Assets/TriForge Assets/Top Down - Fantasy Village/Meshes/Fences/MSH_tdFV_Pole_1.fbx using Guid(545786f6aeca3f7479f35a53f38eebb1) Importer(815301076,1909f56bfc062723c751e8b465ee728b)  -> (artifact id: '86d669fbcdcda3d58b8b83d349061b7f') in 0.024288 seconds 
========================================================================
Received Import Request.
  Time since last request: 3.334648 seconds.
  path: Assets/TriForge Assets/Top Down - Fantasy Village/Meshes/Fences/MSH_tdFV_Pole_1.fbx
  artifactKey: Guid(545786f6aeca3f7479f35a53f38eebb1) Importer(815301076,1909f56bfc062723c751e8b465ee728b)
Start importing Assets/TriForge Assets/Top Down - Fantasy Village/Meshes/Fences/MSH_tdFV_Pole_1.fbx using Guid(545786f6aeca3f7479f35a53f38eebb1) Importer(815301076,1909f56bfc062723c751e8b465ee728b)  -> (artifact id: '58d7a4d5b0c1c26dc483d10d331b12e0') in 0.023173 seconds 
========================================================================
Received Import Request.
  Time since last request: 2.194342 seconds.
  path: Assets/TriForge Assets/Top Down - Fantasy Village/Meshes/Fences/MSH_tdFV_Pole_1.fbx
  artifactKey: Guid(545786f6aeca3f7479f35a53f38eebb1) Importer(815301076,1909f56bfc062723c751e8b465ee728b)
Start importing Assets/TriForge Assets/Top Down - Fantasy Village/Meshes/Fences/MSH_tdFV_Pole_1.fbx using Guid(545786f6aeca3f7479f35a53f38eebb1) Importer(815301076,1909f56bfc062723c751e8b465ee728b)  -> (artifact id: '9629c4268b95fc63c8c316a3373af231') in 0.024997 seconds 
========================================================================
Received Import Request.
  Time since last request: 1.973263 seconds.
  path: Assets/TriForge Assets/Top Down - Fantasy Village/Meshes/Fences/MSH_tdFV_Pole_1.fbx
  artifactKey: Guid(545786f6aeca3f7479f35a53f38eebb1) Importer(815301076,1909f56bfc062723c751e8b465ee728b)
Start importing Assets/TriForge Assets/Top Down - Fantasy Village/Meshes/Fences/MSH_tdFV_Pole_1.fbx using Guid(545786f6aeca3f7479f35a53f38eebb1) Importer(815301076,1909f56bfc062723c751e8b465ee728b)  -> (artifact id: 'c9d7fbf22820f95ac2baeb1b031ac453') in 0.022965 seconds 
========================================================================
Received Import Request.
  Time since last request: 2.282773 seconds.
  path: Assets/TriForge Assets/Top Down - Fantasy Village/Meshes/Fences/MSH_tdFV_Pole_1.fbx
  artifactKey: Guid(545786f6aeca3f7479f35a53f38eebb1) Importer(815301076,1909f56bfc062723c751e8b465ee728b)
Start importing Assets/TriForge Assets/Top Down - Fantasy Village/Meshes/Fences/MSH_tdFV_Pole_1.fbx using Guid(545786f6aeca3f7479f35a53f38eebb1) Importer(815301076,1909f56bfc062723c751e8b465ee728b)  -> (artifact id: 'f6e61908909fc07676a262b3db007e1b') in 0.020935 seconds 
========================================================================
Received Import Request.
  Time since last request: 2.205251 seconds.
  path: Assets/TriForge Assets/Top Down - Fantasy Village/Meshes/Fences/MSH_tdFV_Wood_Fence_1.fbx
  artifactKey: Guid(4a9fa25393579f741914e5142a62d1d5) Importer(815301076,1909f56bfc062723c751e8b465ee728b)
Start importing Assets/TriForge Assets/Top Down - Fantasy Village/Meshes/Fences/MSH_tdFV_Wood_Fence_1.fbx using Guid(4a9fa25393579f741914e5142a62d1d5) Importer(815301076,1909f56bfc062723c751e8b465ee728b)  -> (artifact id: 'e52acb2ebf5f80ceae94c26320e4463c') in 0.022058 seconds 
========================================================================
Received Import Request.
  Time since last request: 1.680343 seconds.
  path: Assets/TriForge Assets/Top Down - Fantasy Village/Meshes/Fences/MSH_tdFV_Wood_Fence_1.fbx
  artifactKey: Guid(4a9fa25393579f741914e5142a62d1d5) Importer(815301076,1909f56bfc062723c751e8b465ee728b)
Start importing Assets/TriForge Assets/Top Down - Fantasy Village/Meshes/Fences/MSH_tdFV_Wood_Fence_1.fbx using Guid(4a9fa25393579f741914e5142a62d1d5) Importer(815301076,1909f56bfc062723c751e8b465ee728b)  -> (artifact id: '7dddb0e9da26b1dcbd04245afa59b596') in 0.023326 seconds 
========================================================================
Received Import Request.
  Time since last request: 1.457687 seconds.
  path: Assets/TriForge Assets/Top Down - Fantasy Village/Meshes/Fences/MSH_tdFV_Wood_Fence_1.fbx
  artifactKey: Guid(4a9fa25393579f741914e5142a62d1d5) Importer(815301076,1909f56bfc062723c751e8b465ee728b)
Start importing Assets/TriForge Assets/Top Down - Fantasy Village/Meshes/Fences/MSH_tdFV_Wood_Fence_1.fbx using Guid(4a9fa25393579f741914e5142a62d1d5) Importer(815301076,1909f56bfc062723c751e8b465ee728b)  -> (artifact id: '3a21f6d3532933ff69baef67482c4822') in 0.024556 seconds 
========================================================================
Received Import Request.
  Time since last request: 2.026187 seconds.
  path: Assets/TriForge Assets/Top Down - Fantasy Village/Meshes/Fences/MSH_tdFV_Wood_Fence_1.fbx
  artifactKey: Guid(4a9fa25393579f741914e5142a62d1d5) Importer(815301076,1909f56bfc062723c751e8b465ee728b)
Start importing Assets/TriForge Assets/Top Down - Fantasy Village/Meshes/Fences/MSH_tdFV_Wood_Fence_1.fbx using Guid(4a9fa25393579f741914e5142a62d1d5) Importer(815301076,1909f56bfc062723c751e8b465ee728b)  -> (artifact id: '373449ca400cde6236528f07224b0151') in 0.022194 seconds 
========================================================================
Received Import Request.
  Time since last request: 3.653171 seconds.
  path: Assets/TriForge Assets/Top Down - Fantasy Village/Meshes/Fences/MSH_tdFV_Wood_Fence_1.fbx
  artifactKey: Guid(4a9fa25393579f741914e5142a62d1d5) Importer(815301076,1909f56bfc062723c751e8b465ee728b)
Start importing Assets/TriForge Assets/Top Down - Fantasy Village/Meshes/Fences/MSH_tdFV_Wood_Fence_1.fbx using Guid(4a9fa25393579f741914e5142a62d1d5) Importer(815301076,1909f56bfc062723c751e8b465ee728b)  -> (artifact id: '364b55438abef7d17cdd03181f749cc0') in 0.022505 seconds 
========================================================================
Received Import Request.
  Time since last request: 27.403024 seconds.
  path: Assets/TriForge Assets/Top Down - Fantasy Village/Meshes/Vegetation/MSH_tdFV_Tree_Med_1.fbx
  artifactKey: Guid(a5e5bedea1f80ac47b6cf451024ca139) Importer(815301076,1909f56bfc062723c751e8b465ee728b)
Start importing Assets/TriForge Assets/Top Down - Fantasy Village/Meshes/Vegetation/MSH_tdFV_Tree_Med_1.fbx using Guid(a5e5bedea1f80ac47b6cf451024ca139) Importer(815301076,1909f56bfc062723c751e8b465ee728b)  -> (artifact id: 'df7d29bc52869864391f88c2b6f9fc0e') in 1.045871 seconds 
========================================================================
Received Import Request.
  Time since last request: 43.027400 seconds.
  path: Assets/TriForge Assets/Top Down - Fantasy Village/Textures/Buildings
  artifactKey: Guid(1503da8a5b3dc934f88d3fe400217753) Importer(815301076,1909f56bfc062723c751e8b465ee728b)
Start importing Assets/TriForge Assets/Top Down - Fantasy Village/Textures/Buildings using Guid(1503da8a5b3dc934f88d3fe400217753) Importer(815301076,1909f56bfc062723c751e8b465ee728b)  -> (artifact id: '4c4134c7dc8e6bff20b402ec7f7d7a51') in 0.000967 seconds 
========================================================================
Received Import Request.
  Time since last request: 78.860272 seconds.
  path: Assets/Environment/Buildings/House_02.fbx
  artifactKey: Guid(3f907eb5b11901f4081de8fd2e69f789) Importer(815301076,1909f56bfc062723c751e8b465ee728b)
Start importing Assets/Environment/Buildings/House_02.fbx using Guid(3f907eb5b11901f4081de8fd2e69f789) Importer(815301076,1909f56bfc062723c751e8b465ee728b)  -> (artifact id: 'd5edfff39ea525b2bc4bd9f227d3aef0') in 0.026565 seconds 
========================================================================
Received Import Request.
  Time since last request: 1157.977232 seconds.
  path: Assets/Environment/Buildings/House_01_LITE.prefab
  artifactKey: Guid(e8261a97a7f761c4e8efce96a79a4a28) Importer(815301076,1909f56bfc062723c751e8b465ee728b)
Start importing Assets/Environment/Buildings/House_01_LITE.prefab using Guid(e8261a97a7f761c4e8efce96a79a4a28) Importer(815301076,1909f56bfc062723c751e8b465ee728b)  -> (artifact id: 'c3a64aa10265c19ef2413170d9fdaf4a') in 0.036335 seconds 
========================================================================
Received Import Request.
  Time since last request: 29.714330 seconds.
  path: Assets/Environment/Buildings/MSH_tdFV_House_2.prefab
  artifactKey: Guid(2233185d5cb9ba645895b77c48005a78) Importer(815301076,1909f56bfc062723c751e8b465ee728b)
Start importing Assets/Environment/Buildings/MSH_tdFV_House_2.prefab using Guid(2233185d5cb9ba645895b77c48005a78) Importer(815301076,1909f56bfc062723c751e8b465ee728b)  -> (artifact id: 'af271601f05c81f311be5dc05ab88669') in 0.021689 seconds 
========================================================================
Received Import Request.
  Time since last request: 43.517010 seconds.
  path: Assets/Environment/Buildings/House_02.prefab
  artifactKey: Guid(e89222999e58129428c2a14c038c7be9) Importer(815301076,1909f56bfc062723c751e8b465ee728b)
Start importing Assets/Environment/Buildings/House_02.prefab using Guid(e89222999e58129428c2a14c038c7be9) Importer(815301076,1909f56bfc062723c751e8b465ee728b)  -> (artifact id: 'b4e9d357ce256f72aa08c9e528c0d855') in 0.020500 seconds 
========================================================================
Received Import Request.
  Time since last request: 0.578832 seconds.
  path: Assets/Environment/Buildings/MSH_tdFV_House_2.prefab
  artifactKey: Guid(2233185d5cb9ba645895b77c48005a78) Importer(815301076,1909f56bfc062723c751e8b465ee728b)
Start importing Assets/Environment/Buildings/MSH_tdFV_House_2.prefab using Guid(2233185d5cb9ba645895b77c48005a78) Importer(815301076,1909f56bfc062723c751e8b465ee728b)  -> (artifact id: '8edc2d925f9a34d01633c91b1a286419') in 0.018069 seconds 
========================================================================
Received Import Request.
  Time since last request: 171.113601 seconds.
  path: Assets/TriForge Assets/Top Down - Fantasy Village/Textures/Buildings/T_tdFV_Roof_Tiles_2_BC.png
  artifactKey: Guid(8129e72dad39e314a93b80a74977b493) Importer(815301076,1909f56bfc062723c751e8b465ee728b)
Start importing Assets/TriForge Assets/Top Down - Fantasy Village/Textures/Buildings/T_tdFV_Roof_Tiles_2_BC.png using Guid(8129e72dad39e314a93b80a74977b493) Importer(815301076,1909f56bfc062723c751e8b465ee728b)  -> (artifact id: '80833f31ff9e90774d37c17623258d46') in 0.006425 seconds 
========================================================================
Received Import Request.
  Time since last request: 1.124686 seconds.
  path: Assets/TriForge Assets/Top Down - Fantasy Village/Textures/Buildings/T_tdFV_Fences_01_N.png
  artifactKey: Guid(b3df8559cdb03f6458dc76f713bc52d9) Importer(815301076,1909f56bfc062723c751e8b465ee728b)
Start importing Assets/TriForge Assets/Top Down - Fantasy Village/Textures/Buildings/T_tdFV_Fences_01_N.png using Guid(b3df8559cdb03f6458dc76f713bc52d9) Importer(815301076,1909f56bfc062723c751e8b465ee728b)  -> (artifact id: '9bb18c6d7fc630c8b5162145a32760d0') in 0.006995 seconds 
========================================================================
Received Import Request.
  Time since last request: 1.240427 seconds.
  path: Assets/TriForge Assets/Top Down - Fantasy Village/Textures/Buildings/T_tdFV_Plaster_Walls_1_N.png
  artifactKey: Guid(743261462ec9fd84aaec0e6deac10e31) Importer(815301076,1909f56bfc062723c751e8b465ee728b)
Start importing Assets/TriForge Assets/Top Down - Fantasy Village/Textures/Buildings/T_tdFV_Plaster_Walls_1_N.png using Guid(743261462ec9fd84aaec0e6deac10e31) Importer(815301076,1909f56bfc062723c751e8b465ee728b)  -> (artifact id: '2753e039c2f054a675c2f9b0fae8984c') in 0.006568 seconds 
========================================================================
Received Import Request.
  Time since last request: 0.392472 seconds.
  path: Assets/TriForge Assets/Top Down - Fantasy Village/Textures/Buildings/T_tdFV_Plaster_Walls_1_BC.png
  artifactKey: Guid(535b5b9d65de01e4c8b7cd2370668c48) Importer(815301076,1909f56bfc062723c751e8b465ee728b)
Start importing Assets/TriForge Assets/Top Down - Fantasy Village/Textures/Buildings/T_tdFV_Plaster_Walls_1_BC.png using Guid(535b5b9d65de01e4c8b7cd2370668c48) Importer(815301076,1909f56bfc062723c751e8b465ee728b)  -> (artifact id: 'cdabb81780e75eb7f50bcdfdc4a15c74') in 0.005428 seconds 
========================================================================
Received Import Request.
  Time since last request: 6.821075 seconds.
  path: Assets/TriForge Assets/Top Down - Fantasy Village/Textures/Buildings/T_tdFV_Fences_01_BC.png
  artifactKey: Guid(da4b66898c6cfff4fb3bab94b0b56ed2) Importer(815301076,1909f56bfc062723c751e8b465ee728b)
Start importing Assets/TriForge Assets/Top Down - Fantasy Village/Textures/Buildings/T_tdFV_Fences_01_BC.png using Guid(da4b66898c6cfff4fb3bab94b0b56ed2) Importer(815301076,1909f56bfc062723c751e8b465ee728b)  -> (artifact id: '79f3fc0f2d8e36065fc673fd63214c23') in 0.005835 seconds 
========================================================================
Received Import Request.
  Time since last request: 0.609077 seconds.
  path: Assets/TriForge Assets/Top Down - Fantasy Village/Textures/Buildings/T_tdFV_House_Parts_BC.png
  artifactKey: Guid(9bd312769f956ff4aaea74ab81f31ff9) Importer(815301076,1909f56bfc062723c751e8b465ee728b)
Start importing Assets/TriForge Assets/Top Down - Fantasy Village/Textures/Buildings/T_tdFV_House_Parts_BC.png using Guid(9bd312769f956ff4aaea74ab81f31ff9) Importer(815301076,1909f56bfc062723c751e8b465ee728b)  -> (artifact id: 'b8854d6d4b12f38706ca9f72ddb3d98c') in 0.005525 seconds 
========================================================================
Received Import Request.
  Time since last request: 2.163236 seconds.
  path: Assets/TriForge Assets/Top Down - Fantasy Village/Textures/Buildings/T_tdFV_House_Parts_E.png
  artifactKey: Guid(1fcf4efe14db9a147bde75a4a5a720e3) Importer(815301076,1909f56bfc062723c751e8b465ee728b)
Start importing Assets/TriForge Assets/Top Down - Fantasy Village/Textures/Buildings/T_tdFV_House_Parts_E.png using Guid(1fcf4efe14db9a147bde75a4a5a720e3) Importer(815301076,1909f56bfc062723c751e8b465ee728b)  -> (artifact id: 'acbff4f2613d66c38bd053f2c10d240a') in 0.005051 seconds 
========================================================================
Received Import Request.
  Time since last request: 0.165951 seconds.
  path: Assets/TriForge Assets/Top Down - Fantasy Village/Textures/Buildings/T_tdFV_House_Parts_M.png
  artifactKey: Guid(7fa2e56fbc979da4eb820eaafb0cfd03) Importer(815301076,1909f56bfc062723c751e8b465ee728b)
Start importing Assets/TriForge Assets/Top Down - Fantasy Village/Textures/Buildings/T_tdFV_House_Parts_M.png using Guid(7fa2e56fbc979da4eb820eaafb0cfd03) Importer(815301076,1909f56bfc062723c751e8b465ee728b)  -> (artifact id: '37b3bd4fca8321b55a258dc81e6faa3f') in 0.006606 seconds 
========================================================================
Received Import Request.
  Time since last request: 0.141970 seconds.
  path: Assets/TriForge Assets/Top Down - Fantasy Village/Textures/Buildings/T_tdFV_House_Parts_N.png
  artifactKey: Guid(ab73bc53f62374f468d94a374260ffc6) Importer(815301076,1909f56bfc062723c751e8b465ee728b)
Start importing Assets/TriForge Assets/Top Down - Fantasy Village/Textures/Buildings/T_tdFV_House_Parts_N.png using Guid(ab73bc53f62374f468d94a374260ffc6) Importer(815301076,1909f56bfc062723c751e8b465ee728b)  -> (artifact id: '5306e3bc46669300050cf1f604d2fc01') in 0.006606 seconds 
========================================================================
Received Import Request.
  Time since last request: 0.296122 seconds.
  path: Assets/TriForge Assets/Top Down - Fantasy Village/Textures/Buildings/T_tdFV_Plaster_Walls_1_M.png
  artifactKey: Guid(dc68bf6cbf8e08147a420b70f601fed1) Importer(815301076,1909f56bfc062723c751e8b465ee728b)
Start importing Assets/TriForge Assets/Top Down - Fantasy Village/Textures/Buildings/T_tdFV_Plaster_Walls_1_M.png using Guid(dc68bf6cbf8e08147a420b70f601fed1) Importer(815301076,1909f56bfc062723c751e8b465ee728b)  -> (artifact id: '2d7c5769e7673c03ee5ccb9a1af406cd') in 0.006705 seconds 
========================================================================
Received Import Request.
  Time since last request: 0.318402 seconds.
  path: Assets/TriForge Assets/Top Down - Fantasy Village/Textures/Buildings/T_tdFV_Roof_Tiles_1_M.png
  artifactKey: Guid(5f43a4505e61ad24685f16ed573f7d54) Importer(815301076,1909f56bfc062723c751e8b465ee728b)
Start importing Assets/TriForge Assets/Top Down - Fantasy Village/Textures/Buildings/T_tdFV_Roof_Tiles_1_M.png using Guid(5f43a4505e61ad24685f16ed573f7d54) Importer(815301076,1909f56bfc062723c751e8b465ee728b)  -> (artifact id: '751746d0c7519bd485428bfa737a62b5') in 0.007067 seconds 
========================================================================
Received Import Request.
  Time since last request: 0.136291 seconds.
  path: Assets/TriForge Assets/Top Down - Fantasy Village/Textures/Buildings/T_tdFV_Roof_Tiles_1_N.png
  artifactKey: Guid(cd68b306338de814ea90d659b3f4dd6e) Importer(815301076,1909f56bfc062723c751e8b465ee728b)
Start importing Assets/TriForge Assets/Top Down - Fantasy Village/Textures/Buildings/T_tdFV_Roof_Tiles_1_N.png using Guid(cd68b306338de814ea90d659b3f4dd6e) Importer(815301076,1909f56bfc062723c751e8b465ee728b)  -> (artifact id: '6b46c98412ad1f288849971d9712027b') in 0.006453 seconds 
========================================================================
Received Prepare
Registering precompiled user dll's ...
Registered in 0.002696 seconds.
Begin MonoManager ReloadAssembly
Symbol file LoadedFromMemory doesn't match image D:\UnityProjects\GardenOfDreams\Library\PackageCache\com.unity.visualscripting@1.8.0\Editor\VisualScripting.Core\Dependencies\YamlDotNet\Unity.VisualScripting.YamlDotNet.dll
Symbol file LoadedFromMemory doesn't match image D:\UnityProjects\GardenOfDreams\Library\PackageCache\com.unity.visualscripting@1.8.0\Editor\VisualScripting.Core\Dependencies\DotNetZip\Unity.VisualScripting.IonicZip.dll
Native extension for WindowsStandalone target not found
Native extension for Android target not found
Native extension for WebGL target not found
Refreshing native plugins compatible for Editor in 0.47 ms, found 3 plugins.
Preloading 0 native plugins for Editor in 0.00 ms.
Mono: successfully reloaded assembly
- Completed reload, in  0.801 seconds
Domain Reload Profiling:
	ReloadAssembly (801ms)
		BeginReloadAssembly (124ms)
			ExecutionOrderSort (0ms)
			DisableScriptedObjects (4ms)
			BackupInstance (0ms)
			ReleaseScriptingObjects (0ms)
			CreateAndSetChildDomain (34ms)
		EndReloadAssembly (594ms)
			LoadAssemblies (75ms)
			RebuildTransferFunctionScriptingTraits (0ms)
			SetupTypeCache (227ms)
			ReleaseScriptCaches (1ms)
			RebuildScriptCaches (36ms)
			SetupLoadedEditorAssemblies (231ms)
				LogAssemblyErrors (0ms)
				InitializePlatformSupportModulesInManaged (17ms)
				SetLoadedEditorAssemblies (0ms)
				RefreshPlugins (1ms)
				BeforeProcessingInitializeOnLoad (41ms)
				ProcessInitializeOnLoadAttributes (147ms)
				ProcessInitializeOnLoadMethodAttributes (18ms)
				AfterProcessingInitializeOnLoad (6ms)
				EditorAssembliesLoaded (0ms)
			ExecutionOrderSort2 (0ms)
			AwakeInstancesAfterBackupRestoration (5ms)
Platform modules already initialized, skipping
Refreshing native plugins compatible for Editor in 1.11 ms, found 3 plugins.
Preloading 0 native plugins for Editor in 0.00 ms.
Unloading 3046 Unused Serialized files (Serialized files now loaded: 0)
Unloading 16 unused Assets / (24.7 KB). Loaded Objects now: 3575.
Memory consumption went from 127.6 MB to 127.5 MB.
Total: 2.242800 ms (FindLiveObjects: 0.162700 ms CreateObjectMapping: 0.060100 ms MarkObjects: 2.003300 ms  DeleteObjects: 0.016000 ms)

AssetImportParameters requested are different than current active one (requested -> active):
  custom:video-decoder-ogg-theora: a1e56fd34408186e4bbccfd4996cb3dc -> 
  custom:container-muxer-webm: aa71ff27fc2769a1b78a27578f13a17b -> 
  custom:container-demuxer-webm: 4f35f7cbe854078d1ac9338744f61a02 -> 
  custom:video-encoder-webm-vp8: eb34c28f22e8b96e1ab97ce403110664 -> 
  custom:video-codec-MediaFoundation-h265: 746d11721c4dcdbdad8f713fa42b33f4 -> 
  custom:audio-encoder-webm-vorbis: bf7c407c2cedff20999df2af8eb42d56 -> 
  custom:framework-win-MediaFoundation: 216162199b28c13a410421893ffa2e32 -> 
  custom:container-demuxer-ogg: 62fdf1f143b41e24485cea50d1cbac27 -> 
  custom:video-decoder-webm-vp8: 9c59270c3fd7afecdb556c50c9e8de78 -> 
  custom:audio-decoder-ogg-vorbis: bf7c407c2cedff20999df2af8eb42d56 -> 
========================================================================
Received Import Request.
  Time since last request: 329.298806 seconds.
  path: Assets/Charttyp/Stylized fantasy pagan village/Meshes/Branch_1.fbx
  artifactKey: Guid(c51cb65e468f4aa4ca01ded3c255c885) Importer(815301076,1909f56bfc062723c751e8b465ee728b)
Start importing Assets/Charttyp/Stylized fantasy pagan village/Meshes/Branch_1.fbx using Guid(c51cb65e468f4aa4ca01ded3c255c885) Importer(815301076,1909f56bfc062723c751e8b465ee728b)  -> (artifact id: 'f823105d5d0982984c0447d9238519aa') in 0.068178 seconds 
========================================================================
Received Import Request.
  Time since last request: 1.236507 seconds.
  path: Assets/Charttyp/Stylized fantasy pagan village/Meshes/Bush_2.fbx
  artifactKey: Guid(9f6c8235514a16a4f997f038f55fc018) Importer(815301076,1909f56bfc062723c751e8b465ee728b)
Start importing Assets/Charttyp/Stylized fantasy pagan village/Meshes/Bush_2.fbx using Guid(9f6c8235514a16a4f997f038f55fc018) Importer(815301076,1909f56bfc062723c751e8b465ee728b)  -> (artifact id: '48a29ba5842e94082555eece4b50f222') in 0.008415 seconds 
========================================================================
Received Import Request.
  Time since last request: 0.397257 seconds.
  path: Assets/Charttyp/Stylized fantasy pagan village/Meshes/Chest_1.fbx
  artifactKey: Guid(82ec328cfe12f4940b8789308622f562) Importer(815301076,1909f56bfc062723c751e8b465ee728b)
Start importing Assets/Charttyp/Stylized fantasy pagan village/Meshes/Chest_1.fbx using Guid(82ec328cfe12f4940b8789308622f562) Importer(815301076,1909f56bfc062723c751e8b465ee728b)  -> (artifact id: 'b5c31694574423de96b3ecac53859a17') in 0.007083 seconds 
========================================================================
Received Import Request.
  Time since last request: 0.265217 seconds.
  path: Assets/Charttyp/Stylized fantasy pagan village/Meshes/Chest_plank_apple.fbx
  artifactKey: Guid(13c18d3e709b60d40b143c8d157e5287) Importer(815301076,1909f56bfc062723c751e8b465ee728b)
Start importing Assets/Charttyp/Stylized fantasy pagan village/Meshes/Chest_plank_apple.fbx using Guid(13c18d3e709b60d40b143c8d157e5287) Importer(815301076,1909f56bfc062723c751e8b465ee728b)  -> (artifact id: 'b49957d54a03858e8de7281cefde2964') in 0.006860 seconds 
========================================================================
Received Import Request.
  Time since last request: 0.249316 seconds.
  path: Assets/Charttyp/Stylized fantasy pagan village/Meshes/Fence_1.fbx
  artifactKey: Guid(49d931236c568f3419a6c10df1cf6a11) Importer(815301076,1909f56bfc062723c751e8b465ee728b)
Start importing Assets/Charttyp/Stylized fantasy pagan village/Meshes/Fence_1.fbx using Guid(49d931236c568f3419a6c10df1cf6a11) Importer(815301076,1909f56bfc062723c751e8b465ee728b)  -> (artifact id: '93c08bd3658290bdd9b467d7e01aa58d') in 0.006538 seconds 
========================================================================
Received Import Request.
  Time since last request: 0.285217 seconds.
  path: Assets/Charttyp/Stylized fantasy pagan village/Meshes/Fence_branches_1.fbx
  artifactKey: Guid(4431296f851368b44ad30f882386bf93) Importer(815301076,1909f56bfc062723c751e8b465ee728b)
Start importing Assets/Charttyp/Stylized fantasy pagan village/Meshes/Fence_branches_1.fbx using Guid(4431296f851368b44ad30f882386bf93) Importer(815301076,1909f56bfc062723c751e8b465ee728b)  -> (artifact id: '504d3b0d4a2033ccc59d5834569fc2b6') in 0.006839 seconds 
========================================================================
Received Import Request.
  Time since last request: 0.302430 seconds.
  path: Assets/Charttyp/Stylized fantasy pagan village/Meshes/Flower_1.fbx
  artifactKey: Guid(79645b96a166fa54e89299aad704098f) Importer(815301076,1909f56bfc062723c751e8b465ee728b)
Start importing Assets/Charttyp/Stylized fantasy pagan village/Meshes/Flower_1.fbx using Guid(79645b96a166fa54e89299aad704098f) Importer(815301076,1909f56bfc062723c751e8b465ee728b)  -> (artifact id: '2e7d82487d97dc64ca145e61d915a504') in 0.006906 seconds 
========================================================================
Received Import Request.
  Time since last request: 0.322775 seconds.
  path: Assets/Charttyp/Stylized fantasy pagan village/Meshes/Grass_1.fbx
  artifactKey: Guid(f5e8516e3e7f295408228dd49fa0323f) Importer(815301076,1909f56bfc062723c751e8b465ee728b)
Start importing Assets/Charttyp/Stylized fantasy pagan village/Meshes/Grass_1.fbx using Guid(f5e8516e3e7f295408228dd49fa0323f) Importer(815301076,1909f56bfc062723c751e8b465ee728b)  -> (artifact id: 'a271e412949f0f4115173621d84d02f0') in 0.006528 seconds 
========================================================================
Received Import Request.
  Time since last request: 0.350731 seconds.
  path: Assets/Charttyp/Stylized fantasy pagan village/Meshes/House_1.fbx
  artifactKey: Guid(778b4323b8b53d942a8e2263c166eec4) Importer(815301076,1909f56bfc062723c751e8b465ee728b)
Start importing Assets/Charttyp/Stylized fantasy pagan village/Meshes/House_1.fbx using Guid(778b4323b8b53d942a8e2263c166eec4) Importer(815301076,1909f56bfc062723c751e8b465ee728b)  -> (artifact id: '571c377ebb00bb56790d825902534f5d') in 0.450929 seconds 
========================================================================
Received Import Request.
  Time since last request: 1.406133 seconds.
  path: Assets/Charttyp/Stylized fantasy pagan village/Meshes/Laundry_hanger_1.fbx
  artifactKey: Guid(9e2ff0527d1116f49a10ae9a86537a9a) Importer(815301076,1909f56bfc062723c751e8b465ee728b)
Start importing Assets/Charttyp/Stylized fantasy pagan village/Meshes/Laundry_hanger_1.fbx using Guid(9e2ff0527d1116f49a10ae9a86537a9a) Importer(815301076,1909f56bfc062723c751e8b465ee728b)  -> (artifact id: '4180601675fd4433b67b5e0d7bea2f4c') in 0.007690 seconds 
========================================================================
Received Import Request.
  Time since last request: 3.332877 seconds.
  path: Assets/Charttyp/Stylized fantasy pagan village/Meshes/House_03.fbx
  artifactKey: Guid(778b4323b8b53d942a8e2263c166eec4) Importer(815301076,1909f56bfc062723c751e8b465ee728b)
Start importing Assets/Charttyp/Stylized fantasy pagan village/Meshes/House_03.fbx using Guid(778b4323b8b53d942a8e2263c166eec4) Importer(815301076,1909f56bfc062723c751e8b465ee728b)  -> (artifact id: 'c4e16394d9825f701639180fb963da7c') in 0.445409 seconds 
========================================================================
Received Import Request.
  Time since last request: 2.437617 seconds.
  path: Assets/Charttyp/Stylized fantasy pagan village/Meshes/Wheelbarrow.fbx
  artifactKey: Guid(87014aa826997d348a29ce823a9b74c1) Importer(815301076,1909f56bfc062723c751e8b465ee728b)
Start importing Assets/Charttyp/Stylized fantasy pagan village/Meshes/Wheelbarrow.fbx using Guid(87014aa826997d348a29ce823a9b74c1) Importer(815301076,1909f56bfc062723c751e8b465ee728b)  -> (artifact id: 'dd78b49e957bd604cccdcdf42e9ad7d8') in 0.014096 seconds 
========================================================================
Received Import Request.
  Time since last request: 1.153496 seconds.
  path: Assets/Charttyp/Stylized fantasy pagan village/Meshes/Tree_1.fbx
  artifactKey: Guid(a2bf7084e0f47f94ab48f69cf361b074) Importer(815301076,1909f56bfc062723c751e8b465ee728b)
Start importing Assets/Charttyp/Stylized fantasy pagan village/Meshes/Tree_1.fbx using Guid(a2bf7084e0f47f94ab48f69cf361b074) Importer(815301076,1909f56bfc062723c751e8b465ee728b)  -> (artifact id: 'bbaddfe396cbafa7a00c607ea2ee4b6b') in 0.007451 seconds 
========================================================================
Received Import Request.
  Time since last request: 0.520698 seconds.
  path: Assets/Charttyp/Stylized fantasy pagan village/Meshes/Sack_closed_2.fbx
  artifactKey: Guid(4b3558f780e53b74a9052d7b4e233fbf) Importer(815301076,1909f56bfc062723c751e8b465ee728b)
Start importing Assets/Charttyp/Stylized fantasy pagan village/Meshes/Sack_closed_2.fbx using Guid(4b3558f780e53b74a9052d7b4e233fbf) Importer(815301076,1909f56bfc062723c751e8b465ee728b)  -> (artifact id: '15be2a4f5b0a7c1ee298c1621e3b6c86') in 0.006426 seconds 
========================================================================
Received Import Request.
  Time since last request: 19.633753 seconds.
  path: Assets/Charttyp/Stylized fantasy pagan village/Materials/Material_1.mat
  artifactKey: Guid(a2b9ddfd4fdbfbb4c8bbf36fe58d28b4) Importer(815301076,1909f56bfc062723c751e8b465ee728b)
Start importing Assets/Charttyp/Stylized fantasy pagan village/Materials/Material_1.mat using Guid(a2b9ddfd4fdbfbb4c8bbf36fe58d28b4) Importer(815301076,1909f56bfc062723c751e8b465ee728b)  -> (artifact id: '6984215c320f7113988c522fa85653ac') in 0.029695 seconds 
========================================================================
Received Import Request.
  Time since last request: 0.000016 seconds.
  path: Assets/Charttyp/Stylized fantasy pagan village/Materials/Material_3.mat
  artifactKey: Guid(2d966525461c54040bc242b3cb382ad6) Importer(815301076,1909f56bfc062723c751e8b465ee728b)
Start importing Assets/Charttyp/Stylized fantasy pagan village/Materials/Material_3.mat using Guid(2d966525461c54040bc242b3cb382ad6) Importer(815301076,1909f56bfc062723c751e8b465ee728b)  -> (artifact id: 'a413646cfb6e85a43d2dbb7013a1788e') in 0.008321 seconds 
========================================================================
Received Import Request.
  Time since last request: 0.000015 seconds.
  path: Assets/Charttyp/Stylized fantasy pagan village/Materials/Material_4.mat
  artifactKey: Guid(b9d89a2f05eebc5409ce5fe34a498f0f) Importer(815301076,1909f56bfc062723c751e8b465ee728b)
Start importing Assets/Charttyp/Stylized fantasy pagan village/Materials/Material_4.mat using Guid(b9d89a2f05eebc5409ce5fe34a498f0f) Importer(815301076,1909f56bfc062723c751e8b465ee728b)  -> (artifact id: '28a51c09e3cb3b3cbd0342274f70970d') in 0.009639 seconds 
========================================================================
Received Import Request.
  Time since last request: 0.000014 seconds.
  path: Assets/Charttyp/Stylized fantasy pagan village/Materials/Material_6.mat
  artifactKey: Guid(efe8ba70e4e17b7429b107de9f88972d) Importer(815301076,1909f56bfc062723c751e8b465ee728b)
Start importing Assets/Charttyp/Stylized fantasy pagan village/Materials/Material_6.mat using Guid(efe8ba70e4e17b7429b107de9f88972d) Importer(815301076,1909f56bfc062723c751e8b465ee728b)  -> (artifact id: 'bd9dd5651fc0f9ca3fbaf04c7d524aac') in 0.008801 seconds 
========================================================================
Received Import Request.
  Time since last request: 0.000017 seconds.
  path: Assets/Charttyp/Stylized fantasy pagan village/Materials/Material_5.mat
  artifactKey: Guid(cdac03f89934c9e4590ce77ceb8f24ca) Importer(815301076,1909f56bfc062723c751e8b465ee728b)
Start importing Assets/Charttyp/Stylized fantasy pagan village/Materials/Material_5.mat using Guid(cdac03f89934c9e4590ce77ceb8f24ca) Importer(815301076,1909f56bfc062723c751e8b465ee728b)  -> (artifact id: 'b33db2c680ee339fbcc5d5e898281deb') in 0.008930 seconds 
========================================================================
Received Import Request.
  Time since last request: 0.000014 seconds.
  path: Assets/Charttyp/Stylized fantasy pagan village/Materials/Material_8.mat
  artifactKey: Guid(8a03a6669701b46478daa6180528ed71) Importer(815301076,1909f56bfc062723c751e8b465ee728b)
Start importing Assets/Charttyp/Stylized fantasy pagan village/Materials/Material_8.mat using Guid(8a03a6669701b46478daa6180528ed71) Importer(815301076,1909f56bfc062723c751e8b465ee728b)  -> (artifact id: '48f6d845e960f3864fd64b6581b81703') in 0.122029 seconds 
========================================================================
Received Import Request.
  Time since last request: 199.482747 seconds.
  path: Assets/Charttyp/Stylized fantasy pagan village/Prefabs/Branch_1.prefab
  artifactKey: Guid(95eec7eaaa07f9d4eb9c3defb4ccbe5c) Importer(815301076,1909f56bfc062723c751e8b465ee728b)
Start importing Assets/Charttyp/Stylized fantasy pagan village/Prefabs/Branch_1.prefab using Guid(95eec7eaaa07f9d4eb9c3defb4ccbe5c) Importer(815301076,1909f56bfc062723c751e8b465ee728b)  -> (artifact id: '68c811799d2a5a61c97a464870929d5b') in 0.009867 seconds 
========================================================================
Received Import Request.
  Time since last request: 0.001425 seconds.
  path: Assets/Charttyp/Stylized fantasy pagan village/Prefabs/Chest_1.prefab
  artifactKey: Guid(a2d0e5373a1b63a4698a18db0e1839ae) Importer(815301076,1909f56bfc062723c751e8b465ee728b)
Start importing Assets/Charttyp/Stylized fantasy pagan village/Prefabs/Chest_1.prefab using Guid(a2d0e5373a1b63a4698a18db0e1839ae) Importer(815301076,1909f56bfc062723c751e8b465ee728b)  -> (artifact id: '2632b9e07326c1201d68110c8bdf2ab8') in 0.009807 seconds 
========================================================================
Received Import Request.
  Time since last request: 0.000013 seconds.
  path: Assets/Charttyp/Stylized fantasy pagan village/Prefabs/Sack_closed_2.prefab
  artifactKey: Guid(a4300ec32e38bfa45b153f339877e151) Importer(815301076,1909f56bfc062723c751e8b465ee728b)
Start importing Assets/Charttyp/Stylized fantasy pagan village/Prefabs/Sack_closed_2.prefab using Guid(a4300ec32e38bfa45b153f339877e151) Importer(815301076,1909f56bfc062723c751e8b465ee728b)  -> (artifact id: 'b89cbc3f115589d8695e8b4e8a76a329') in 0.009076 seconds 
========================================================================
Received Import Request.
  Time since last request: 0.000013 seconds.
  path: Assets/Charttyp/Stylized fantasy pagan village/Prefabs/Bush_2.prefab
  artifactKey: Guid(3cb555c6203471443b9a188e07a6c0dc) Importer(815301076,1909f56bfc062723c751e8b465ee728b)
Start importing Assets/Charttyp/Stylized fantasy pagan village/Prefabs/Bush_2.prefab using Guid(3cb555c6203471443b9a188e07a6c0dc) Importer(815301076,1909f56bfc062723c751e8b465ee728b)  -> (artifact id: '3072dbde1594d145d2970d4dd7edbcdf') in 0.011731 seconds 
========================================================================
Received Import Request.
  Time since last request: 0.000025 seconds.
  path: Assets/Charttyp/Stylized fantasy pagan village/Prefabs/Grass_1.prefab
  artifactKey: Guid(2f6e2101e3cef964da1236f884c3e582) Importer(815301076,1909f56bfc062723c751e8b465ee728b)
Start importing Assets/Charttyp/Stylized fantasy pagan village/Prefabs/Grass_1.prefab using Guid(2f6e2101e3cef964da1236f884c3e582) Importer(815301076,1909f56bfc062723c751e8b465ee728b)  -> (artifact id: '6b526dd6b6c011d103b38ebe71972bba') in 0.006790 seconds 
========================================================================
Received Import Request.
  Time since last request: 0.000015 seconds.
  path: Assets/Charttyp/Stylized fantasy pagan village/Prefabs/Chest_plank_apple.prefab
  artifactKey: Guid(2146705ef107259438aca88b0e511407) Importer(815301076,1909f56bfc062723c751e8b465ee728b)
Start importing Assets/Charttyp/Stylized fantasy pagan village/Prefabs/Chest_plank_apple.prefab using Guid(2146705ef107259438aca88b0e511407) Importer(815301076,1909f56bfc062723c751e8b465ee728b)  -> (artifact id: 'bbebcda42f4630836f75f2393aaf516f') in 0.009891 seconds 
========================================================================
Received Import Request.
  Time since last request: 0.000014 seconds.
  path: Assets/Charttyp/Stylized fantasy pagan village/Prefabs/Laundry_hanger_1.prefab
  artifactKey: Guid(50b05f5887ffab04cada141d5819faca) Importer(815301076,1909f56bfc062723c751e8b465ee728b)
Start importing Assets/Charttyp/Stylized fantasy pagan village/Prefabs/Laundry_hanger_1.prefab using Guid(50b05f5887ffab04cada141d5819faca) Importer(815301076,1909f56bfc062723c751e8b465ee728b)  -> (artifact id: '6d47c39d602e897bcd63f2624a79d899') in 0.008430 seconds 
========================================================================
Received Import Request.
  Time since last request: 0.000013 seconds.
  path: Assets/Charttyp/Stylized fantasy pagan village/Prefabs/Wheelbarrow.prefab
  artifactKey: Guid(74da8838202e91e4cb48cbb796610a97) Importer(815301076,1909f56bfc062723c751e8b465ee728b)
Start importing Assets/Charttyp/Stylized fantasy pagan village/Prefabs/Wheelbarrow.prefab using Guid(74da8838202e91e4cb48cbb796610a97) Importer(815301076,1909f56bfc062723c751e8b465ee728b)  -> (artifact id: '4e2273b6e83dd4108795876c0ba43031') in 0.010155 seconds 
========================================================================
Received Import Request.
  Time since last request: 0.000023 seconds.
  path: Assets/Charttyp/Stylized fantasy pagan village/Prefabs/Tree_1.prefab
  artifactKey: Guid(619c342820c174545838ce1822bb5552) Importer(815301076,1909f56bfc062723c751e8b465ee728b)
Start importing Assets/Charttyp/Stylized fantasy pagan village/Prefabs/Tree_1.prefab using Guid(619c342820c174545838ce1822bb5552) Importer(815301076,1909f56bfc062723c751e8b465ee728b)  -> (artifact id: 'e69d8ce8e9a5782a167b24bd06646e97') in 0.013368 seconds 
========================================================================
Received Import Request.
  Time since last request: 0.794296 seconds.
  path: Assets/Charttyp/Stylized fantasy pagan village/Terrain/Ground_dirt_1_grass_1.png
  artifactKey: Guid(9aa2192db4d37fc4a84b7edce7e2cf64) Importer(815301076,1909f56bfc062723c751e8b465ee728b)
Start importing Assets/Charttyp/Stylized fantasy pagan village/Terrain/Ground_dirt_1_grass_1.png using Guid(9aa2192db4d37fc4a84b7edce7e2cf64) Importer(815301076,1909f56bfc062723c751e8b465ee728b)  -> (artifact id: '4b8882eece5bf416cc4c8d165d35f4d9') in 0.011829 seconds 
========================================================================
Received Import Request.
  Time since last request: 0.000014 seconds.
  path: Assets/Charttyp/Stylized fantasy pagan village/Terrain/Ground_dirt_1_grass_1.terrainlayer
  artifactKey: Guid(87fe837065b500541b34632497beb088) Importer(815301076,1909f56bfc062723c751e8b465ee728b)
Start importing Assets/Charttyp/Stylized fantasy pagan village/Terrain/Ground_dirt_1_grass_1.terrainlayer using Guid(87fe837065b500541b34632497beb088) Importer(815301076,1909f56bfc062723c751e8b465ee728b)  -> (artifact id: 'eb43958569527a17c5590aa0df465e41') in 0.009656 seconds 
Editor requested this worker to shutdown with reason: Scaling down because of idle timeout
AssetImportWorker is now disconnected from the server
Process exiting
Exiting without the bug reporter. Application will terminate with return code 0